/home/pradeshi/ros2_ws3/install/lane_detector/lib/python3.10/site-packages/lane_detector/__init__.py
/home/pradeshi/ros2_ws3/install/lane_detector/lib/python3.10/site-packages/lane_detector/opencv_subscriber.py
/home/pradeshi/ros2_ws3/install/lane_detector/lib/python3.10/site-packages/lane_detector/motor_controller.py
/home/pradeshi/ros2_ws3/install/lane_detector/lib/python3.10/site-packages/lane_detector/camera_publisher.py
/home/pradeshi/ros2_ws3/install/lane_detector/lib/python3.10/site-packages/lane_detector/__pycache__/__init__.cpython-310.pyc
/home/pradeshi/ros2_ws3/install/lane_detector/lib/python3.10/site-packages/lane_detector/__pycache__/opencv_subscriber.cpython-310.pyc
/home/pradeshi/ros2_ws3/install/lane_detector/lib/python3.10/site-packages/lane_detector/__pycache__/motor_controller.cpython-310.pyc
/home/pradeshi/ros2_ws3/install/lane_detector/lib/python3.10/site-packages/lane_detector/__pycache__/camera_publisher.cpython-310.pyc
/home/pradeshi/ros2_ws3/install/lane_detector/share/ament_index/resource_index/packages/lane_detector
/home/pradeshi/ros2_ws3/install/lane_detector/share/lane_detector/package.xml
/home/pradeshi/ros2_ws3/install/lane_detector/lib/python3.10/site-packages/lane_detector-0.0.0-py3.10.egg-info/top_level.txt
/home/pradeshi/ros2_ws3/install/lane_detector/lib/python3.10/site-packages/lane_detector-0.0.0-py3.10.egg-info/SOURCES.txt
/home/pradeshi/ros2_ws3/install/lane_detector/lib/python3.10/site-packages/lane_detector-0.0.0-py3.10.egg-info/entry_points.txt
/home/pradeshi/ros2_ws3/install/lane_detector/lib/python3.10/site-packages/lane_detector-0.0.0-py3.10.egg-info/zip-safe
/home/pradeshi/ros2_ws3/install/lane_detector/lib/python3.10/site-packages/lane_detector-0.0.0-py3.10.egg-info/dependency_links.txt
/home/pradeshi/ros2_ws3/install/lane_detector/lib/python3.10/site-packages/lane_detector-0.0.0-py3.10.egg-info/requires.txt
/home/pradeshi/ros2_ws3/install/lane_detector/lib/python3.10/site-packages/lane_detector-0.0.0-py3.10.egg-info/PKG-INFO
/home/pradeshi/ros2_ws3/install/lane_detector/lib/lane_detector/opencv_sub
/home/pradeshi/ros2_ws3/install/lane_detector/lib/lane_detector/twist_sub
/home/pradeshi/ros2_ws3/install/lane_detector/lib/lane_detector/webcam_pub
