[1.450s] Invoking command in '/home/pradeshi/ros2_ws3/build/lane_detector': PYTHONPATH=/home/pradeshi/ros2_ws3/build/lane_detector/prefix_override:/home/pradeshi/ros2_ws3/install/lane_detector/lib/python3.10/site-packages:${PYTHONPATH} /usr/bin/python3 setup.py develop --uninstall --editable --build-directory /home/pradeshi/ros2_ws3/build/lane_detector/build
[1.945s] running develop
[2.406s] Invoked command in '/home/pradeshi/ros2_ws3/build/lane_detector' returned '0': PYTHONPATH=/home/pradeshi/ros2_ws3/build/lane_detector/prefix_override:/home/pradeshi/ros2_ws3/install/lane_detector/lib/python3.10/site-packages:${PYTHONPATH} /usr/bin/python3 setup.py develop --uninstall --editable --build-directory /home/pradeshi/ros2_ws3/build/lane_detector/build
[2.411s] Invoking command in '/home/pradeshi/ros2_ws3/src/lane_detector': PYTHONPATH=/home/pradeshi/ros2_ws3/build/lane_detector/prefix_override:/home/pradeshi/ros2_ws3/install/lane_detector/lib/python3.10/site-packages:${PYTHONPATH} /usr/bin/python3 setup.py egg_info --egg-base ../../build/lane_detector build --build-base /home/pradeshi/ros2_ws3/build/lane_detector/build install --record /home/pradeshi/ros2_ws3/build/lane_detector/install.log --single-version-externally-managed
[2.946s] running egg_info
[2.948s] writing ../../build/lane_detector/lane_detector.egg-info/PKG-INFO
[2.949s] writing dependency_links to ../../build/lane_detector/lane_detector.egg-info/dependency_links.txt
[2.950s] writing entry points to ../../build/lane_detector/lane_detector.egg-info/entry_points.txt
[2.951s] writing requirements to ../../build/lane_detector/lane_detector.egg-info/requires.txt
[2.952s] writing top-level names to ../../build/lane_detector/lane_detector.egg-info/top_level.txt
[2.958s] reading manifest file '../../build/lane_detector/lane_detector.egg-info/SOURCES.txt'
[2.960s] writing manifest file '../../build/lane_detector/lane_detector.egg-info/SOURCES.txt'
[2.961s] running build
[2.962s] running build_py
[2.962s] copying lane_detector/video_subscriber.py -> /home/pradeshi/ros2_ws3/build/lane_detector/build/lib/lane_detector
[2.963s] running install
[2.964s] running install_lib
[2.966s] copying /home/pradeshi/ros2_ws3/build/lane_detector/build/lib/lane_detector/video_subscriber.py -> /home/pradeshi/ros2_ws3/install/lane_detector/lib/python3.10/site-packages/lane_detector
[2.967s] byte-compiling /home/pradeshi/ros2_ws3/install/lane_detector/lib/python3.10/site-packages/lane_detector/video_subscriber.py to video_subscriber.cpython-310.pyc
[2.970s] running install_data
[2.976s] running install_egg_info
[2.976s] removing '/home/pradeshi/ros2_ws3/install/lane_detector/lib/python3.10/site-packages/lane_detector-0.0.0-py3.10.egg-info' (and everything under it)
[2.979s] Copying ../../build/lane_detector/lane_detector.egg-info to /home/pradeshi/ros2_ws3/install/lane_detector/lib/python3.10/site-packages/lane_detector-0.0.0-py3.10.egg-info
[2.979s] running install_scripts
[3.014s] Installing opencv_sub script to /home/pradeshi/ros2_ws3/install/lane_detector/lib/lane_detector
[3.015s] Installing webcam_pub script to /home/pradeshi/ros2_ws3/install/lane_detector/lib/lane_detector
[3.017s] writing list of installed files to '/home/pradeshi/ros2_ws3/build/lane_detector/install.log'
[3.072s] Invoked command in '/home/pradeshi/ros2_ws3/src/lane_detector' returned '0': PYTHONPATH=/home/pradeshi/ros2_ws3/build/lane_detector/prefix_override:/home/pradeshi/ros2_ws3/install/lane_detector/lib/python3.10/site-packages:${PYTHONPATH} /usr/bin/python3 setup.py egg_info --egg-base ../../build/lane_detector build --build-base /home/pradeshi/ros2_ws3/build/lane_detector/build install --record /home/pradeshi/ros2_ws3/build/lane_detector/install.log --single-version-externally-managed
