[0.120s] Invoking command in '/home/pradeshi/ros2_ws3/build/teleop_tools_msgs': CMAKE_PREFIX_PATH=/home/pradeshi/ros2_ws3/install/lane_detector:/opt/ros/humble /usr/bin/cmake /home/pradeshi/ros2_ws3/src/teleop_tools/teleop_tools_msgs -DCMAKE_INSTALL_PREFIX=/home/pradeshi/ros2_ws3/install/teleop_tools_msgs
[0.595s] -- The C compiler identification is GNU 11.3.0
[1.033s] -- The CXX compiler identification is GNU 11.3.0
[1.095s] -- Detecting C compiler ABI info
[1.536s] -- Detecting C compiler ABI info - done
[1.576s] -- Check for working C compiler: /usr/bin/cc - skipped
[1.576s] -- Detecting C compile features
[1.583s] -- Detecting C compile features - done
[1.595s] -- Detecting CXX compiler ABI info
[1.964s] -- Detecting CXX compiler ABI info - done
[1.990s] -- Check for working CXX compiler: /usr/bin/c++ - skipped
[2.002s] -- Detecting CXX compile features
[2.003s] -- Detecting CXX compile features - done
[2.046s] -- Found ament_cmake: 1.3.4 (/opt/ros/humble/share/ament_cmake/cmake)
[2.606s] -- Found Python3: /usr/bin/python3.10 (found version "3.10.6") found components: Interpreter 
[3.021s] -- Found rosidl_default_generators: 1.2.0 (/opt/ros/humble/share/rosidl_default_generators/cmake)
[3.045s] -- Using all available rosidl_typesupport_c: rosidl_typesupport_fastrtps_c;rosidl_typesupport_introspection_c
[3.081s] -- Found rosidl_adapter: 3.1.4 (/opt/ros/humble/share/rosidl_adapter/cmake)
[3.292s] -- Using all available rosidl_typesupport_cpp: rosidl_typesupport_fastrtps_cpp;rosidl_typesupport_introspection_cpp
[3.633s] -- Found ament_lint_auto: 0.12.6 (/opt/ros/humble/share/ament_lint_auto/cmake)
[4.972s] -- Found ament_cmake_ros: 0.10.0 (/opt/ros/humble/share/ament_cmake_ros/cmake)
[5.589s] -- Using all available rosidl_typesupport_c: rosidl_typesupport_fastrtps_c;rosidl_typesupport_introspection_c
[6.413s] -- Using all available rosidl_typesupport_cpp: rosidl_typesupport_fastrtps_cpp;rosidl_typesupport_introspection_cpp
[6.544s] -- Found PythonInterp: /usr/bin/python3 (found suitable version "3.10.6", minimum required is "3.6") 
[6.558s] -- Found python_cmake_module: 0.10.0 (/opt/ros/humble/share/python_cmake_module/cmake)
[6.743s] -- Found PythonLibs: /usr/lib/x86_64-linux-gnu/libpython3.10.so (found suitable version "3.10.6", minimum required is "3.5") 
[6.745s] -- Using PYTHON_EXECUTABLE: /usr/bin/python3
[6.750s] -- Using PYTHON_INCLUDE_DIRS: /usr/include/python3.10
[6.751s] -- Using PYTHON_LIBRARIES: /usr/lib/x86_64-linux-gnu/libpython3.10.so
[6.827s] -- Found PythonExtra: .so  
[6.979s] -- Added test 'copyright' to check source files copyright and LICENSE
[6.990s] -- Added test 'lint_cmake' to check CMake code style
[6.996s] -- Added test 'xmllint' to check XML markup files
[7.036s] -- Configuring done
[7.160s] -- Generating done
[7.174s] -- Build files have been written to: /home/pradeshi/ros2_ws3/build/teleop_tools_msgs
[7.201s] Invoked command in '/home/pradeshi/ros2_ws3/build/teleop_tools_msgs' returned '0': CMAKE_PREFIX_PATH=/home/pradeshi/ros2_ws3/install/lane_detector:/opt/ros/humble /usr/bin/cmake /home/pradeshi/ros2_ws3/src/teleop_tools/teleop_tools_msgs -DCMAKE_INSTALL_PREFIX=/home/pradeshi/ros2_ws3/install/teleop_tools_msgs
[7.205s] Invoking command in '/home/pradeshi/ros2_ws3/build/teleop_tools_msgs': CMAKE_PREFIX_PATH=/home/pradeshi/ros2_ws3/install/lane_detector:/opt/ros/humble /usr/bin/cmake --build /home/pradeshi/ros2_ws3/build/teleop_tools_msgs -- -j2 -l2
[7.348s] [  3%] [34m[1mGenerating C++ code for ROS interfaces[0m
[7.367s] [  6%] [34m[1mGenerating C code for ROS interfaces[0m
[10.052s] [  6%] Built target teleop_tools_msgs__cpp
[10.095s] [  9%] [32mBuilding C object CMakeFiles/teleop_tools_msgs__rosidl_generator_c.dir/rosidl_generator_c/teleop_tools_msgs/action/detail/increment__functions.c.o[0m
[10.270s] [  9%] Built target ament_cmake_python_copy_teleop_tools_msgs
[10.395s] [ 12%] [34m[1mGenerating C++ type support dispatch for ROS interfaces[0m
[10.965s] [ 16%] [32m[1mLinking C shared library libteleop_tools_msgs__rosidl_generator_c.so[0m
[11.234s] [ 16%] Built target teleop_tools_msgs__rosidl_generator_c
[11.257s] [ 19%] [34m[1mGenerating C++ type support for eProsima Fast-RTPS[0m
[11.687s] [ 22%] [32mBuilding CXX object CMakeFiles/teleop_tools_msgs__rosidl_typesupport_cpp.dir/rosidl_typesupport_cpp/teleop_tools_msgs/action/increment__type_support.cpp.o[0m
[12.790s] [ 25%] [32mBuilding CXX object CMakeFiles/teleop_tools_msgs__rosidl_typesupport_fastrtps_cpp.dir/rosidl_typesupport_fastrtps_cpp/teleop_tools_msgs/action/detail/dds_fastrtps/increment__type_support.cpp.o[0m
[13.747s] [ 29%] [32m[1mLinking CXX shared library libteleop_tools_msgs__rosidl_typesupport_cpp.so[0m
[13.863s] [ 29%] Built target teleop_tools_msgs__rosidl_typesupport_cpp
[13.885s] [ 32%] [34m[1mGenerating C++ introspection for ROS interfaces[0m
[14.995s] [ 35%] [32mBuilding CXX object CMakeFiles/teleop_tools_msgs__rosidl_typesupport_introspection_cpp.dir/rosidl_typesupport_introspection_cpp/teleop_tools_msgs/action/detail/increment__type_support.cpp.o[0m
[15.087s] [ 38%] [32m[1mLinking CXX shared library libteleop_tools_msgs__rosidl_typesupport_fastrtps_cpp.so[0m
[15.339s] [ 38%] Built target teleop_tools_msgs__rosidl_typesupport_fastrtps_cpp
[16.082s] running egg_info
[16.088s] creating teleop_tools_msgs.egg-info
[16.088s] writing teleop_tools_msgs.egg-info/PKG-INFO
[16.089s] writing dependency_links to teleop_tools_msgs.egg-info/dependency_links.txt
[16.089s] writing top-level names to teleop_tools_msgs.egg-info/top_level.txt
[16.089s] writing manifest file 'teleop_tools_msgs.egg-info/SOURCES.txt'
[16.090s] reading manifest file 'teleop_tools_msgs.egg-info/SOURCES.txt'
[16.090s] writing manifest file 'teleop_tools_msgs.egg-info/SOURCES.txt'
[16.240s] [ 38%] Built target ament_cmake_python_build_teleop_tools_msgs_egg
[16.296s] [ 41%] [34m[1mGenerating C type support for eProsima Fast-RTPS[0m
[16.790s] [ 45%] [32m[1mLinking CXX shared library libteleop_tools_msgs__rosidl_typesupport_introspection_cpp.so[0m
[17.023s] [ 45%] Built target teleop_tools_msgs__rosidl_typesupport_introspection_cpp
[17.041s] [ 48%] [34m[1mGenerating C introspection for ROS interfaces[0m
[17.380s] [ 51%] [32mBuilding CXX object CMakeFiles/teleop_tools_msgs__rosidl_typesupport_fastrtps_c.dir/rosidl_typesupport_fastrtps_c/teleop_tools_msgs/action/detail/increment__type_support_c.cpp.o[0m
[18.158s] [ 54%] [32mBuilding C object CMakeFiles/teleop_tools_msgs__rosidl_typesupport_introspection_c.dir/rosidl_typesupport_introspection_c/teleop_tools_msgs/action/detail/increment__type_support.c.o[0m
[18.326s] [ 58%] [32m[1mLinking C shared library libteleop_tools_msgs__rosidl_typesupport_introspection_c.so[0m
[18.407s] [ 58%] Built target teleop_tools_msgs__rosidl_typesupport_introspection_c
[18.429s] [ 61%] [34m[1mGenerating C type support dispatch for ROS interfaces[0m
[18.668s] [ 64%] [32m[1mLinking CXX shared library libteleop_tools_msgs__rosidl_typesupport_fastrtps_c.so[0m
[18.902s] [ 64%] Built target teleop_tools_msgs__rosidl_typesupport_fastrtps_c
[19.207s] [ 67%] [32mBuilding CXX object CMakeFiles/teleop_tools_msgs__rosidl_typesupport_c.dir/rosidl_typesupport_c/teleop_tools_msgs/action/increment__type_support.cpp.o[0m
[19.373s] [ 70%] [32m[1mLinking CXX shared library libteleop_tools_msgs__rosidl_typesupport_c.so[0m
[19.505s] [ 70%] Built target teleop_tools_msgs__rosidl_typesupport_c
[19.557s] [ 70%] Built target teleop_tools_msgs
[19.596s] [ 74%] [34m[1mGenerating Python code for ROS interfaces[0m
[21.333s] [ 74%] Built target teleop_tools_msgs__py
[21.373s] [ 77%] [32mBuilding C object CMakeFiles/teleop_tools_msgs__rosidl_generator_py.dir/rosidl_generator_py/teleop_tools_msgs/action/_increment_s.c.o[0m
[21.856s] [ 80%] [32m[1mLinking C shared library rosidl_generator_py/teleop_tools_msgs/libteleop_tools_msgs__rosidl_generator_py.so[0m
[21.969s] [ 80%] Built target teleop_tools_msgs__rosidl_generator_py
[22.010s] [ 83%] [32mBuilding C object CMakeFiles/teleop_tools_msgs__rosidl_typesupport_introspection_c__pyext.dir/rosidl_generator_py/teleop_tools_msgs/_teleop_tools_msgs_s.ep.rosidl_typesupport_introspection_c.c.o[0m
[22.026s] [ 87%] [32mBuilding C object CMakeFiles/teleop_tools_msgs__rosidl_typesupport_fastrtps_c__pyext.dir/rosidl_generator_py/teleop_tools_msgs/_teleop_tools_msgs_s.ep.rosidl_typesupport_fastrtps_c.c.o[0m
[22.410s] [ 90%] [32m[1mLinking C shared library rosidl_generator_py/teleop_tools_msgs/teleop_tools_msgs_s__rosidl_typesupport_introspection_c.cpython-310-x86_64-linux-gnu.so[0m
[22.465s] [ 93%] [32m[1mLinking C shared library rosidl_generator_py/teleop_tools_msgs/teleop_tools_msgs_s__rosidl_typesupport_fastrtps_c.cpython-310-x86_64-linux-gnu.so[0m
[22.592s] [ 93%] Built target teleop_tools_msgs__rosidl_typesupport_introspection_c__pyext
[22.629s] [ 93%] Built target teleop_tools_msgs__rosidl_typesupport_fastrtps_c__pyext
[22.645s] [ 96%] [32mBuilding C object CMakeFiles/teleop_tools_msgs__rosidl_typesupport_c__pyext.dir/rosidl_generator_py/teleop_tools_msgs/_teleop_tools_msgs_s.ep.rosidl_typesupport_c.c.o[0m
[22.878s] [100%] [32m[1mLinking C shared library rosidl_generator_py/teleop_tools_msgs/teleop_tools_msgs_s__rosidl_typesupport_c.cpython-310-x86_64-linux-gnu.so[0m
[22.950s] [100%] Built target teleop_tools_msgs__rosidl_typesupport_c__pyext
[22.980s] Invoked command in '/home/pradeshi/ros2_ws3/build/teleop_tools_msgs' returned '0': CMAKE_PREFIX_PATH=/home/pradeshi/ros2_ws3/install/lane_detector:/opt/ros/humble /usr/bin/cmake --build /home/pradeshi/ros2_ws3/build/teleop_tools_msgs -- -j2 -l2
[23.143s] Invoking command in '/home/pradeshi/ros2_ws3/build/teleop_tools_msgs': CMAKE_PREFIX_PATH=/home/pradeshi/ros2_ws3/install/lane_detector:/opt/ros/humble /usr/bin/cmake --install /home/pradeshi/ros2_ws3/build/teleop_tools_msgs
[23.159s] -- Install configuration: ""
[23.160s] -- Installing: /home/pradeshi/ros2_ws3/install/teleop_tools_msgs/share/ament_index/resource_index/rosidl_interfaces/teleop_tools_msgs
[23.161s] -- Installing: /home/pradeshi/ros2_ws3/install/teleop_tools_msgs/include/teleop_tools_msgs/teleop_tools_msgs
[23.161s] -- Installing: /home/pradeshi/ros2_ws3/install/teleop_tools_msgs/include/teleop_tools_msgs/teleop_tools_msgs/msg
[23.163s] -- Installing: /home/pradeshi/ros2_ws3/install/teleop_tools_msgs/include/teleop_tools_msgs/teleop_tools_msgs/msg/rosidl_generator_c__visibility_control.h
[23.175s] -- Installing: /home/pradeshi/ros2_ws3/install/teleop_tools_msgs/include/teleop_tools_msgs/teleop_tools_msgs/action
[23.176s] -- Installing: /home/pradeshi/ros2_ws3/install/teleop_tools_msgs/include/teleop_tools_msgs/teleop_tools_msgs/action/increment.h
[23.177s] -- Installing: /home/pradeshi/ros2_ws3/install/teleop_tools_msgs/include/teleop_tools_msgs/teleop_tools_msgs/action/detail
[23.177s] -- Installing: /home/pradeshi/ros2_ws3/install/teleop_tools_msgs/include/teleop_tools_msgs/teleop_tools_msgs/action/detail/increment__functions.c
[23.177s] -- Installing: /home/pradeshi/ros2_ws3/install/teleop_tools_msgs/include/teleop_tools_msgs/teleop_tools_msgs/action/detail/increment__type_support.h
[23.178s] -- Installing: /home/pradeshi/ros2_ws3/install/teleop_tools_msgs/include/teleop_tools_msgs/teleop_tools_msgs/action/detail/increment__functions.h
[23.178s] -- Installing: /home/pradeshi/ros2_ws3/install/teleop_tools_msgs/include/teleop_tools_msgs/teleop_tools_msgs/action/detail/increment__struct.h
[23.181s] -- Installing: /home/pradeshi/ros2_ws3/install/teleop_tools_msgs/share/teleop_tools_msgs/environment/library_path.sh
[23.182s] -- Installing: /home/pradeshi/ros2_ws3/install/teleop_tools_msgs/share/teleop_tools_msgs/environment/library_path.dsv
[23.183s] -- Installing: /home/pradeshi/ros2_ws3/install/teleop_tools_msgs/lib/libteleop_tools_msgs__rosidl_generator_c.so
[23.183s] -- Set runtime path of "/home/pradeshi/ros2_ws3/install/teleop_tools_msgs/lib/libteleop_tools_msgs__rosidl_generator_c.so" to ""
[23.183s] -- Up-to-date: /home/pradeshi/ros2_ws3/install/teleop_tools_msgs/include/teleop_tools_msgs/teleop_tools_msgs
[23.184s] -- Up-to-date: /home/pradeshi/ros2_ws3/install/teleop_tools_msgs/include/teleop_tools_msgs/teleop_tools_msgs/msg
[23.184s] -- Installing: /home/pradeshi/ros2_ws3/install/teleop_tools_msgs/include/teleop_tools_msgs/teleop_tools_msgs/msg/rosidl_typesupport_fastrtps_c__visibility_control.h
[23.185s] -- Up-to-date: /home/pradeshi/ros2_ws3/install/teleop_tools_msgs/include/teleop_tools_msgs/teleop_tools_msgs/action
[23.185s] -- Up-to-date: /home/pradeshi/ros2_ws3/install/teleop_tools_msgs/include/teleop_tools_msgs/teleop_tools_msgs/action/detail
[23.186s] -- Installing: /home/pradeshi/ros2_ws3/install/teleop_tools_msgs/include/teleop_tools_msgs/teleop_tools_msgs/action/detail/increment__rosidl_typesupport_fastrtps_c.h
[23.186s] -- Installing: /home/pradeshi/ros2_ws3/install/teleop_tools_msgs/lib/libteleop_tools_msgs__rosidl_typesupport_fastrtps_c.so
[23.186s] -- Set runtime path of "/home/pradeshi/ros2_ws3/install/teleop_tools_msgs/lib/libteleop_tools_msgs__rosidl_typesupport_fastrtps_c.so" to ""
[23.187s] -- Up-to-date: /home/pradeshi/ros2_ws3/install/teleop_tools_msgs/include/teleop_tools_msgs/teleop_tools_msgs
[23.187s] -- Up-to-date: /home/pradeshi/ros2_ws3/install/teleop_tools_msgs/include/teleop_tools_msgs/teleop_tools_msgs/msg
[23.187s] -- Installing: /home/pradeshi/ros2_ws3/install/teleop_tools_msgs/include/teleop_tools_msgs/teleop_tools_msgs/msg/rosidl_typesupport_introspection_c__visibility_control.h
[23.188s] -- Up-to-date: /home/pradeshi/ros2_ws3/install/teleop_tools_msgs/include/teleop_tools_msgs/teleop_tools_msgs/action
[23.188s] -- Up-to-date: /home/pradeshi/ros2_ws3/install/teleop_tools_msgs/include/teleop_tools_msgs/teleop_tools_msgs/action/detail
[23.189s] -- Installing: /home/pradeshi/ros2_ws3/install/teleop_tools_msgs/include/teleop_tools_msgs/teleop_tools_msgs/action/detail/increment__rosidl_typesupport_introspection_c.h
[23.189s] -- Installing: /home/pradeshi/ros2_ws3/install/teleop_tools_msgs/include/teleop_tools_msgs/teleop_tools_msgs/action/detail/increment__type_support.c
[23.190s] -- Installing: /home/pradeshi/ros2_ws3/install/teleop_tools_msgs/lib/libteleop_tools_msgs__rosidl_typesupport_introspection_c.so
[23.191s] -- Set runtime path of "/home/pradeshi/ros2_ws3/install/teleop_tools_msgs/lib/libteleop_tools_msgs__rosidl_typesupport_introspection_c.so" to ""
[23.191s] -- Installing: /home/pradeshi/ros2_ws3/install/teleop_tools_msgs/lib/libteleop_tools_msgs__rosidl_typesupport_c.so
[23.191s] -- Set runtime path of "/home/pradeshi/ros2_ws3/install/teleop_tools_msgs/lib/libteleop_tools_msgs__rosidl_typesupport_c.so" to ""
[23.192s] -- Up-to-date: /home/pradeshi/ros2_ws3/install/teleop_tools_msgs/include/teleop_tools_msgs/teleop_tools_msgs
[23.193s] -- Up-to-date: /home/pradeshi/ros2_ws3/install/teleop_tools_msgs/include/teleop_tools_msgs/teleop_tools_msgs/action
[23.193s] -- Up-to-date: /home/pradeshi/ros2_ws3/install/teleop_tools_msgs/include/teleop_tools_msgs/teleop_tools_msgs/action/detail
[23.193s] -- Installing: /home/pradeshi/ros2_ws3/install/teleop_tools_msgs/include/teleop_tools_msgs/teleop_tools_msgs/action/detail/increment__builder.hpp
[23.194s] -- Installing: /home/pradeshi/ros2_ws3/install/teleop_tools_msgs/include/teleop_tools_msgs/teleop_tools_msgs/action/detail/increment__struct.hpp
[23.195s] -- Installing: /home/pradeshi/ros2_ws3/install/teleop_tools_msgs/include/teleop_tools_msgs/teleop_tools_msgs/action/detail/increment__traits.hpp
[23.195s] -- Installing: /home/pradeshi/ros2_ws3/install/teleop_tools_msgs/include/teleop_tools_msgs/teleop_tools_msgs/action/increment.hpp
[23.195s] -- Up-to-date: /home/pradeshi/ros2_ws3/install/teleop_tools_msgs/include/teleop_tools_msgs/teleop_tools_msgs
[23.196s] -- Up-to-date: /home/pradeshi/ros2_ws3/install/teleop_tools_msgs/include/teleop_tools_msgs/teleop_tools_msgs/msg
[23.196s] -- Installing: /home/pradeshi/ros2_ws3/install/teleop_tools_msgs/include/teleop_tools_msgs/teleop_tools_msgs/msg/rosidl_typesupport_fastrtps_cpp__visibility_control.h
[23.197s] -- Up-to-date: /home/pradeshi/ros2_ws3/install/teleop_tools_msgs/include/teleop_tools_msgs/teleop_tools_msgs/action
[23.197s] -- Up-to-date: /home/pradeshi/ros2_ws3/install/teleop_tools_msgs/include/teleop_tools_msgs/teleop_tools_msgs/action/detail
[23.197s] -- Installing: /home/pradeshi/ros2_ws3/install/teleop_tools_msgs/include/teleop_tools_msgs/teleop_tools_msgs/action/detail/increment__rosidl_typesupport_fastrtps_cpp.hpp
[23.198s] -- Installing: /home/pradeshi/ros2_ws3/install/teleop_tools_msgs/include/teleop_tools_msgs/teleop_tools_msgs/action/detail/dds_fastrtps
[23.198s] -- Installing: /home/pradeshi/ros2_ws3/install/teleop_tools_msgs/lib/libteleop_tools_msgs__rosidl_typesupport_fastrtps_cpp.so
[23.199s] -- Set runtime path of "/home/pradeshi/ros2_ws3/install/teleop_tools_msgs/lib/libteleop_tools_msgs__rosidl_typesupport_fastrtps_cpp.so" to ""
[23.200s] -- Up-to-date: /home/pradeshi/ros2_ws3/install/teleop_tools_msgs/include/teleop_tools_msgs/teleop_tools_msgs
[23.200s] -- Up-to-date: /home/pradeshi/ros2_ws3/install/teleop_tools_msgs/include/teleop_tools_msgs/teleop_tools_msgs/action
[23.201s] -- Up-to-date: /home/pradeshi/ros2_ws3/install/teleop_tools_msgs/include/teleop_tools_msgs/teleop_tools_msgs/action/detail
[23.201s] -- Installing: /home/pradeshi/ros2_ws3/install/teleop_tools_msgs/include/teleop_tools_msgs/teleop_tools_msgs/action/detail/increment__rosidl_typesupport_introspection_cpp.hpp
[23.202s] -- Installing: /home/pradeshi/ros2_ws3/install/teleop_tools_msgs/include/teleop_tools_msgs/teleop_tools_msgs/action/detail/increment__type_support.cpp
[23.203s] -- Installing: /home/pradeshi/ros2_ws3/install/teleop_tools_msgs/lib/libteleop_tools_msgs__rosidl_typesupport_introspection_cpp.so
[23.205s] -- Set runtime path of "/home/pradeshi/ros2_ws3/install/teleop_tools_msgs/lib/libteleop_tools_msgs__rosidl_typesupport_introspection_cpp.so" to ""
[23.205s] -- Installing: /home/pradeshi/ros2_ws3/install/teleop_tools_msgs/lib/libteleop_tools_msgs__rosidl_typesupport_cpp.so
[23.206s] -- Set runtime path of "/home/pradeshi/ros2_ws3/install/teleop_tools_msgs/lib/libteleop_tools_msgs__rosidl_typesupport_cpp.so" to ""
[23.207s] -- Installing: /home/pradeshi/ros2_ws3/install/teleop_tools_msgs/share/teleop_tools_msgs/environment/pythonpath.sh
[23.208s] -- Installing: /home/pradeshi/ros2_ws3/install/teleop_tools_msgs/share/teleop_tools_msgs/environment/pythonpath.dsv
[23.208s] -- Installing: /home/pradeshi/ros2_ws3/install/teleop_tools_msgs/local/lib/python3.10/dist-packages/teleop_tools_msgs-1.4.0-py3.10.egg-info
[23.209s] -- Installing: /home/pradeshi/ros2_ws3/install/teleop_tools_msgs/local/lib/python3.10/dist-packages/teleop_tools_msgs-1.4.0-py3.10.egg-info/top_level.txt
[23.210s] -- Installing: /home/pradeshi/ros2_ws3/install/teleop_tools_msgs/local/lib/python3.10/dist-packages/teleop_tools_msgs-1.4.0-py3.10.egg-info/SOURCES.txt
[23.211s] -- Installing: /home/pradeshi/ros2_ws3/install/teleop_tools_msgs/local/lib/python3.10/dist-packages/teleop_tools_msgs-1.4.0-py3.10.egg-info/dependency_links.txt
[23.212s] -- Installing: /home/pradeshi/ros2_ws3/install/teleop_tools_msgs/local/lib/python3.10/dist-packages/teleop_tools_msgs-1.4.0-py3.10.egg-info/PKG-INFO
[23.213s] -- Installing: /home/pradeshi/ros2_ws3/install/teleop_tools_msgs/local/lib/python3.10/dist-packages/teleop_tools_msgs
[23.213s] -- Installing: /home/pradeshi/ros2_ws3/install/teleop_tools_msgs/local/lib/python3.10/dist-packages/teleop_tools_msgs/libteleop_tools_msgs__rosidl_generator_py.so
[23.214s] -- Installing: /home/pradeshi/ros2_ws3/install/teleop_tools_msgs/local/lib/python3.10/dist-packages/teleop_tools_msgs/teleop_tools_msgs_s__rosidl_typesupport_fastrtps_c.cpython-310-x86_64-linux-gnu.so
[23.215s] -- Installing: /home/pradeshi/ros2_ws3/install/teleop_tools_msgs/local/lib/python3.10/dist-packages/teleop_tools_msgs/__init__.py
[23.215s] -- Installing: /home/pradeshi/ros2_ws3/install/teleop_tools_msgs/local/lib/python3.10/dist-packages/teleop_tools_msgs/_teleop_tools_msgs_s.ep.rosidl_typesupport_c.c
[23.216s] -- Installing: /home/pradeshi/ros2_ws3/install/teleop_tools_msgs/local/lib/python3.10/dist-packages/teleop_tools_msgs/action
[23.217s] -- Installing: /home/pradeshi/ros2_ws3/install/teleop_tools_msgs/local/lib/python3.10/dist-packages/teleop_tools_msgs/action/__init__.py
[23.218s] -- Installing: /home/pradeshi/ros2_ws3/install/teleop_tools_msgs/local/lib/python3.10/dist-packages/teleop_tools_msgs/action/_increment_s.c
[23.219s] -- Installing: /home/pradeshi/ros2_ws3/install/teleop_tools_msgs/local/lib/python3.10/dist-packages/teleop_tools_msgs/action/_increment.py
[23.219s] -- Installing: /home/pradeshi/ros2_ws3/install/teleop_tools_msgs/local/lib/python3.10/dist-packages/teleop_tools_msgs/teleop_tools_msgs_s__rosidl_typesupport_c.cpython-310-x86_64-linux-gnu.so
[23.220s] -- Installing: /home/pradeshi/ros2_ws3/install/teleop_tools_msgs/local/lib/python3.10/dist-packages/teleop_tools_msgs/_teleop_tools_msgs_s.ep.rosidl_typesupport_introspection_c.c
[23.221s] -- Installing: /home/pradeshi/ros2_ws3/install/teleop_tools_msgs/local/lib/python3.10/dist-packages/teleop_tools_msgs/_teleop_tools_msgs_s.ep.rosidl_typesupport_fastrtps_c.c
[23.222s] -- Installing: /home/pradeshi/ros2_ws3/install/teleop_tools_msgs/local/lib/python3.10/dist-packages/teleop_tools_msgs/teleop_tools_msgs_s__rosidl_typesupport_introspection_c.cpython-310-x86_64-linux-gnu.so
[23.342s] Listing '/home/pradeshi/ros2_ws3/install/teleop_tools_msgs/local/lib/python3.10/dist-packages/teleop_tools_msgs'...
[23.343s] Compiling '/home/pradeshi/ros2_ws3/install/teleop_tools_msgs/local/lib/python3.10/dist-packages/teleop_tools_msgs/__init__.py'...
[23.343s] Listing '/home/pradeshi/ros2_ws3/install/teleop_tools_msgs/local/lib/python3.10/dist-packages/teleop_tools_msgs/action'...
[23.343s] Compiling '/home/pradeshi/ros2_ws3/install/teleop_tools_msgs/local/lib/python3.10/dist-packages/teleop_tools_msgs/action/__init__.py'...
[23.343s] Compiling '/home/pradeshi/ros2_ws3/install/teleop_tools_msgs/local/lib/python3.10/dist-packages/teleop_tools_msgs/action/_increment.py'...
[23.353s] -- Installing: /home/pradeshi/ros2_ws3/install/teleop_tools_msgs/local/lib/python3.10/dist-packages/teleop_tools_msgs/teleop_tools_msgs_s__rosidl_typesupport_fastrtps_c.cpython-310-x86_64-linux-gnu.so
[23.354s] -- Set runtime path of "/home/pradeshi/ros2_ws3/install/teleop_tools_msgs/local/lib/python3.10/dist-packages/teleop_tools_msgs/teleop_tools_msgs_s__rosidl_typesupport_fastrtps_c.cpython-310-x86_64-linux-gnu.so" to ""
[23.356s] -- Installing: /home/pradeshi/ros2_ws3/install/teleop_tools_msgs/local/lib/python3.10/dist-packages/teleop_tools_msgs/teleop_tools_msgs_s__rosidl_typesupport_introspection_c.cpython-310-x86_64-linux-gnu.so
[23.358s] -- Set runtime path of "/home/pradeshi/ros2_ws3/install/teleop_tools_msgs/local/lib/python3.10/dist-packages/teleop_tools_msgs/teleop_tools_msgs_s__rosidl_typesupport_introspection_c.cpython-310-x86_64-linux-gnu.so" to ""
[23.359s] -- Installing: /home/pradeshi/ros2_ws3/install/teleop_tools_msgs/local/lib/python3.10/dist-packages/teleop_tools_msgs/teleop_tools_msgs_s__rosidl_typesupport_c.cpython-310-x86_64-linux-gnu.so
[23.360s] -- Set runtime path of "/home/pradeshi/ros2_ws3/install/teleop_tools_msgs/local/lib/python3.10/dist-packages/teleop_tools_msgs/teleop_tools_msgs_s__rosidl_typesupport_c.cpython-310-x86_64-linux-gnu.so" to ""
[23.361s] -- Installing: /home/pradeshi/ros2_ws3/install/teleop_tools_msgs/lib/libteleop_tools_msgs__rosidl_generator_py.so
[23.361s] -- Set runtime path of "/home/pradeshi/ros2_ws3/install/teleop_tools_msgs/lib/libteleop_tools_msgs__rosidl_generator_py.so" to ""
[23.362s] -- Installing: /home/pradeshi/ros2_ws3/install/teleop_tools_msgs/share/teleop_tools_msgs/action/Increment.idl
[23.362s] -- Installing: /home/pradeshi/ros2_ws3/install/teleop_tools_msgs/share/teleop_tools_msgs/action/Increment.action
[23.363s] -- Installing: /home/pradeshi/ros2_ws3/install/teleop_tools_msgs/share/ament_index/resource_index/package_run_dependencies/teleop_tools_msgs
[23.363s] -- Installing: /home/pradeshi/ros2_ws3/install/teleop_tools_msgs/share/ament_index/resource_index/parent_prefix_path/teleop_tools_msgs
[23.364s] -- Installing: /home/pradeshi/ros2_ws3/install/teleop_tools_msgs/share/teleop_tools_msgs/environment/ament_prefix_path.sh
[23.364s] -- Installing: /home/pradeshi/ros2_ws3/install/teleop_tools_msgs/share/teleop_tools_msgs/environment/ament_prefix_path.dsv
[23.365s] -- Installing: /home/pradeshi/ros2_ws3/install/teleop_tools_msgs/share/teleop_tools_msgs/environment/path.sh
[23.365s] -- Installing: /home/pradeshi/ros2_ws3/install/teleop_tools_msgs/share/teleop_tools_msgs/environment/path.dsv
[23.366s] -- Installing: /home/pradeshi/ros2_ws3/install/teleop_tools_msgs/share/teleop_tools_msgs/local_setup.bash
[23.366s] -- Installing: /home/pradeshi/ros2_ws3/install/teleop_tools_msgs/share/teleop_tools_msgs/local_setup.sh
[23.367s] -- Installing: /home/pradeshi/ros2_ws3/install/teleop_tools_msgs/share/teleop_tools_msgs/local_setup.zsh
[23.369s] -- Installing: /home/pradeshi/ros2_ws3/install/teleop_tools_msgs/share/teleop_tools_msgs/local_setup.dsv
[23.369s] -- Installing: /home/pradeshi/ros2_ws3/install/teleop_tools_msgs/share/teleop_tools_msgs/package.dsv
[23.370s] -- Installing: /home/pradeshi/ros2_ws3/install/teleop_tools_msgs/share/ament_index/resource_index/packages/teleop_tools_msgs
[23.370s] -- Installing: /home/pradeshi/ros2_ws3/install/teleop_tools_msgs/share/teleop_tools_msgs/cmake/export_teleop_tools_msgs__rosidl_generator_cExport.cmake
[23.370s] -- Installing: /home/pradeshi/ros2_ws3/install/teleop_tools_msgs/share/teleop_tools_msgs/cmake/export_teleop_tools_msgs__rosidl_generator_cExport-noconfig.cmake
[23.370s] -- Installing: /home/pradeshi/ros2_ws3/install/teleop_tools_msgs/share/teleop_tools_msgs/cmake/export_teleop_tools_msgs__rosidl_typesupport_fastrtps_cExport.cmake
[23.371s] -- Installing: /home/pradeshi/ros2_ws3/install/teleop_tools_msgs/share/teleop_tools_msgs/cmake/export_teleop_tools_msgs__rosidl_typesupport_fastrtps_cExport-noconfig.cmake
[23.371s] -- Installing: /home/pradeshi/ros2_ws3/install/teleop_tools_msgs/share/teleop_tools_msgs/cmake/teleop_tools_msgs__rosidl_typesupport_introspection_cExport.cmake
[23.377s] -- Installing: /home/pradeshi/ros2_ws3/install/teleop_tools_msgs/share/teleop_tools_msgs/cmake/teleop_tools_msgs__rosidl_typesupport_introspection_cExport-noconfig.cmake
[23.378s] -- Installing: /home/pradeshi/ros2_ws3/install/teleop_tools_msgs/share/teleop_tools_msgs/cmake/teleop_tools_msgs__rosidl_typesupport_cExport.cmake
[23.379s] -- Installing: /home/pradeshi/ros2_ws3/install/teleop_tools_msgs/share/teleop_tools_msgs/cmake/teleop_tools_msgs__rosidl_typesupport_cExport-noconfig.cmake
[23.380s] -- Installing: /home/pradeshi/ros2_ws3/install/teleop_tools_msgs/share/teleop_tools_msgs/cmake/export_teleop_tools_msgs__rosidl_generator_cppExport.cmake
[23.380s] -- Installing: /home/pradeshi/ros2_ws3/install/teleop_tools_msgs/share/teleop_tools_msgs/cmake/export_teleop_tools_msgs__rosidl_typesupport_fastrtps_cppExport.cmake
[23.381s] -- Installing: /home/pradeshi/ros2_ws3/install/teleop_tools_msgs/share/teleop_tools_msgs/cmake/export_teleop_tools_msgs__rosidl_typesupport_fastrtps_cppExport-noconfig.cmake
[23.382s] -- Installing: /home/pradeshi/ros2_ws3/install/teleop_tools_msgs/share/teleop_tools_msgs/cmake/teleop_tools_msgs__rosidl_typesupport_introspection_cppExport.cmake
[23.383s] -- Installing: /home/pradeshi/ros2_ws3/install/teleop_tools_msgs/share/teleop_tools_msgs/cmake/teleop_tools_msgs__rosidl_typesupport_introspection_cppExport-noconfig.cmake
[23.383s] -- Installing: /home/pradeshi/ros2_ws3/install/teleop_tools_msgs/share/teleop_tools_msgs/cmake/teleop_tools_msgs__rosidl_typesupport_cppExport.cmake
[23.384s] -- Installing: /home/pradeshi/ros2_ws3/install/teleop_tools_msgs/share/teleop_tools_msgs/cmake/teleop_tools_msgs__rosidl_typesupport_cppExport-noconfig.cmake
[23.384s] -- Installing: /home/pradeshi/ros2_ws3/install/teleop_tools_msgs/share/teleop_tools_msgs/cmake/export_teleop_tools_msgs__rosidl_generator_pyExport.cmake
[23.384s] -- Installing: /home/pradeshi/ros2_ws3/install/teleop_tools_msgs/share/teleop_tools_msgs/cmake/export_teleop_tools_msgs__rosidl_generator_pyExport-noconfig.cmake
[23.384s] -- Installing: /home/pradeshi/ros2_ws3/install/teleop_tools_msgs/share/teleop_tools_msgs/cmake/rosidl_cmake-extras.cmake
[23.384s] -- Installing: /home/pradeshi/ros2_ws3/install/teleop_tools_msgs/share/teleop_tools_msgs/cmake/ament_cmake_export_dependencies-extras.cmake
[23.385s] -- Installing: /home/pradeshi/ros2_ws3/install/teleop_tools_msgs/share/teleop_tools_msgs/cmake/ament_cmake_export_include_directories-extras.cmake
[23.385s] -- Installing: /home/pradeshi/ros2_ws3/install/teleop_tools_msgs/share/teleop_tools_msgs/cmake/ament_cmake_export_libraries-extras.cmake
[23.385s] -- Installing: /home/pradeshi/ros2_ws3/install/teleop_tools_msgs/share/teleop_tools_msgs/cmake/ament_cmake_export_targets-extras.cmake
[23.385s] -- Installing: /home/pradeshi/ros2_ws3/install/teleop_tools_msgs/share/teleop_tools_msgs/cmake/rosidl_cmake_export_typesupport_targets-extras.cmake
[23.385s] -- Installing: /home/pradeshi/ros2_ws3/install/teleop_tools_msgs/share/teleop_tools_msgs/cmake/rosidl_cmake_export_typesupport_libraries-extras.cmake
[23.385s] -- Installing: /home/pradeshi/ros2_ws3/install/teleop_tools_msgs/share/teleop_tools_msgs/cmake/teleop_tools_msgsConfig.cmake
[23.386s] -- Installing: /home/pradeshi/ros2_ws3/install/teleop_tools_msgs/share/teleop_tools_msgs/cmake/teleop_tools_msgsConfig-version.cmake
[23.386s] -- Installing: /home/pradeshi/ros2_ws3/install/teleop_tools_msgs/share/teleop_tools_msgs/package.xml
[23.386s] Invoked command in '/home/pradeshi/ros2_ws3/build/teleop_tools_msgs' returned '0': CMAKE_PREFIX_PATH=/home/pradeshi/ros2_ws3/install/lane_detector:/opt/ros/humble /usr/bin/cmake --install /home/pradeshi/ros2_ws3/build/teleop_tools_msgs
