[1.920s] Invoking command in '/home/pradeshi/ros2_ws3/src/teleop_tools/mouse_teleop': PYTHONPATH=/home/pradeshi/ros2_ws3/build/mouse_teleop/prefix_override:/home/pradeshi/ros2_ws3/install/mouse_teleop/lib/python3.10/site-packages:${PYTHONPATH} /usr/bin/python3 setup.py egg_info --egg-base ../../../build/mouse_teleop build --build-base /home/pradeshi/ros2_ws3/build/mouse_teleop/build install --record /home/pradeshi/ros2_ws3/build/mouse_teleop/install.log --install-scripts $base/lib/mouse_teleop --single-version-externally-managed
[2.740s] /home/pradeshi/.local/lib/python3.10/site-packages/setuptools/dist.py:717: UserWarning: Usage of dash-separated 'script-dir' will not be supported in future versions. Please use the underscore name 'script_dir' instead
[2.741s]   warnings.warn(
[2.827s] running egg_info
[2.829s] writing ../../../build/mouse_teleop/mouse_teleop.egg-info/PKG-INFO
[2.830s] writing dependency_links to ../../../build/mouse_teleop/mouse_teleop.egg-info/dependency_links.txt
[2.832s] writing entry points to ../../../build/mouse_teleop/mouse_teleop.egg-info/entry_points.txt
[2.833s] writing requirements to ../../../build/mouse_teleop/mouse_teleop.egg-info/requires.txt
[2.833s] writing top-level names to ../../../build/mouse_teleop/mouse_teleop.egg-info/top_level.txt
[2.838s] reading manifest file '../../../build/mouse_teleop/mouse_teleop.egg-info/SOURCES.txt'
[2.839s] adding license file 'LICENSE'
[2.842s] writing manifest file '../../../build/mouse_teleop/mouse_teleop.egg-info/SOURCES.txt'
[2.843s] running build
[2.843s] running build_py
[2.844s] running install
[2.845s] running install_lib
[2.848s] running install_data
[2.849s] running install_egg_info
[2.853s] removing '/home/pradeshi/ros2_ws3/install/mouse_teleop/lib/python3.10/site-packages/mouse_teleop-1.4.0-py3.10.egg-info' (and everything under it)
[2.860s] Copying ../../../build/mouse_teleop/mouse_teleop.egg-info to /home/pradeshi/ros2_ws3/install/mouse_teleop/lib/python3.10/site-packages/mouse_teleop-1.4.0-py3.10.egg-info
[2.863s] running install_scripts
[2.909s] Installing mouse_teleop script to /home/pradeshi/ros2_ws3/install/mouse_teleop/lib/mouse_teleop
[2.911s] writing list of installed files to '/home/pradeshi/ros2_ws3/build/mouse_teleop/install.log'
[2.997s] Invoked command in '/home/pradeshi/ros2_ws3/src/teleop_tools/mouse_teleop' returned '0': PYTHONPATH=/home/pradeshi/ros2_ws3/build/mouse_teleop/prefix_override:/home/pradeshi/ros2_ws3/install/mouse_teleop/lib/python3.10/site-packages:${PYTHONPATH} /usr/bin/python3 setup.py egg_info --egg-base ../../../build/mouse_teleop build --build-base /home/pradeshi/ros2_ws3/build/mouse_teleop/build install --record /home/pradeshi/ros2_ws3/build/mouse_teleop/install.log --install-scripts $base/lib/mouse_teleop --single-version-externally-managed
