[0.064s] Invoking command in '/home/pradeshi/ros2_ws3/build/teleop_tools': AMENT_PREFIX_PATH=/home/pradeshi/ros2_ws3/install/joy_teleop:/home/pradeshi/ros2_ws3/install/teleop_tools_msgs:/home/pradeshi/ros2_ws3/install/key_teleop:${AMENT_PREFIX_PATH} CMAKE_PREFIX_PATH=/home/pradeshi/ros2_ws3/install/teleop_tools_msgs:/home/pradeshi/ros2_ws3/install/lane_detector:/opt/ros/humble LD_LIBRARY_PATH=/home/pradeshi/ros2_ws3/install/teleop_tools_msgs/lib:${LD_LIBRARY_PATH} PYTHONPATH=/home/pradeshi/ros2_ws3/install/joy_teleop/lib/python3.10/site-packages:/home/pradeshi/ros2_ws3/install/teleop_tools_msgs/local/lib/python3.10/dist-packages:/home/pradeshi/ros2_ws3/install/key_teleop/lib/python3.10/site-packages:${PYTHONPATH} /usr/bin/cmake --build /home/pradeshi/ros2_ws3/build/teleop_tools -- -j2 -l2
[0.165s] Invoked command in '/home/pradeshi/ros2_ws3/build/teleop_tools' returned '0': AMENT_PREFIX_PATH=/home/pradeshi/ros2_ws3/install/joy_teleop:/home/pradeshi/ros2_ws3/install/teleop_tools_msgs:/home/pradeshi/ros2_ws3/install/key_teleop:${AMENT_PREFIX_PATH} CMAKE_PREFIX_PATH=/home/pradeshi/ros2_ws3/install/teleop_tools_msgs:/home/pradeshi/ros2_ws3/install/lane_detector:/opt/ros/humble LD_LIBRARY_PATH=/home/pradeshi/ros2_ws3/install/teleop_tools_msgs/lib:${LD_LIBRARY_PATH} PYTHONPATH=/home/pradeshi/ros2_ws3/install/joy_teleop/lib/python3.10/site-packages:/home/pradeshi/ros2_ws3/install/teleop_tools_msgs/local/lib/python3.10/dist-packages:/home/pradeshi/ros2_ws3/install/key_teleop/lib/python3.10/site-packages:${PYTHONPATH} /usr/bin/cmake --build /home/pradeshi/ros2_ws3/build/teleop_tools -- -j2 -l2
[0.361s] Invoking command in '/home/pradeshi/ros2_ws3/build/teleop_tools': AMENT_PREFIX_PATH=/home/pradeshi/ros2_ws3/install/joy_teleop:/home/pradeshi/ros2_ws3/install/teleop_tools_msgs:/home/pradeshi/ros2_ws3/install/key_teleop:${AMENT_PREFIX_PATH} CMAKE_PREFIX_PATH=/home/pradeshi/ros2_ws3/install/teleop_tools_msgs:/home/pradeshi/ros2_ws3/install/lane_detector:/opt/ros/humble LD_LIBRARY_PATH=/home/pradeshi/ros2_ws3/install/teleop_tools_msgs/lib:${LD_LIBRARY_PATH} PYTHONPATH=/home/pradeshi/ros2_ws3/install/joy_teleop/lib/python3.10/site-packages:/home/pradeshi/ros2_ws3/install/teleop_tools_msgs/local/lib/python3.10/dist-packages:/home/pradeshi/ros2_ws3/install/key_teleop/lib/python3.10/site-packages:${PYTHONPATH} /usr/bin/cmake --install /home/pradeshi/ros2_ws3/build/teleop_tools
[0.378s] -- Install configuration: ""
[0.379s] -- Up-to-date: /home/pradeshi/ros2_ws3/install/teleop_tools/share/ament_index/resource_index/package_run_dependencies/teleop_tools
[0.379s] -- Up-to-date: /home/pradeshi/ros2_ws3/install/teleop_tools/share/ament_index/resource_index/parent_prefix_path/teleop_tools
[0.380s] -- Up-to-date: /home/pradeshi/ros2_ws3/install/teleop_tools/share/teleop_tools/environment/ament_prefix_path.sh
[0.381s] -- Up-to-date: /home/pradeshi/ros2_ws3/install/teleop_tools/share/teleop_tools/environment/ament_prefix_path.dsv
[0.381s] -- Up-to-date: /home/pradeshi/ros2_ws3/install/teleop_tools/share/teleop_tools/environment/path.sh
[0.382s] -- Up-to-date: /home/pradeshi/ros2_ws3/install/teleop_tools/share/teleop_tools/environment/path.dsv
[0.383s] -- Up-to-date: /home/pradeshi/ros2_ws3/install/teleop_tools/share/teleop_tools/local_setup.bash
[0.384s] -- Up-to-date: /home/pradeshi/ros2_ws3/install/teleop_tools/share/teleop_tools/local_setup.sh
[0.385s] -- Up-to-date: /home/pradeshi/ros2_ws3/install/teleop_tools/share/teleop_tools/local_setup.zsh
[0.387s] -- Up-to-date: /home/pradeshi/ros2_ws3/install/teleop_tools/share/teleop_tools/local_setup.dsv
[0.389s] -- Up-to-date: /home/pradeshi/ros2_ws3/install/teleop_tools/share/teleop_tools/package.dsv
[0.390s] -- Up-to-date: /home/pradeshi/ros2_ws3/install/teleop_tools/share/ament_index/resource_index/packages/teleop_tools
[0.390s] -- Up-to-date: /home/pradeshi/ros2_ws3/install/teleop_tools/share/teleop_tools/cmake/teleop_toolsConfig.cmake
[0.391s] -- Up-to-date: /home/pradeshi/ros2_ws3/install/teleop_tools/share/teleop_tools/cmake/teleop_toolsConfig-version.cmake
[0.391s] -- Up-to-date: /home/pradeshi/ros2_ws3/install/teleop_tools/share/teleop_tools/package.xml
[0.403s] Invoked command in '/home/pradeshi/ros2_ws3/build/teleop_tools' returned '0': AMENT_PREFIX_PATH=/home/pradeshi/ros2_ws3/install/joy_teleop:/home/pradeshi/ros2_ws3/install/teleop_tools_msgs:/home/pradeshi/ros2_ws3/install/key_teleop:${AMENT_PREFIX_PATH} CMAKE_PREFIX_PATH=/home/pradeshi/ros2_ws3/install/teleop_tools_msgs:/home/pradeshi/ros2_ws3/install/lane_detector:/opt/ros/humble LD_LIBRARY_PATH=/home/pradeshi/ros2_ws3/install/teleop_tools_msgs/lib:${LD_LIBRARY_PATH} PYTHONPATH=/home/pradeshi/ros2_ws3/install/joy_teleop/lib/python3.10/site-packages:/home/pradeshi/ros2_ws3/install/teleop_tools_msgs/local/lib/python3.10/dist-packages:/home/pradeshi/ros2_ws3/install/key_teleop/lib/python3.10/site-packages:${PYTHONPATH} /usr/bin/cmake --install /home/pradeshi/ros2_ws3/build/teleop_tools
