[1.564s] DEBUG:colcon:Command line arguments: ['/usr/bin/colcon', 'build']
[1.564s] DEBUG:colcon:Parsed command line arguments: Namespace(log_base=None, log_level=None, verb_name='build', build_base='build', install_base='install', merge_install=False, symlink_install=False, test_result_base=None, continue_on_error=False, executor='parallel', parallel_workers=2, event_handlers=None, ignore_user_meta=False, metas=['./colcon.meta'], base_paths=['.'], packages_ignore=None, packages_ignore_regex=None, paths=None, packages_up_to=None, packages_up_to_regex=None, packages_above=None, packages_above_and_dependencies=None, packages_above_depth=None, packages_select_by_dep=None, packages_skip_by_dep=None, packages_skip_up_to=None, packages_select_build_failed=False, packages_skip_build_finished=False, packages_select_test_failures=False, packages_skip_test_passed=False, packages_select=None, packages_skip=None, packages_select_regex=None, packages_skip_regex=None, packages_start=None, packages_end=None, allow_overriding=[], cmake_args=None, cmake_target=None, cmake_target_skip_unavailable=False, cmake_clean_cache=False, cmake_clean_first=False, cmake_force_configure=False, ament_cmake_args=None, catkin_cmake_args=None, catkin_skip_building_tests=False, verb_parser=<colcon_defaults.argument_parser.defaults.DefaultArgumentsDecorator object at 0x7f0f23b85e40>, verb_extension=<colcon_core.verb.build.BuildVerb object at 0x7f0f23b858d0>, main=<bound method BuildVerb.main of <colcon_core.verb.build.BuildVerb object at 0x7f0f23b858d0>>)
[1.679s] Level 1:colcon.colcon_core.package_discovery:discover_packages(colcon_meta) check parameters
[1.679s] Level 1:colcon.colcon_core.package_discovery:discover_packages(recursive) check parameters
[1.680s] Level 1:colcon.colcon_core.package_discovery:discover_packages(ignore) check parameters
[1.680s] Level 1:colcon.colcon_core.package_discovery:discover_packages(path) check parameters
[1.680s] Level 1:colcon.colcon_core.package_discovery:discover_packages(colcon_meta) discover
[1.680s] Level 1:colcon.colcon_core.package_discovery:discover_packages(recursive) discover
[1.680s] INFO:colcon.colcon_core.package_discovery:Crawling recursively for packages in '/home/pradeshi/ros2_ws3'
[1.680s] Level 1:colcon.colcon_core.package_identification:_identify(.) by extensions ['ignore', 'ignore_ament_install']
[1.681s] Level 1:colcon.colcon_core.package_identification:_identify(.) by extension 'ignore'
[1.681s] Level 1:colcon.colcon_core.package_identification:_identify(.) by extension 'ignore_ament_install'
[1.681s] Level 1:colcon.colcon_core.package_identification:_identify(.) by extensions ['colcon_pkg']
[1.681s] Level 1:colcon.colcon_core.package_identification:_identify(.) by extension 'colcon_pkg'
[1.681s] Level 1:colcon.colcon_core.package_identification:_identify(.) by extensions ['colcon_meta']
[1.681s] Level 1:colcon.colcon_core.package_identification:_identify(.) by extension 'colcon_meta'
[1.681s] Level 1:colcon.colcon_core.package_identification:_identify(.) by extensions ['ros']
[1.681s] Level 1:colcon.colcon_core.package_identification:_identify(.) by extension 'ros'
[1.704s] Level 1:colcon.colcon_core.package_identification:_identify(.) by extensions ['cmake', 'python']
[1.704s] Level 1:colcon.colcon_core.package_identification:_identify(.) by extension 'cmake'
[1.705s] Level 1:colcon.colcon_core.package_identification:_identify(.) by extension 'python'
[1.705s] Level 1:colcon.colcon_core.package_identification:_identify(.) by extensions ['python_setup_py']
[1.705s] Level 1:colcon.colcon_core.package_identification:_identify(.) by extension 'python_setup_py'
[1.705s] Level 1:colcon.colcon_core.package_identification:_identify(build) by extensions ['ignore', 'ignore_ament_install']
[1.706s] Level 1:colcon.colcon_core.package_identification:_identify(build) by extension 'ignore'
[1.706s] Level 1:colcon.colcon_core.package_identification:_identify(build) ignored
[1.706s] Level 1:colcon.colcon_core.package_identification:_identify(install) by extensions ['ignore', 'ignore_ament_install']
[1.706s] Level 1:colcon.colcon_core.package_identification:_identify(install) by extension 'ignore'
[1.707s] Level 1:colcon.colcon_core.package_identification:_identify(install) ignored
[1.707s] Level 1:colcon.colcon_core.package_identification:_identify(log) by extensions ['ignore', 'ignore_ament_install']
[1.707s] Level 1:colcon.colcon_core.package_identification:_identify(log) by extension 'ignore'
[1.707s] Level 1:colcon.colcon_core.package_identification:_identify(log) ignored
[1.708s] Level 1:colcon.colcon_core.package_identification:_identify(src) by extensions ['ignore', 'ignore_ament_install']
[1.709s] Level 1:colcon.colcon_core.package_identification:_identify(src) by extension 'ignore'
[1.709s] Level 1:colcon.colcon_core.package_identification:_identify(src) by extension 'ignore_ament_install'
[1.709s] Level 1:colcon.colcon_core.package_identification:_identify(src) by extensions ['colcon_pkg']
[1.709s] Level 1:colcon.colcon_core.package_identification:_identify(src) by extension 'colcon_pkg'
[1.709s] Level 1:colcon.colcon_core.package_identification:_identify(src) by extensions ['colcon_meta']
[1.709s] Level 1:colcon.colcon_core.package_identification:_identify(src) by extension 'colcon_meta'
[1.709s] Level 1:colcon.colcon_core.package_identification:_identify(src) by extensions ['ros']
[1.709s] Level 1:colcon.colcon_core.package_identification:_identify(src) by extension 'ros'
[1.710s] Level 1:colcon.colcon_core.package_identification:_identify(src) by extensions ['cmake', 'python']
[1.710s] Level 1:colcon.colcon_core.package_identification:_identify(src) by extension 'cmake'
[1.710s] Level 1:colcon.colcon_core.package_identification:_identify(src) by extension 'python'
[1.710s] Level 1:colcon.colcon_core.package_identification:_identify(src) by extensions ['python_setup_py']
[1.710s] Level 1:colcon.colcon_core.package_identification:_identify(src) by extension 'python_setup_py'
[1.711s] Level 1:colcon.colcon_core.package_identification:_identify(src/lane_detector) by extensions ['ignore', 'ignore_ament_install']
[1.711s] Level 1:colcon.colcon_core.package_identification:_identify(src/lane_detector) by extension 'ignore'
[1.712s] Level 1:colcon.colcon_core.package_identification:_identify(src/lane_detector) by extension 'ignore_ament_install'
[1.712s] Level 1:colcon.colcon_core.package_identification:_identify(src/lane_detector) by extensions ['colcon_pkg']
[1.712s] Level 1:colcon.colcon_core.package_identification:_identify(src/lane_detector) by extension 'colcon_pkg'
[1.712s] Level 1:colcon.colcon_core.package_identification:_identify(src/lane_detector) by extensions ['colcon_meta']
[1.712s] Level 1:colcon.colcon_core.package_identification:_identify(src/lane_detector) by extension 'colcon_meta'
[1.712s] Level 1:colcon.colcon_core.package_identification:_identify(src/lane_detector) by extensions ['ros']
[1.712s] Level 1:colcon.colcon_core.package_identification:_identify(src/lane_detector) by extension 'ros'
[1.721s] DEBUG:colcon.colcon_core.package_identification:Package 'src/lane_detector' with type 'ros.ament_python' and name 'lane_detector'
[1.722s] Level 1:colcon.colcon_core.package_discovery:discover_packages(recursive) using defaults
[1.722s] Level 1:colcon.colcon_core.package_discovery:discover_packages(ignore) discover
[1.722s] Level 1:colcon.colcon_core.package_discovery:discover_packages(ignore) using defaults
[1.722s] Level 1:colcon.colcon_core.package_discovery:discover_packages(path) discover
[1.722s] Level 1:colcon.colcon_core.package_discovery:discover_packages(path) using defaults
[1.788s] Level 1:colcon.colcon_core.package_discovery:discover_packages(prefix_path) check parameters
[1.788s] Level 1:colcon.colcon_core.package_discovery:discover_packages(prefix_path) discover
[1.800s] DEBUG:colcon.colcon_installed_package_information.package_discovery:Found 1 installed packages in /home/pradeshi/ros2_ws3/install
[1.804s] DEBUG:colcon.colcon_installed_package_information.package_discovery:Found 0 installed packages in /home/pradeshi/ros2_ws1/install
[1.807s] DEBUG:colcon.colcon_installed_package_information.package_discovery:Found 270 installed packages in /opt/ros/humble
[1.812s] Level 1:colcon.colcon_core.package_discovery:discover_packages(prefix_path) using defaults
[1.922s] Level 5:colcon.colcon_core.verb:set package 'lane_detector' build argument 'cmake_args' from command line to 'None'
[1.922s] Level 5:colcon.colcon_core.verb:set package 'lane_detector' build argument 'cmake_target' from command line to 'None'
[1.922s] Level 5:colcon.colcon_core.verb:set package 'lane_detector' build argument 'cmake_target_skip_unavailable' from command line to 'False'
[1.922s] Level 5:colcon.colcon_core.verb:set package 'lane_detector' build argument 'cmake_clean_cache' from command line to 'False'
[1.923s] Level 5:colcon.colcon_core.verb:set package 'lane_detector' build argument 'cmake_clean_first' from command line to 'False'
[1.923s] Level 5:colcon.colcon_core.verb:set package 'lane_detector' build argument 'cmake_force_configure' from command line to 'False'
[1.923s] Level 5:colcon.colcon_core.verb:set package 'lane_detector' build argument 'ament_cmake_args' from command line to 'None'
[1.923s] Level 5:colcon.colcon_core.verb:set package 'lane_detector' build argument 'catkin_cmake_args' from command line to 'None'
[1.923s] Level 5:colcon.colcon_core.verb:set package 'lane_detector' build argument 'catkin_skip_building_tests' from command line to 'False'
[1.923s] DEBUG:colcon.colcon_core.verb:Building package 'lane_detector' with the following arguments: {'ament_cmake_args': None, 'build_base': '/home/pradeshi/ros2_ws3/build/lane_detector', 'catkin_cmake_args': None, 'catkin_skip_building_tests': False, 'cmake_args': None, 'cmake_clean_cache': False, 'cmake_clean_first': False, 'cmake_force_configure': False, 'cmake_target': None, 'cmake_target_skip_unavailable': False, 'install_base': '/home/pradeshi/ros2_ws3/install/lane_detector', 'merge_install': False, 'path': '/home/pradeshi/ros2_ws3/src/lane_detector', 'symlink_install': False, 'test_result_base': None}
[1.924s] INFO:colcon.colcon_core.executor:Executing jobs using 'parallel' executor
[1.930s] DEBUG:colcon.colcon_parallel_executor.executor.parallel:run_until_complete
[1.931s] INFO:colcon.colcon_ros.task.ament_python.build:Building ROS package in '/home/pradeshi/ros2_ws3/src/lane_detector' with build type 'ament_python'
[1.932s] Level 1:colcon.colcon_core.shell:create_environment_hook('lane_detector', 'ament_prefix_path')
[1.954s] INFO:colcon.colcon_core.plugin_system:Skipping extension 'colcon_core.shell.bat': Not used on non-Windows systems
[1.954s] INFO:colcon.colcon_core.shell:Creating environment hook '/home/pradeshi/ros2_ws3/install/lane_detector/share/lane_detector/hook/ament_prefix_path.ps1'
[1.962s] INFO:colcon.colcon_core.shell:Creating environment descriptor '/home/pradeshi/ros2_ws3/install/lane_detector/share/lane_detector/hook/ament_prefix_path.dsv'
[1.964s] INFO:colcon.colcon_core.shell:Creating environment hook '/home/pradeshi/ros2_ws3/install/lane_detector/share/lane_detector/hook/ament_prefix_path.sh'
[1.969s] INFO:colcon.colcon_core.shell:Skip shell extension 'powershell' for command environment: Not usable outside of PowerShell
[1.969s] DEBUG:colcon.colcon_core.shell:Skip shell extension 'dsv' for command environment
[2.528s] INFO:colcon.colcon_core.task.python.build:Building Python package in '/home/pradeshi/ros2_ws3/src/lane_detector'
[2.531s] INFO:colcon.colcon_core.shell:Skip shell extension 'powershell' for command environment: Not usable outside of PowerShell
[2.531s] DEBUG:colcon.colcon_core.shell:Skip shell extension 'dsv' for command environment
[3.508s] DEBUG:colcon.colcon_core.event_handler.log_command:Invoking command in '/home/pradeshi/ros2_ws3/build/lane_detector': PYTHONPATH=/home/pradeshi/ros2_ws3/build/lane_detector/prefix_override:/home/pradeshi/ros2_ws3/install/lane_detector/lib/python3.10/site-packages:${PYTHONPATH} /usr/bin/python3 setup.py develop --uninstall --editable --build-directory /home/pradeshi/ros2_ws3/build/lane_detector/build
[4.536s] DEBUG:colcon.colcon_core.event_handler.log_command:Invoked command in '/home/pradeshi/ros2_ws3/build/lane_detector' returned '0': PYTHONPATH=/home/pradeshi/ros2_ws3/build/lane_detector/prefix_override:/home/pradeshi/ros2_ws3/install/lane_detector/lib/python3.10/site-packages:${PYTHONPATH} /usr/bin/python3 setup.py develop --uninstall --editable --build-directory /home/pradeshi/ros2_ws3/build/lane_detector/build
[4.538s] DEBUG:colcon.colcon_core.event_handler.log_command:Invoking command in '/home/pradeshi/ros2_ws3/src/lane_detector': PYTHONPATH=/home/pradeshi/ros2_ws3/build/lane_detector/prefix_override:/home/pradeshi/ros2_ws3/install/lane_detector/lib/python3.10/site-packages:${PYTHONPATH} /usr/bin/python3 setup.py egg_info --egg-base ../../build/lane_detector build --build-base /home/pradeshi/ros2_ws3/build/lane_detector/build install --record /home/pradeshi/ros2_ws3/build/lane_detector/install.log --single-version-externally-managed
[5.255s] DEBUG:colcon.colcon_core.event_handler.log_command:Invoked command in '/home/pradeshi/ros2_ws3/src/lane_detector' returned '0': PYTHONPATH=/home/pradeshi/ros2_ws3/build/lane_detector/prefix_override:/home/pradeshi/ros2_ws3/install/lane_detector/lib/python3.10/site-packages:${PYTHONPATH} /usr/bin/python3 setup.py egg_info --egg-base ../../build/lane_detector build --build-base /home/pradeshi/ros2_ws3/build/lane_detector/build install --record /home/pradeshi/ros2_ws3/build/lane_detector/install.log --single-version-externally-managed
[5.283s] Level 1:colcon.colcon_core.environment:checking '/home/pradeshi/ros2_ws3/install/lane_detector' for CMake module files
[5.284s] Level 1:colcon.colcon_core.environment:checking '/home/pradeshi/ros2_ws3/install/lane_detector' for CMake config files
[5.287s] Level 1:colcon.colcon_core.environment:checking '/home/pradeshi/ros2_ws3/install/lane_detector/lib'
[5.288s] Level 1:colcon.colcon_core.environment:checking '/home/pradeshi/ros2_ws3/install/lane_detector/bin'
[5.288s] Level 1:colcon.colcon_core.environment:checking '/home/pradeshi/ros2_ws3/install/lane_detector/lib/pkgconfig/lane_detector.pc'
[5.288s] Level 1:colcon.colcon_core.environment:checking '/home/pradeshi/ros2_ws3/install/lane_detector/lib/python3.10/site-packages'
[5.289s] Level 1:colcon.colcon_core.shell:create_environment_hook('lane_detector', 'pythonpath')
[5.294s] INFO:colcon.colcon_core.shell:Creating environment hook '/home/pradeshi/ros2_ws3/install/lane_detector/share/lane_detector/hook/pythonpath.ps1'
[5.296s] INFO:colcon.colcon_core.shell:Creating environment descriptor '/home/pradeshi/ros2_ws3/install/lane_detector/share/lane_detector/hook/pythonpath.dsv'
[5.298s] INFO:colcon.colcon_core.shell:Creating environment hook '/home/pradeshi/ros2_ws3/install/lane_detector/share/lane_detector/hook/pythonpath.sh'
[5.300s] Level 1:colcon.colcon_core.environment:checking '/home/pradeshi/ros2_ws3/install/lane_detector/bin'
[5.300s] Level 1:colcon.colcon_core.environment:create_environment_scripts_only(lane_detector)
[5.306s] INFO:colcon.colcon_core.shell:Creating package script '/home/pradeshi/ros2_ws3/install/lane_detector/share/lane_detector/package.ps1'
[5.311s] INFO:colcon.colcon_core.shell:Creating package descriptor '/home/pradeshi/ros2_ws3/install/lane_detector/share/lane_detector/package.dsv'
[5.314s] INFO:colcon.colcon_core.shell:Creating package script '/home/pradeshi/ros2_ws3/install/lane_detector/share/lane_detector/package.sh'
[5.320s] INFO:colcon.colcon_core.shell:Creating package script '/home/pradeshi/ros2_ws3/install/lane_detector/share/lane_detector/package.bash'
[5.324s] INFO:colcon.colcon_core.shell:Creating package script '/home/pradeshi/ros2_ws3/install/lane_detector/share/lane_detector/package.zsh'
[5.329s] Level 1:colcon.colcon_core.environment:create_file_with_runtime_dependencies(/home/pradeshi/ros2_ws3/install/lane_detector/share/colcon-core/packages/lane_detector)
[5.331s] DEBUG:colcon.colcon_parallel_executor.executor.parallel:closing loop
[5.332s] DEBUG:colcon.colcon_parallel_executor.executor.parallel:loop closed
[5.333s] DEBUG:colcon.colcon_parallel_executor.executor.parallel:run_until_complete finished with '0'
[5.333s] DEBUG:colcon.colcon_core.event_reactor:joining thread
[5.356s] INFO:colcon.colcon_core.plugin_system:Skipping extension 'colcon_notification.desktop_notification.terminal_notifier': Not used on non-Darwin systems
[5.358s] INFO:colcon.colcon_core.plugin_system:Skipping extension 'colcon_notification.desktop_notification.win32': Not used on non-Windows systems
[5.358s] INFO:colcon.colcon_notification.desktop_notification:Sending desktop notification using 'notify2'
[5.451s] DEBUG:colcon.colcon_core.event_reactor:joined thread
[5.454s] INFO:colcon.colcon_core.shell:Creating prefix script '/home/pradeshi/ros2_ws3/install/local_setup.ps1'
[5.457s] INFO:colcon.colcon_core.shell:Creating prefix util module '/home/pradeshi/ros2_ws3/install/_local_setup_util_ps1.py'
[5.462s] INFO:colcon.colcon_core.shell:Creating prefix chain script '/home/pradeshi/ros2_ws3/install/setup.ps1'
[5.473s] INFO:colcon.colcon_core.shell:Creating prefix script '/home/pradeshi/ros2_ws3/install/local_setup.sh'
[5.476s] INFO:colcon.colcon_core.shell:Creating prefix util module '/home/pradeshi/ros2_ws3/install/_local_setup_util_sh.py'
[5.479s] INFO:colcon.colcon_core.shell:Creating prefix chain script '/home/pradeshi/ros2_ws3/install/setup.sh'
[5.488s] INFO:colcon.colcon_core.shell:Creating prefix script '/home/pradeshi/ros2_ws3/install/local_setup.bash'
[5.492s] INFO:colcon.colcon_core.shell:Creating prefix chain script '/home/pradeshi/ros2_ws3/install/setup.bash'
[5.522s] INFO:colcon.colcon_core.shell:Creating prefix script '/home/pradeshi/ros2_ws3/install/local_setup.zsh'
[5.524s] INFO:colcon.colcon_core.shell:Creating prefix chain script '/home/pradeshi/ros2_ws3/install/setup.zsh'
