[0.658s] Invoking command in '/home/pradeshi/ros2_ws3/build/lane_detector': PYTHONPATH=/home/pradeshi/ros2_ws3/build/lane_detector/prefix_override:/home/pradeshi/ros2_ws3/install/lane_detector/lib/python3.10/site-packages:${PYTHONPATH} /usr/bin/python3 setup.py develop --uninstall --editable --build-directory /home/pradeshi/ros2_ws3/build/lane_detector/build
[0.898s] running develop
[1.108s] Invoked command in '/home/pradeshi/ros2_ws3/build/lane_detector' returned '0': PYTHONPATH=/home/pradeshi/ros2_ws3/build/lane_detector/prefix_override:/home/pradeshi/ros2_ws3/install/lane_detector/lib/python3.10/site-packages:${PYTHONPATH} /usr/bin/python3 setup.py develop --uninstall --editable --build-directory /home/pradeshi/ros2_ws3/build/lane_detector/build
[1.111s] Invoking command in '/home/pradeshi/ros2_ws3/src/lane_detector': PYTHONPATH=/home/pradeshi/ros2_ws3/build/lane_detector/prefix_override:/home/pradeshi/ros2_ws3/install/lane_detector/lib/python3.10/site-packages:${PYTHONPATH} /usr/bin/python3 setup.py egg_info --egg-base ../../build/lane_detector build --build-base /home/pradeshi/ros2_ws3/build/lane_detector/build install --record /home/pradeshi/ros2_ws3/build/lane_detector/install.log --single-version-externally-managed
[1.362s] running egg_info
[1.362s] writing ../../build/lane_detector/lane_detector.egg-info/PKG-INFO
[1.362s] writing dependency_links to ../../build/lane_detector/lane_detector.egg-info/dependency_links.txt
[1.363s] writing entry points to ../../build/lane_detector/lane_detector.egg-info/entry_points.txt
[1.365s] writing requirements to ../../build/lane_detector/lane_detector.egg-info/requires.txt
[1.365s] writing top-level names to ../../build/lane_detector/lane_detector.egg-info/top_level.txt
[1.368s] reading manifest file '../../build/lane_detector/lane_detector.egg-info/SOURCES.txt'
[1.369s] writing manifest file '../../build/lane_detector/lane_detector.egg-info/SOURCES.txt'
[1.369s] running build
[1.370s] running build_py
[1.371s] copying lane_detector/camera_publisher.py -> /home/pradeshi/ros2_ws3/build/lane_detector/build/lib/lane_detector
[1.371s] running install
[1.372s] running install_lib
[1.374s] copying /home/pradeshi/ros2_ws3/build/lane_detector/build/lib/lane_detector/camera_publisher.py -> /home/pradeshi/ros2_ws3/install/lane_detector/lib/python3.10/site-packages/lane_detector
[1.375s] byte-compiling /home/pradeshi/ros2_ws3/install/lane_detector/lib/python3.10/site-packages/lane_detector/camera_publisher.py to camera_publisher.cpython-310.pyc
[1.375s] running install_data
[1.377s] running install_egg_info
[1.380s] removing '/home/pradeshi/ros2_ws3/install/lane_detector/lib/python3.10/site-packages/lane_detector-0.0.0-py3.10.egg-info' (and everything under it)
[1.384s] Copying ../../build/lane_detector/lane_detector.egg-info to /home/pradeshi/ros2_ws3/install/lane_detector/lib/python3.10/site-packages/lane_detector-0.0.0-py3.10.egg-info
[1.397s] running install_scripts
[1.415s] Installing opencv_sub script to /home/pradeshi/ros2_ws3/install/lane_detector/lib/lane_detector
[1.416s] Installing webcam_pub script to /home/pradeshi/ros2_ws3/install/lane_detector/lib/lane_detector
[1.416s] writing list of installed files to '/home/pradeshi/ros2_ws3/build/lane_detector/install.log'
[1.455s] Invoked command in '/home/pradeshi/ros2_ws3/src/lane_detector' returned '0': PYTHONPATH=/home/pradeshi/ros2_ws3/build/lane_detector/prefix_override:/home/pradeshi/ros2_ws3/install/lane_detector/lib/python3.10/site-packages:${PYTHONPATH} /usr/bin/python3 setup.py egg_info --egg-base ../../build/lane_detector build --build-base /home/pradeshi/ros2_ws3/build/lane_detector/build install --record /home/pradeshi/ros2_ws3/build/lane_detector/install.log --single-version-externally-managed
