[0.886s] Invoking command in '/home/pradeshi/ros2_ws3/build/lane_detector': PYTHONPATH=/home/pradeshi/ros2_ws3/build/lane_detector/prefix_override:/home/pradeshi/ros2_ws3/install/lane_detector/lib/python3.10/site-packages:${PYTHONPATH} /usr/bin/python3 setup.py develop --uninstall --editable --build-directory /home/pradeshi/ros2_ws3/build/lane_detector/build
[1.235s] running develop
[1.413s] Invoked command in '/home/pradeshi/ros2_ws3/build/lane_detector' returned '0': PYTHONPATH=/home/pradeshi/ros2_ws3/build/lane_detector/prefix_override:/home/pradeshi/ros2_ws3/install/lane_detector/lib/python3.10/site-packages:${PYTHONPATH} /usr/bin/python3 setup.py develop --uninstall --editable --build-directory /home/pradeshi/ros2_ws3/build/lane_detector/build
[1.415s] Invoking command in '/home/pradeshi/ros2_ws3/src/lane_detector': PYTHONPATH=/home/pradeshi/ros2_ws3/build/lane_detector/prefix_override:/home/pradeshi/ros2_ws3/install/lane_detector/lib/python3.10/site-packages:${PYTHONPATH} /usr/bin/python3 setup.py egg_info --egg-base ../../build/lane_detector build --build-base /home/pradeshi/ros2_ws3/build/lane_detector/build install --record /home/pradeshi/ros2_ws3/build/lane_detector/install.log --single-version-externally-managed
[1.629s] running egg_info
[1.630s] writing ../../build/lane_detector/lane_detector.egg-info/PKG-INFO
[1.630s] writing dependency_links to ../../build/lane_detector/lane_detector.egg-info/dependency_links.txt
[1.631s] writing entry points to ../../build/lane_detector/lane_detector.egg-info/entry_points.txt
[1.632s] writing requirements to ../../build/lane_detector/lane_detector.egg-info/requires.txt
[1.633s] writing top-level names to ../../build/lane_detector/lane_detector.egg-info/top_level.txt
[1.635s] reading manifest file '../../build/lane_detector/lane_detector.egg-info/SOURCES.txt'
[1.636s] writing manifest file '../../build/lane_detector/lane_detector.egg-info/SOURCES.txt'
[1.637s] running build
[1.637s] running build_py
[1.638s] copying lane_detector/visualization.py -> /home/pradeshi/ros2_ws3/build/lane_detector/build/lib/lane_detector
[1.638s] copying lane_detector/constants.py -> /home/pradeshi/ros2_ws3/build/lane_detector/build/lib/lane_detector
[1.638s] copying lane_detector/lane_detection.py -> /home/pradeshi/ros2_ws3/build/lane_detector/build/lib/lane_detector
[1.639s] running install
[1.640s] running install_lib
[1.641s] copying /home/pradeshi/ros2_ws3/build/lane_detector/build/lib/lane_detector/visualization.py -> /home/pradeshi/ros2_ws3/install/lane_detector/lib/python3.10/site-packages/lane_detector
[1.641s] copying /home/pradeshi/ros2_ws3/build/lane_detector/build/lib/lane_detector/constants.py -> /home/pradeshi/ros2_ws3/install/lane_detector/lib/python3.10/site-packages/lane_detector
[1.641s] copying /home/pradeshi/ros2_ws3/build/lane_detector/build/lib/lane_detector/lane_detection.py -> /home/pradeshi/ros2_ws3/install/lane_detector/lib/python3.10/site-packages/lane_detector
[1.645s] byte-compiling /home/pradeshi/ros2_ws3/install/lane_detector/lib/python3.10/site-packages/lane_detector/visualization.py to visualization.cpython-310.pyc
[1.645s] byte-compiling /home/pradeshi/ros2_ws3/install/lane_detector/lib/python3.10/site-packages/lane_detector/constants.py to constants.cpython-310.pyc
[1.645s] byte-compiling /home/pradeshi/ros2_ws3/install/lane_detector/lib/python3.10/site-packages/lane_detector/lane_detection.py to lane_detection.cpython-310.pyc
[1.648s] running install_data
[1.648s] running install_egg_info
[1.650s] removing '/home/pradeshi/ros2_ws3/install/lane_detector/lib/python3.10/site-packages/lane_detector-0.0.0-py3.10.egg-info' (and everything under it)
[1.651s] Copying ../../build/lane_detector/lane_detector.egg-info to /home/pradeshi/ros2_ws3/install/lane_detector/lib/python3.10/site-packages/lane_detector-0.0.0-py3.10.egg-info
[1.653s] running install_scripts
[1.673s] Installing opencv_sub script to /home/pradeshi/ros2_ws3/install/lane_detector/lib/lane_detector
[1.673s] Installing webcam_pub script to /home/pradeshi/ros2_ws3/install/lane_detector/lib/lane_detector
[1.674s] writing list of installed files to '/home/pradeshi/ros2_ws3/build/lane_detector/install.log'
[1.710s] Invoked command in '/home/pradeshi/ros2_ws3/src/lane_detector' returned '0': PYTHONPATH=/home/pradeshi/ros2_ws3/build/lane_detector/prefix_override:/home/pradeshi/ros2_ws3/install/lane_detector/lib/python3.10/site-packages:${PYTHONPATH} /usr/bin/python3 setup.py egg_info --egg-base ../../build/lane_detector build --build-base /home/pradeshi/ros2_ws3/build/lane_detector/build install --record /home/pradeshi/ros2_ws3/build/lane_detector/install.log --single-version-externally-managed
