[0.713s] Invoking command in '/home/pradeshi/ros2_ws3/src/lane_detector': PYTHONPATH=/home/pradeshi/ros2_ws3/build/lane_detector/prefix_override:/home/pradeshi/ros2_ws3/install/lane_detector/lib/python3.10/site-packages:${PYTHONPATH} /usr/bin/python3 setup.py egg_info --egg-base ../../build/lane_detector build --build-base /home/pradeshi/ros2_ws3/build/lane_detector/build install --record /home/pradeshi/ros2_ws3/build/lane_detector/install.log --single-version-externally-managed
[0.926s] running egg_info
[0.927s] writing ../../build/lane_detector/lane_detector.egg-info/PKG-INFO
[0.927s] writing dependency_links to ../../build/lane_detector/lane_detector.egg-info/dependency_links.txt
[0.928s] writing entry points to ../../build/lane_detector/lane_detector.egg-info/entry_points.txt
[0.928s] writing requirements to ../../build/lane_detector/lane_detector.egg-info/requires.txt
[0.928s] writing top-level names to ../../build/lane_detector/lane_detector.egg-info/top_level.txt
[0.932s] reading manifest file '../../build/lane_detector/lane_detector.egg-info/SOURCES.txt'
[0.933s] writing manifest file '../../build/lane_detector/lane_detector.egg-info/SOURCES.txt'
[0.934s] running build
[0.934s] running build_py
[0.934s] copying lane_detector/opencv_subscriber.py -> /home/pradeshi/ros2_ws3/build/lane_detector/build/lib/lane_detector
[0.934s] copying lane_detector/camera_publisher.py -> /home/pradeshi/ros2_ws3/build/lane_detector/build/lib/lane_detector
[0.934s] running install
[0.935s] running install_lib
[0.937s] copying /home/pradeshi/ros2_ws3/build/lane_detector/build/lib/lane_detector/opencv_subscriber.py -> /home/pradeshi/ros2_ws3/install/lane_detector/lib/python3.10/site-packages/lane_detector
[0.937s] copying /home/pradeshi/ros2_ws3/build/lane_detector/build/lib/lane_detector/camera_publisher.py -> /home/pradeshi/ros2_ws3/install/lane_detector/lib/python3.10/site-packages/lane_detector
[0.937s] byte-compiling /home/pradeshi/ros2_ws3/install/lane_detector/lib/python3.10/site-packages/lane_detector/opencv_subscriber.py to opencv_subscriber.cpython-310.pyc
[0.938s] byte-compiling /home/pradeshi/ros2_ws3/install/lane_detector/lib/python3.10/site-packages/lane_detector/camera_publisher.py to camera_publisher.cpython-310.pyc
[0.939s] running install_data
[0.942s] running install_egg_info
[0.948s] removing '/home/pradeshi/ros2_ws3/install/lane_detector/lib/python3.10/site-packages/lane_detector-0.0.0-py3.10.egg-info' (and everything under it)
[0.954s] Copying ../../build/lane_detector/lane_detector.egg-info to /home/pradeshi/ros2_ws3/install/lane_detector/lib/python3.10/site-packages/lane_detector-0.0.0-py3.10.egg-info
[0.957s] running install_scripts
[0.978s] Installing webcam_pub= lane_detector.camera_publisher:mainopencv_sub script to /home/pradeshi/ros2_ws3/install/lane_detector/lib/lane_detector
[0.978s] writing list of installed files to '/home/pradeshi/ros2_ws3/build/lane_detector/install.log'
[1.047s] Invoked command in '/home/pradeshi/ros2_ws3/src/lane_detector' returned '0': PYTHONPATH=/home/pradeshi/ros2_ws3/build/lane_detector/prefix_override:/home/pradeshi/ros2_ws3/install/lane_detector/lib/python3.10/site-packages:${PYTHONPATH} /usr/bin/python3 setup.py egg_info --egg-base ../../build/lane_detector build --build-base /home/pradeshi/ros2_ws3/build/lane_detector/build install --record /home/pradeshi/ros2_ws3/build/lane_detector/install.log --single-version-externally-managed
