[0.777s] Invoking command in '/home/pradeshi/ros2_ws3/build/lane_detector': PYTHONPATH=/home/pradeshi/ros2_ws3/build/lane_detector/prefix_override:/home/pradeshi/ros2_ws3/install/lane_detector/lib/python3.10/site-packages:${PYTHONPATH} /usr/bin/python3 setup.py develop --uninstall --editable --build-directory /home/pradeshi/ros2_ws3/build/lane_detector/build
[1.099s] running develop
[1.438s] Invoked command in '/home/pradeshi/ros2_ws3/build/lane_detector' returned '0': PYTHONPATH=/home/pradeshi/ros2_ws3/build/lane_detector/prefix_override:/home/pradeshi/ros2_ws3/install/lane_detector/lib/python3.10/site-packages:${PYTHONPATH} /usr/bin/python3 setup.py develop --uninstall --editable --build-directory /home/pradeshi/ros2_ws3/build/lane_detector/build
[1.438s] Invoking command in '/home/pradeshi/ros2_ws3/src/lane_detector': PYTHONPATH=/home/pradeshi/ros2_ws3/build/lane_detector/prefix_override:/home/pradeshi/ros2_ws3/install/lane_detector/lib/python3.10/site-packages:${PYTHONPATH} /usr/bin/python3 setup.py egg_info --egg-base ../../build/lane_detector build --build-base /home/pradeshi/ros2_ws3/build/lane_detector/build install --record /home/pradeshi/ros2_ws3/build/lane_detector/install.log --single-version-externally-managed
[1.656s] running egg_info
[1.657s] writing ../../build/lane_detector/lane_detector.egg-info/PKG-INFO
[1.658s] writing dependency_links to ../../build/lane_detector/lane_detector.egg-info/dependency_links.txt
[1.658s] writing entry points to ../../build/lane_detector/lane_detector.egg-info/entry_points.txt
[1.658s] writing requirements to ../../build/lane_detector/lane_detector.egg-info/requires.txt
[1.659s] writing top-level names to ../../build/lane_detector/lane_detector.egg-info/top_level.txt
[1.663s] reading manifest file '../../build/lane_detector/lane_detector.egg-info/SOURCES.txt'
[1.663s] writing manifest file '../../build/lane_detector/lane_detector.egg-info/SOURCES.txt'
[1.664s] running build
[1.665s] running build_py
[1.665s] copying lane_detector/opencv_subscriber.py -> /home/pradeshi/ros2_ws3/build/lane_detector/build/lib/lane_detector
[1.665s] running install
[1.666s] running install_lib
[1.667s] copying /home/pradeshi/ros2_ws3/build/lane_detector/build/lib/lane_detector/opencv_subscriber.py -> /home/pradeshi/ros2_ws3/install/lane_detector/lib/python3.10/site-packages/lane_detector
[1.668s] byte-compiling /home/pradeshi/ros2_ws3/install/lane_detector/lib/python3.10/site-packages/lane_detector/opencv_subscriber.py to opencv_subscriber.cpython-310.pyc
[1.671s] running install_data
[1.672s] running install_egg_info
[1.674s] removing '/home/pradeshi/ros2_ws3/install/lane_detector/lib/python3.10/site-packages/lane_detector-0.0.0-py3.10.egg-info' (and everything under it)
[1.675s] Copying ../../build/lane_detector/lane_detector.egg-info to /home/pradeshi/ros2_ws3/install/lane_detector/lib/python3.10/site-packages/lane_detector-0.0.0-py3.10.egg-info
[1.675s] running install_scripts
[1.693s] Installing opencv_sub script to /home/pradeshi/ros2_ws3/install/lane_detector/lib/lane_detector
[1.694s] Installing webcam_pub script to /home/pradeshi/ros2_ws3/install/lane_detector/lib/lane_detector
[1.695s] writing list of installed files to '/home/pradeshi/ros2_ws3/build/lane_detector/install.log'
[1.743s] Invoked command in '/home/pradeshi/ros2_ws3/src/lane_detector' returned '0': PYTHONPATH=/home/pradeshi/ros2_ws3/build/lane_detector/prefix_override:/home/pradeshi/ros2_ws3/install/lane_detector/lib/python3.10/site-packages:${PYTHONPATH} /usr/bin/python3 setup.py egg_info --egg-base ../../build/lane_detector build --build-base /home/pradeshi/ros2_ws3/build/lane_detector/build install --record /home/pradeshi/ros2_ws3/build/lane_detector/install.log --single-version-externally-managed
