[0.769s] Invoking command in '/home/pradeshi/ros2_ws3/build/lane_detector': PYTHONPATH=/home/pradeshi/ros2_ws3/build/lane_detector/prefix_override:/home/pradeshi/ros2_ws3/install/lane_detector/lib/python3.10/site-packages:${PYTHONPATH} /usr/bin/python3 setup.py develop --uninstall --editable --build-directory /home/pradeshi/ros2_ws3/build/lane_detector/build
[1.021s] running develop
[1.286s] Invoked command in '/home/pradeshi/ros2_ws3/build/lane_detector' returned '0': PYTHONPATH=/home/pradeshi/ros2_ws3/build/lane_detector/prefix_override:/home/pradeshi/ros2_ws3/install/lane_detector/lib/python3.10/site-packages:${PYTHONPATH} /usr/bin/python3 setup.py develop --uninstall --editable --build-directory /home/pradeshi/ros2_ws3/build/lane_detector/build
[1.286s] Invoking command in '/home/pradeshi/ros2_ws3/src/lane_detector': PYTHONPATH=/home/pradeshi/ros2_ws3/build/lane_detector/prefix_override:/home/pradeshi/ros2_ws3/install/lane_detector/lib/python3.10/site-packages:${PYTHONPATH} /usr/bin/python3 setup.py egg_info --egg-base ../../build/lane_detector build --build-base /home/pradeshi/ros2_ws3/build/lane_detector/build install --record /home/pradeshi/ros2_ws3/build/lane_detector/install.log --single-version-externally-managed
[1.563s] running egg_info
[1.564s] writing ../../build/lane_detector/lane_detector.egg-info/PKG-INFO
[1.565s] writing dependency_links to ../../build/lane_detector/lane_detector.egg-info/dependency_links.txt
[1.565s] writing entry points to ../../build/lane_detector/lane_detector.egg-info/entry_points.txt
[1.565s] writing requirements to ../../build/lane_detector/lane_detector.egg-info/requires.txt
[1.565s] writing top-level names to ../../build/lane_detector/lane_detector.egg-info/top_level.txt
[1.571s] reading manifest file '../../build/lane_detector/lane_detector.egg-info/SOURCES.txt'
[1.572s] writing manifest file '../../build/lane_detector/lane_detector.egg-info/SOURCES.txt'
[1.572s] running build
[1.572s] running build_py
[1.572s] copying lane_detector/camera_publisher.py -> /home/pradeshi/ros2_ws3/build/lane_detector/build/lib/lane_detector
[1.572s] running install
[1.572s] running install_lib
[1.572s] copying /home/pradeshi/ros2_ws3/build/lane_detector/build/lib/lane_detector/camera_publisher.py -> /home/pradeshi/ros2_ws3/install/lane_detector/lib/python3.10/site-packages/lane_detector
[1.574s] byte-compiling /home/pradeshi/ros2_ws3/install/lane_detector/lib/python3.10/site-packages/lane_detector/camera_publisher.py to camera_publisher.cpython-310.pyc
[1.574s] running install_data
[1.576s] copying package.xml -> /home/pradeshi/ros2_ws3/install/lane_detector/share/lane_detector
[1.577s] running install_egg_info
[1.580s] removing '/home/pradeshi/ros2_ws3/install/lane_detector/lib/python3.10/site-packages/lane_detector-0.0.0-py3.10.egg-info' (and everything under it)
[1.585s] Copying ../../build/lane_detector/lane_detector.egg-info to /home/pradeshi/ros2_ws3/install/lane_detector/lib/python3.10/site-packages/lane_detector-0.0.0-py3.10.egg-info
[1.587s] running install_scripts
[1.604s] Installing opencv_sub script to /home/pradeshi/ros2_ws3/install/lane_detector/lib/lane_detector
[1.605s] Installing webcam_pub script to /home/pradeshi/ros2_ws3/install/lane_detector/lib/lane_detector
[1.605s] writing list of installed files to '/home/pradeshi/ros2_ws3/build/lane_detector/install.log'
[1.647s] Invoked command in '/home/pradeshi/ros2_ws3/src/lane_detector' returned '0': PYTHONPATH=/home/pradeshi/ros2_ws3/build/lane_detector/prefix_override:/home/pradeshi/ros2_ws3/install/lane_detector/lib/python3.10/site-packages:${PYTHONPATH} /usr/bin/python3 setup.py egg_info --egg-base ../../build/lane_detector build --build-base /home/pradeshi/ros2_ws3/build/lane_detector/build install --record /home/pradeshi/ros2_ws3/build/lane_detector/install.log --single-version-externally-managed
