[0.960s] Invoking command in '/home/pradeshi/ros2_ws3/src/lane_detector': PYTHONPATH=/home/pradeshi/ros2_ws3/build/lane_detector/prefix_override:/home/pradeshi/ros2_ws3/install/lane_detector/lib/python3.10/site-packages:${PYTHONPATH} /usr/bin/python3 setup.py egg_info --egg-base ../../build/lane_detector build --build-base /home/pradeshi/ros2_ws3/build/lane_detector/build install --record /home/pradeshi/ros2_ws3/build/lane_detector/install.log --single-version-externally-managed
[1.682s] running egg_info
[1.685s] writing ../../build/lane_detector/lane_detector.egg-info/PKG-INFO
[1.687s] writing dependency_links to ../../build/lane_detector/lane_detector.egg-info/dependency_links.txt
[1.689s] writing entry points to ../../build/lane_detector/lane_detector.egg-info/entry_points.txt
[1.692s] writing requirements to ../../build/lane_detector/lane_detector.egg-info/requires.txt
[1.694s] writing top-level names to ../../build/lane_detector/lane_detector.egg-info/top_level.txt
[1.700s] reading manifest file '../../build/lane_detector/lane_detector.egg-info/SOURCES.txt'
[1.702s] writing manifest file '../../build/lane_detector/lane_detector.egg-info/SOURCES.txt'
[1.703s] running build
[1.703s] running build_py
[1.704s] running install
[1.705s] running install_lib
[1.707s] running install_data
[1.709s] running install_egg_info
[1.713s] removing '/home/pradeshi/ros2_ws3/install/lane_detector/lib/python3.10/site-packages/lane_detector-0.0.0-py3.10.egg-info' (and everything under it)
[1.715s] Copying ../../build/lane_detector/lane_detector.egg-info to /home/pradeshi/ros2_ws3/install/lane_detector/lib/python3.10/site-packages/lane_detector-0.0.0-py3.10.egg-info
[1.717s] running install_scripts
[1.768s] writing list of installed files to '/home/pradeshi/ros2_ws3/build/lane_detector/install.log'
[1.848s] Invoked command in '/home/pradeshi/ros2_ws3/src/lane_detector' returned '0': PYTHONPATH=/home/pradeshi/ros2_ws3/build/lane_detector/prefix_override:/home/pradeshi/ros2_ws3/install/lane_detector/lib/python3.10/site-packages:${PYTHONPATH} /usr/bin/python3 setup.py egg_info --egg-base ../../build/lane_detector build --build-base /home/pradeshi/ros2_ws3/build/lane_detector/build install --record /home/pradeshi/ros2_ws3/build/lane_detector/install.log --single-version-externally-managed
