[1.560s] Invoking command in '/home/pradeshi/ros2_ws3/build/lane_detector': PYTHONPATH=/home/pradeshi/ros2_ws3/build/lane_detector/prefix_override:/home/pradeshi/ros2_ws3/install/lane_detector/lib/python3.10/site-packages:${PYTHONPATH} /usr/bin/python3 setup.py develop --uninstall --editable --build-directory /home/pradeshi/ros2_ws3/build/lane_detector/build
[2.134s] running develop
[2.596s] Invoked command in '/home/pradeshi/ros2_ws3/build/lane_detector' returned '0': PYTHONPATH=/home/pradeshi/ros2_ws3/build/lane_detector/prefix_override:/home/pradeshi/ros2_ws3/install/lane_detector/lib/python3.10/site-packages:${PYTHONPATH} /usr/bin/python3 setup.py develop --uninstall --editable --build-directory /home/pradeshi/ros2_ws3/build/lane_detector/build
[2.597s] Invoking command in '/home/pradeshi/ros2_ws3/src/lane_detector': PYTHONPATH=/home/pradeshi/ros2_ws3/build/lane_detector/prefix_override:/home/pradeshi/ros2_ws3/install/lane_detector/lib/python3.10/site-packages:${PYTHONPATH} /usr/bin/python3 setup.py egg_info --egg-base ../../build/lane_detector build --build-base /home/pradeshi/ros2_ws3/build/lane_detector/build install --record /home/pradeshi/ros2_ws3/build/lane_detector/install.log --single-version-externally-managed
[3.206s] running egg_info
[3.208s] writing ../../build/lane_detector/lane_detector.egg-info/PKG-INFO
[3.208s] writing dependency_links to ../../build/lane_detector/lane_detector.egg-info/dependency_links.txt
[3.209s] writing entry points to ../../build/lane_detector/lane_detector.egg-info/entry_points.txt
[3.209s] writing requirements to ../../build/lane_detector/lane_detector.egg-info/requires.txt
[3.210s] writing top-level names to ../../build/lane_detector/lane_detector.egg-info/top_level.txt
[3.214s] reading manifest file '../../build/lane_detector/lane_detector.egg-info/SOURCES.txt'
[3.217s] writing manifest file '../../build/lane_detector/lane_detector.egg-info/SOURCES.txt'
[3.218s] running build
[3.218s] running build_py
[3.220s] copying lane_detector/visualization.py -> /home/pradeshi/ros2_ws3/build/lane_detector/build/lib/lane_detector
[3.221s] copying lane_detector/lane_detection.py -> /home/pradeshi/ros2_ws3/build/lane_detector/build/lib/lane_detector
[3.221s] copying lane_detector/transform_points.py -> /home/pradeshi/ros2_ws3/build/lane_detector/build/lib/lane_detector
[3.222s] running install
[3.222s] running install_lib
[3.225s] copying /home/pradeshi/ros2_ws3/build/lane_detector/build/lib/lane_detector/visualization.py -> /home/pradeshi/ros2_ws3/install/lane_detector/lib/python3.10/site-packages/lane_detector
[3.226s] copying /home/pradeshi/ros2_ws3/build/lane_detector/build/lib/lane_detector/lane_detection.py -> /home/pradeshi/ros2_ws3/install/lane_detector/lib/python3.10/site-packages/lane_detector
[3.226s] copying /home/pradeshi/ros2_ws3/build/lane_detector/build/lib/lane_detector/transform_points.py -> /home/pradeshi/ros2_ws3/install/lane_detector/lib/python3.10/site-packages/lane_detector
[3.227s] byte-compiling /home/pradeshi/ros2_ws3/install/lane_detector/lib/python3.10/site-packages/lane_detector/visualization.py to visualization.cpython-310.pyc
[3.230s] byte-compiling /home/pradeshi/ros2_ws3/install/lane_detector/lib/python3.10/site-packages/lane_detector/lane_detection.py to lane_detection.cpython-310.pyc
[3.234s] byte-compiling /home/pradeshi/ros2_ws3/install/lane_detector/lib/python3.10/site-packages/lane_detector/transform_points.py to transform_points.cpython-310.pyc
[3.236s] running install_data
[3.238s] running install_egg_info
[3.242s] removing '/home/pradeshi/ros2_ws3/install/lane_detector/lib/python3.10/site-packages/lane_detector-0.0.0-py3.10.egg-info' (and everything under it)
[3.243s] Copying ../../build/lane_detector/lane_detector.egg-info to /home/pradeshi/ros2_ws3/install/lane_detector/lib/python3.10/site-packages/lane_detector-0.0.0-py3.10.egg-info
[3.246s] running install_scripts
[3.284s] Installing opencv_sub script to /home/pradeshi/ros2_ws3/install/lane_detector/lib/lane_detector
[3.285s] Installing webcam_pub script to /home/pradeshi/ros2_ws3/install/lane_detector/lib/lane_detector
[3.286s] writing list of installed files to '/home/pradeshi/ros2_ws3/build/lane_detector/install.log'
[3.344s] Invoked command in '/home/pradeshi/ros2_ws3/src/lane_detector' returned '0': PYTHONPATH=/home/pradeshi/ros2_ws3/build/lane_detector/prefix_override:/home/pradeshi/ros2_ws3/install/lane_detector/lib/python3.10/site-packages:${PYTHONPATH} /usr/bin/python3 setup.py egg_info --egg-base ../../build/lane_detector build --build-base /home/pradeshi/ros2_ws3/build/lane_detector/build install --record /home/pradeshi/ros2_ws3/build/lane_detector/install.log --single-version-externally-managed
