[0.067s] Invoking command in '/home/pradeshi/ros2_ws3/build/teleop_tools_msgs': CMAKE_PREFIX_PATH=/home/pradeshi/ros2_ws3/install/lane_detector:/opt/ros/humble /usr/bin/cmake --build /home/pradeshi/ros2_ws3/build/teleop_tools_msgs -- -j2 -l2
[0.226s] [35m[1mConsolidate compiler generated dependencies of target teleop_tools_msgs__rosidl_generator_c[0m
[0.272s] [  3%] Built target teleop_tools_msgs__cpp
[0.285s] [ 12%] Built target teleop_tools_msgs__rosidl_generator_c
[0.313s] [35m[1mConsolidate compiler generated dependencies of target teleop_tools_msgs__rosidl_typesupport_cpp[0m
[0.376s] [ 22%] Built target teleop_tools_msgs__rosidl_typesupport_cpp
[0.397s] [35m[1mConsolidate compiler generated dependencies of target teleop_tools_msgs__rosidl_typesupport_fastrtps_c[0m
[0.418s] [ 22%] Built target ament_cmake_python_copy_teleop_tools_msgs
[0.446s] [ 32%] Built target teleop_tools_msgs__rosidl_typesupport_fastrtps_c
[0.469s] [35m[1mConsolidate compiler generated dependencies of target teleop_tools_msgs__rosidl_typesupport_c[0m
[0.485s] [35m[1mConsolidate compiler generated dependencies of target teleop_tools_msgs__rosidl_typesupport_introspection_c[0m
[0.503s] [ 41%] Built target teleop_tools_msgs__rosidl_typesupport_c
[0.543s] [35m[1mConsolidate compiler generated dependencies of target teleop_tools_msgs__rosidl_typesupport_fastrtps_cpp[0m
[0.544s] [ 51%] Built target teleop_tools_msgs__rosidl_typesupport_introspection_c
[0.593s] [ 61%] Built target teleop_tools_msgs__rosidl_typesupport_fastrtps_cpp
[0.616s] [35m[1mConsolidate compiler generated dependencies of target teleop_tools_msgs__rosidl_typesupport_introspection_cpp[0m
[0.702s] [ 70%] Built target teleop_tools_msgs__rosidl_typesupport_introspection_cpp
[0.829s] [ 70%] Built target teleop_tools_msgs
[0.981s] [ 74%] Built target teleop_tools_msgs__py
[1.135s] [35m[1mConsolidate compiler generated dependencies of target teleop_tools_msgs__rosidl_generator_py[0m
[1.264s] [ 80%] Built target teleop_tools_msgs__rosidl_generator_py
[1.338s] [35m[1mConsolidate compiler generated dependencies of target teleop_tools_msgs__rosidl_typesupport_fastrtps_c__pyext[0m
[1.488s] [ 87%] Built target teleop_tools_msgs__rosidl_typesupport_fastrtps_c__pyext
[1.580s] [35m[1mConsolidate compiler generated dependencies of target teleop_tools_msgs__rosidl_typesupport_introspection_c__pyext[0m
[1.675s] [ 93%] Built target teleop_tools_msgs__rosidl_typesupport_introspection_c__pyext
[1.756s] running egg_info
[1.762s] writing teleop_tools_msgs.egg-info/PKG-INFO
[1.763s] writing dependency_links to teleop_tools_msgs.egg-info/dependency_links.txt
[1.774s] writing top-level names to teleop_tools_msgs.egg-info/top_level.txt
[1.775s] [35m[1mConsolidate compiler generated dependencies of target teleop_tools_msgs__rosidl_typesupport_c__pyext[0m
[1.809s] reading manifest file 'teleop_tools_msgs.egg-info/SOURCES.txt'
[1.812s] writing manifest file 'teleop_tools_msgs.egg-info/SOURCES.txt'
[1.868s] [100%] Built target teleop_tools_msgs__rosidl_typesupport_c__pyext
[1.913s] [100%] Built target ament_cmake_python_build_teleop_tools_msgs_egg
[1.951s] Invoked command in '/home/pradeshi/ros2_ws3/build/teleop_tools_msgs' returned '0': CMAKE_PREFIX_PATH=/home/pradeshi/ros2_ws3/install/lane_detector:/opt/ros/humble /usr/bin/cmake --build /home/pradeshi/ros2_ws3/build/teleop_tools_msgs -- -j2 -l2
[2.107s] Invoking command in '/home/pradeshi/ros2_ws3/build/teleop_tools_msgs': CMAKE_PREFIX_PATH=/home/pradeshi/ros2_ws3/install/lane_detector:/opt/ros/humble /usr/bin/cmake --install /home/pradeshi/ros2_ws3/build/teleop_tools_msgs
[2.124s] -- Install configuration: ""
[2.125s] -- Up-to-date: /home/pradeshi/ros2_ws3/install/teleop_tools_msgs/share/ament_index/resource_index/rosidl_interfaces/teleop_tools_msgs
[2.126s] -- Up-to-date: /home/pradeshi/ros2_ws3/install/teleop_tools_msgs/include/teleop_tools_msgs/teleop_tools_msgs
[2.127s] -- Up-to-date: /home/pradeshi/ros2_ws3/install/teleop_tools_msgs/include/teleop_tools_msgs/teleop_tools_msgs/msg
[2.127s] -- Up-to-date: /home/pradeshi/ros2_ws3/install/teleop_tools_msgs/include/teleop_tools_msgs/teleop_tools_msgs/msg/rosidl_generator_c__visibility_control.h
[2.128s] -- Up-to-date: /home/pradeshi/ros2_ws3/install/teleop_tools_msgs/include/teleop_tools_msgs/teleop_tools_msgs/action
[2.129s] -- Up-to-date: /home/pradeshi/ros2_ws3/install/teleop_tools_msgs/include/teleop_tools_msgs/teleop_tools_msgs/action/increment.h
[2.130s] -- Up-to-date: /home/pradeshi/ros2_ws3/install/teleop_tools_msgs/include/teleop_tools_msgs/teleop_tools_msgs/action/detail
[2.131s] -- Up-to-date: /home/pradeshi/ros2_ws3/install/teleop_tools_msgs/include/teleop_tools_msgs/teleop_tools_msgs/action/detail/increment__functions.c
[2.131s] -- Up-to-date: /home/pradeshi/ros2_ws3/install/teleop_tools_msgs/include/teleop_tools_msgs/teleop_tools_msgs/action/detail/increment__type_support.h
[2.132s] -- Up-to-date: /home/pradeshi/ros2_ws3/install/teleop_tools_msgs/include/teleop_tools_msgs/teleop_tools_msgs/action/detail/increment__functions.h
[2.133s] -- Up-to-date: /home/pradeshi/ros2_ws3/install/teleop_tools_msgs/include/teleop_tools_msgs/teleop_tools_msgs/action/detail/increment__struct.h
[2.134s] -- Up-to-date: /home/pradeshi/ros2_ws3/install/teleop_tools_msgs/share/teleop_tools_msgs/environment/library_path.sh
[2.135s] -- Up-to-date: /home/pradeshi/ros2_ws3/install/teleop_tools_msgs/share/teleop_tools_msgs/environment/library_path.dsv
[2.136s] -- Up-to-date: /home/pradeshi/ros2_ws3/install/teleop_tools_msgs/lib/libteleop_tools_msgs__rosidl_generator_c.so
[2.137s] -- Up-to-date: /home/pradeshi/ros2_ws3/install/teleop_tools_msgs/include/teleop_tools_msgs/teleop_tools_msgs
[2.138s] -- Up-to-date: /home/pradeshi/ros2_ws3/install/teleop_tools_msgs/include/teleop_tools_msgs/teleop_tools_msgs/msg
[2.139s] -- Up-to-date: /home/pradeshi/ros2_ws3/install/teleop_tools_msgs/include/teleop_tools_msgs/teleop_tools_msgs/msg/rosidl_typesupport_fastrtps_c__visibility_control.h
[2.139s] -- Up-to-date: /home/pradeshi/ros2_ws3/install/teleop_tools_msgs/include/teleop_tools_msgs/teleop_tools_msgs/action
[2.140s] -- Up-to-date: /home/pradeshi/ros2_ws3/install/teleop_tools_msgs/include/teleop_tools_msgs/teleop_tools_msgs/action/detail
[2.142s] -- Up-to-date: /home/pradeshi/ros2_ws3/install/teleop_tools_msgs/include/teleop_tools_msgs/teleop_tools_msgs/action/detail/increment__rosidl_typesupport_fastrtps_c.h
[2.143s] -- Up-to-date: /home/pradeshi/ros2_ws3/install/teleop_tools_msgs/lib/libteleop_tools_msgs__rosidl_typesupport_fastrtps_c.so
[2.145s] -- Up-to-date: /home/pradeshi/ros2_ws3/install/teleop_tools_msgs/include/teleop_tools_msgs/teleop_tools_msgs
[2.146s] -- Up-to-date: /home/pradeshi/ros2_ws3/install/teleop_tools_msgs/include/teleop_tools_msgs/teleop_tools_msgs/msg
[2.147s] -- Up-to-date: /home/pradeshi/ros2_ws3/install/teleop_tools_msgs/include/teleop_tools_msgs/teleop_tools_msgs/msg/rosidl_typesupport_introspection_c__visibility_control.h
[2.148s] -- Up-to-date: /home/pradeshi/ros2_ws3/install/teleop_tools_msgs/include/teleop_tools_msgs/teleop_tools_msgs/action
[2.150s] -- Up-to-date: /home/pradeshi/ros2_ws3/install/teleop_tools_msgs/include/teleop_tools_msgs/teleop_tools_msgs/action/detail
[2.152s] -- Up-to-date: /home/pradeshi/ros2_ws3/install/teleop_tools_msgs/include/teleop_tools_msgs/teleop_tools_msgs/action/detail/increment__rosidl_typesupport_introspection_c.h
[2.152s] -- Up-to-date: /home/pradeshi/ros2_ws3/install/teleop_tools_msgs/include/teleop_tools_msgs/teleop_tools_msgs/action/detail/increment__type_support.c
[2.153s] -- Up-to-date: /home/pradeshi/ros2_ws3/install/teleop_tools_msgs/lib/libteleop_tools_msgs__rosidl_typesupport_introspection_c.so
[2.155s] -- Up-to-date: /home/pradeshi/ros2_ws3/install/teleop_tools_msgs/lib/libteleop_tools_msgs__rosidl_typesupport_c.so
[2.155s] -- Up-to-date: /home/pradeshi/ros2_ws3/install/teleop_tools_msgs/include/teleop_tools_msgs/teleop_tools_msgs
[2.155s] -- Up-to-date: /home/pradeshi/ros2_ws3/install/teleop_tools_msgs/include/teleop_tools_msgs/teleop_tools_msgs/action
[2.157s] -- Up-to-date: /home/pradeshi/ros2_ws3/install/teleop_tools_msgs/include/teleop_tools_msgs/teleop_tools_msgs/action/detail
[2.157s] -- Up-to-date: /home/pradeshi/ros2_ws3/install/teleop_tools_msgs/include/teleop_tools_msgs/teleop_tools_msgs/action/detail/increment__builder.hpp
[2.158s] -- Up-to-date: /home/pradeshi/ros2_ws3/install/teleop_tools_msgs/include/teleop_tools_msgs/teleop_tools_msgs/action/detail/increment__struct.hpp
[2.158s] -- Up-to-date: /home/pradeshi/ros2_ws3/install/teleop_tools_msgs/include/teleop_tools_msgs/teleop_tools_msgs/action/detail/increment__traits.hpp
[2.159s] -- Up-to-date: /home/pradeshi/ros2_ws3/install/teleop_tools_msgs/include/teleop_tools_msgs/teleop_tools_msgs/action/increment.hpp
[2.159s] -- Up-to-date: /home/pradeshi/ros2_ws3/install/teleop_tools_msgs/include/teleop_tools_msgs/teleop_tools_msgs
[2.162s] -- Up-to-date: /home/pradeshi/ros2_ws3/install/teleop_tools_msgs/include/teleop_tools_msgs/teleop_tools_msgs/msg
[2.162s] -- Up-to-date: /home/pradeshi/ros2_ws3/install/teleop_tools_msgs/include/teleop_tools_msgs/teleop_tools_msgs/msg/rosidl_typesupport_fastrtps_cpp__visibility_control.h
[2.163s] -- Up-to-date: /home/pradeshi/ros2_ws3/install/teleop_tools_msgs/include/teleop_tools_msgs/teleop_tools_msgs/action
[2.163s] -- Up-to-date: /home/pradeshi/ros2_ws3/install/teleop_tools_msgs/include/teleop_tools_msgs/teleop_tools_msgs/action/detail
[2.163s] -- Up-to-date: /home/pradeshi/ros2_ws3/install/teleop_tools_msgs/include/teleop_tools_msgs/teleop_tools_msgs/action/detail/increment__rosidl_typesupport_fastrtps_cpp.hpp
[2.163s] -- Up-to-date: /home/pradeshi/ros2_ws3/install/teleop_tools_msgs/include/teleop_tools_msgs/teleop_tools_msgs/action/detail/dds_fastrtps
[2.164s] -- Up-to-date: /home/pradeshi/ros2_ws3/install/teleop_tools_msgs/lib/libteleop_tools_msgs__rosidl_typesupport_fastrtps_cpp.so
[2.164s] -- Up-to-date: /home/pradeshi/ros2_ws3/install/teleop_tools_msgs/include/teleop_tools_msgs/teleop_tools_msgs
[2.164s] -- Up-to-date: /home/pradeshi/ros2_ws3/install/teleop_tools_msgs/include/teleop_tools_msgs/teleop_tools_msgs/action
[2.168s] -- Up-to-date: /home/pradeshi/ros2_ws3/install/teleop_tools_msgs/include/teleop_tools_msgs/teleop_tools_msgs/action/detail
[2.168s] -- Up-to-date: /home/pradeshi/ros2_ws3/install/teleop_tools_msgs/include/teleop_tools_msgs/teleop_tools_msgs/action/detail/increment__rosidl_typesupport_introspection_cpp.hpp
[2.168s] -- Up-to-date: /home/pradeshi/ros2_ws3/install/teleop_tools_msgs/include/teleop_tools_msgs/teleop_tools_msgs/action/detail/increment__type_support.cpp
[2.173s] -- Up-to-date: /home/pradeshi/ros2_ws3/install/teleop_tools_msgs/lib/libteleop_tools_msgs__rosidl_typesupport_introspection_cpp.so
[2.174s] -- Up-to-date: /home/pradeshi/ros2_ws3/install/teleop_tools_msgs/lib/libteleop_tools_msgs__rosidl_typesupport_cpp.so
[2.174s] -- Up-to-date: /home/pradeshi/ros2_ws3/install/teleop_tools_msgs/share/teleop_tools_msgs/environment/pythonpath.sh
[2.174s] -- Up-to-date: /home/pradeshi/ros2_ws3/install/teleop_tools_msgs/share/teleop_tools_msgs/environment/pythonpath.dsv
[2.175s] -- Up-to-date: /home/pradeshi/ros2_ws3/install/teleop_tools_msgs/local/lib/python3.10/dist-packages/teleop_tools_msgs-1.4.0-py3.10.egg-info
[2.175s] -- Installing: /home/pradeshi/ros2_ws3/install/teleop_tools_msgs/local/lib/python3.10/dist-packages/teleop_tools_msgs-1.4.0-py3.10.egg-info/top_level.txt
[2.175s] -- Installing: /home/pradeshi/ros2_ws3/install/teleop_tools_msgs/local/lib/python3.10/dist-packages/teleop_tools_msgs-1.4.0-py3.10.egg-info/SOURCES.txt
[2.175s] -- Installing: /home/pradeshi/ros2_ws3/install/teleop_tools_msgs/local/lib/python3.10/dist-packages/teleop_tools_msgs-1.4.0-py3.10.egg-info/dependency_links.txt
[2.176s] -- Installing: /home/pradeshi/ros2_ws3/install/teleop_tools_msgs/local/lib/python3.10/dist-packages/teleop_tools_msgs-1.4.0-py3.10.egg-info/PKG-INFO
[2.176s] -- Up-to-date: /home/pradeshi/ros2_ws3/install/teleop_tools_msgs/local/lib/python3.10/dist-packages/teleop_tools_msgs
[2.176s] -- Up-to-date: /home/pradeshi/ros2_ws3/install/teleop_tools_msgs/local/lib/python3.10/dist-packages/teleop_tools_msgs/libteleop_tools_msgs__rosidl_generator_py.so
[2.177s] -- Up-to-date: /home/pradeshi/ros2_ws3/install/teleop_tools_msgs/local/lib/python3.10/dist-packages/teleop_tools_msgs/teleop_tools_msgs_s__rosidl_typesupport_fastrtps_c.cpython-310-x86_64-linux-gnu.so
[2.177s] -- Up-to-date: /home/pradeshi/ros2_ws3/install/teleop_tools_msgs/local/lib/python3.10/dist-packages/teleop_tools_msgs/__init__.py
[2.177s] -- Up-to-date: /home/pradeshi/ros2_ws3/install/teleop_tools_msgs/local/lib/python3.10/dist-packages/teleop_tools_msgs/_teleop_tools_msgs_s.ep.rosidl_typesupport_c.c
[2.178s] -- Up-to-date: /home/pradeshi/ros2_ws3/install/teleop_tools_msgs/local/lib/python3.10/dist-packages/teleop_tools_msgs/action
[2.178s] -- Up-to-date: /home/pradeshi/ros2_ws3/install/teleop_tools_msgs/local/lib/python3.10/dist-packages/teleop_tools_msgs/action/__init__.py
[2.179s] -- Up-to-date: /home/pradeshi/ros2_ws3/install/teleop_tools_msgs/local/lib/python3.10/dist-packages/teleop_tools_msgs/action/_increment_s.c
[2.179s] -- Up-to-date: /home/pradeshi/ros2_ws3/install/teleop_tools_msgs/local/lib/python3.10/dist-packages/teleop_tools_msgs/action/_increment.py
[2.179s] -- Up-to-date: /home/pradeshi/ros2_ws3/install/teleop_tools_msgs/local/lib/python3.10/dist-packages/teleop_tools_msgs/teleop_tools_msgs_s__rosidl_typesupport_c.cpython-310-x86_64-linux-gnu.so
[2.180s] -- Up-to-date: /home/pradeshi/ros2_ws3/install/teleop_tools_msgs/local/lib/python3.10/dist-packages/teleop_tools_msgs/_teleop_tools_msgs_s.ep.rosidl_typesupport_introspection_c.c
[2.180s] -- Up-to-date: /home/pradeshi/ros2_ws3/install/teleop_tools_msgs/local/lib/python3.10/dist-packages/teleop_tools_msgs/_teleop_tools_msgs_s.ep.rosidl_typesupport_fastrtps_c.c
[2.180s] -- Up-to-date: /home/pradeshi/ros2_ws3/install/teleop_tools_msgs/local/lib/python3.10/dist-packages/teleop_tools_msgs/teleop_tools_msgs_s__rosidl_typesupport_introspection_c.cpython-310-x86_64-linux-gnu.so
[2.240s] Listing '/home/pradeshi/ros2_ws3/install/teleop_tools_msgs/local/lib/python3.10/dist-packages/teleop_tools_msgs'...
[2.240s] Listing '/home/pradeshi/ros2_ws3/install/teleop_tools_msgs/local/lib/python3.10/dist-packages/teleop_tools_msgs/action'...
[2.253s] -- Up-to-date: /home/pradeshi/ros2_ws3/install/teleop_tools_msgs/local/lib/python3.10/dist-packages/teleop_tools_msgs/teleop_tools_msgs_s__rosidl_typesupport_fastrtps_c.cpython-310-x86_64-linux-gnu.so
[2.253s] -- Up-to-date: /home/pradeshi/ros2_ws3/install/teleop_tools_msgs/local/lib/python3.10/dist-packages/teleop_tools_msgs/teleop_tools_msgs_s__rosidl_typesupport_introspection_c.cpython-310-x86_64-linux-gnu.so
[2.253s] -- Up-to-date: /home/pradeshi/ros2_ws3/install/teleop_tools_msgs/local/lib/python3.10/dist-packages/teleop_tools_msgs/teleop_tools_msgs_s__rosidl_typesupport_c.cpython-310-x86_64-linux-gnu.so
[2.254s] -- Up-to-date: /home/pradeshi/ros2_ws3/install/teleop_tools_msgs/lib/libteleop_tools_msgs__rosidl_generator_py.so
[2.254s] -- Up-to-date: /home/pradeshi/ros2_ws3/install/teleop_tools_msgs/share/teleop_tools_msgs/action/Increment.idl
[2.254s] -- Up-to-date: /home/pradeshi/ros2_ws3/install/teleop_tools_msgs/share/teleop_tools_msgs/action/Increment.action
[2.254s] -- Up-to-date: /home/pradeshi/ros2_ws3/install/teleop_tools_msgs/share/ament_index/resource_index/package_run_dependencies/teleop_tools_msgs
[2.254s] -- Up-to-date: /home/pradeshi/ros2_ws3/install/teleop_tools_msgs/share/ament_index/resource_index/parent_prefix_path/teleop_tools_msgs
[2.255s] -- Up-to-date: /home/pradeshi/ros2_ws3/install/teleop_tools_msgs/share/teleop_tools_msgs/environment/ament_prefix_path.sh
[2.255s] -- Up-to-date: /home/pradeshi/ros2_ws3/install/teleop_tools_msgs/share/teleop_tools_msgs/environment/ament_prefix_path.dsv
[2.255s] -- Up-to-date: /home/pradeshi/ros2_ws3/install/teleop_tools_msgs/share/teleop_tools_msgs/environment/path.sh
[2.255s] -- Up-to-date: /home/pradeshi/ros2_ws3/install/teleop_tools_msgs/share/teleop_tools_msgs/environment/path.dsv
[2.255s] -- Up-to-date: /home/pradeshi/ros2_ws3/install/teleop_tools_msgs/share/teleop_tools_msgs/local_setup.bash
[2.255s] -- Up-to-date: /home/pradeshi/ros2_ws3/install/teleop_tools_msgs/share/teleop_tools_msgs/local_setup.sh
[2.255s] -- Up-to-date: /home/pradeshi/ros2_ws3/install/teleop_tools_msgs/share/teleop_tools_msgs/local_setup.zsh
[2.255s] -- Up-to-date: /home/pradeshi/ros2_ws3/install/teleop_tools_msgs/share/teleop_tools_msgs/local_setup.dsv
[2.256s] -- Installing: /home/pradeshi/ros2_ws3/install/teleop_tools_msgs/share/teleop_tools_msgs/package.dsv
[2.257s] -- Up-to-date: /home/pradeshi/ros2_ws3/install/teleop_tools_msgs/share/ament_index/resource_index/packages/teleop_tools_msgs
[2.258s] -- Up-to-date: /home/pradeshi/ros2_ws3/install/teleop_tools_msgs/share/teleop_tools_msgs/cmake/export_teleop_tools_msgs__rosidl_generator_cExport.cmake
[2.259s] -- Up-to-date: /home/pradeshi/ros2_ws3/install/teleop_tools_msgs/share/teleop_tools_msgs/cmake/export_teleop_tools_msgs__rosidl_generator_cExport-noconfig.cmake
[2.261s] -- Up-to-date: /home/pradeshi/ros2_ws3/install/teleop_tools_msgs/share/teleop_tools_msgs/cmake/export_teleop_tools_msgs__rosidl_typesupport_fastrtps_cExport.cmake
[2.261s] -- Up-to-date: /home/pradeshi/ros2_ws3/install/teleop_tools_msgs/share/teleop_tools_msgs/cmake/export_teleop_tools_msgs__rosidl_typesupport_fastrtps_cExport-noconfig.cmake
[2.262s] -- Up-to-date: /home/pradeshi/ros2_ws3/install/teleop_tools_msgs/share/teleop_tools_msgs/cmake/teleop_tools_msgs__rosidl_typesupport_introspection_cExport.cmake
[2.262s] -- Up-to-date: /home/pradeshi/ros2_ws3/install/teleop_tools_msgs/share/teleop_tools_msgs/cmake/teleop_tools_msgs__rosidl_typesupport_introspection_cExport-noconfig.cmake
[2.263s] -- Up-to-date: /home/pradeshi/ros2_ws3/install/teleop_tools_msgs/share/teleop_tools_msgs/cmake/teleop_tools_msgs__rosidl_typesupport_cExport.cmake
[2.264s] -- Up-to-date: /home/pradeshi/ros2_ws3/install/teleop_tools_msgs/share/teleop_tools_msgs/cmake/teleop_tools_msgs__rosidl_typesupport_cExport-noconfig.cmake
[2.264s] -- Up-to-date: /home/pradeshi/ros2_ws3/install/teleop_tools_msgs/share/teleop_tools_msgs/cmake/export_teleop_tools_msgs__rosidl_generator_cppExport.cmake
[2.265s] -- Up-to-date: /home/pradeshi/ros2_ws3/install/teleop_tools_msgs/share/teleop_tools_msgs/cmake/export_teleop_tools_msgs__rosidl_typesupport_fastrtps_cppExport.cmake
[2.266s] -- Up-to-date: /home/pradeshi/ros2_ws3/install/teleop_tools_msgs/share/teleop_tools_msgs/cmake/export_teleop_tools_msgs__rosidl_typesupport_fastrtps_cppExport-noconfig.cmake
[2.267s] -- Up-to-date: /home/pradeshi/ros2_ws3/install/teleop_tools_msgs/share/teleop_tools_msgs/cmake/teleop_tools_msgs__rosidl_typesupport_introspection_cppExport.cmake
[2.268s] -- Up-to-date: /home/pradeshi/ros2_ws3/install/teleop_tools_msgs/share/teleop_tools_msgs/cmake/teleop_tools_msgs__rosidl_typesupport_introspection_cppExport-noconfig.cmake
[2.268s] -- Up-to-date: /home/pradeshi/ros2_ws3/install/teleop_tools_msgs/share/teleop_tools_msgs/cmake/teleop_tools_msgs__rosidl_typesupport_cppExport.cmake
[2.270s] -- Up-to-date: /home/pradeshi/ros2_ws3/install/teleop_tools_msgs/share/teleop_tools_msgs/cmake/teleop_tools_msgs__rosidl_typesupport_cppExport-noconfig.cmake
[2.271s] -- Up-to-date: /home/pradeshi/ros2_ws3/install/teleop_tools_msgs/share/teleop_tools_msgs/cmake/export_teleop_tools_msgs__rosidl_generator_pyExport.cmake
[2.271s] -- Up-to-date: /home/pradeshi/ros2_ws3/install/teleop_tools_msgs/share/teleop_tools_msgs/cmake/export_teleop_tools_msgs__rosidl_generator_pyExport-noconfig.cmake
[2.273s] -- Up-to-date: /home/pradeshi/ros2_ws3/install/teleop_tools_msgs/share/teleop_tools_msgs/cmake/rosidl_cmake-extras.cmake
[2.273s] -- Up-to-date: /home/pradeshi/ros2_ws3/install/teleop_tools_msgs/share/teleop_tools_msgs/cmake/ament_cmake_export_dependencies-extras.cmake
[2.273s] -- Up-to-date: /home/pradeshi/ros2_ws3/install/teleop_tools_msgs/share/teleop_tools_msgs/cmake/ament_cmake_export_include_directories-extras.cmake
[2.275s] -- Up-to-date: /home/pradeshi/ros2_ws3/install/teleop_tools_msgs/share/teleop_tools_msgs/cmake/ament_cmake_export_libraries-extras.cmake
[2.275s] -- Up-to-date: /home/pradeshi/ros2_ws3/install/teleop_tools_msgs/share/teleop_tools_msgs/cmake/ament_cmake_export_targets-extras.cmake
[2.275s] -- Up-to-date: /home/pradeshi/ros2_ws3/install/teleop_tools_msgs/share/teleop_tools_msgs/cmake/rosidl_cmake_export_typesupport_targets-extras.cmake
[2.277s] -- Up-to-date: /home/pradeshi/ros2_ws3/install/teleop_tools_msgs/share/teleop_tools_msgs/cmake/rosidl_cmake_export_typesupport_libraries-extras.cmake
[2.288s] -- Up-to-date: /home/pradeshi/ros2_ws3/install/teleop_tools_msgs/share/teleop_tools_msgs/cmake/teleop_tools_msgsConfig.cmake
[2.288s] -- Up-to-date: /home/pradeshi/ros2_ws3/install/teleop_tools_msgs/share/teleop_tools_msgs/cmake/teleop_tools_msgsConfig-version.cmake
[2.289s] -- Up-to-date: /home/pradeshi/ros2_ws3/install/teleop_tools_msgs/share/teleop_tools_msgs/package.xml
[2.289s] Invoked command in '/home/pradeshi/ros2_ws3/build/teleop_tools_msgs' returned '0': CMAKE_PREFIX_PATH=/home/pradeshi/ros2_ws3/install/lane_detector:/opt/ros/humble /usr/bin/cmake --install /home/pradeshi/ros2_ws3/build/teleop_tools_msgs
