[1.933s] Invoking command in '/home/pradeshi/ros2_ws3/build/lane_detector': PYTHONPATH=/home/pradeshi/ros2_ws3/build/lane_detector/prefix_override:/home/pradeshi/ros2_ws3/install/lane_detector/lib/python3.10/site-packages:${PYTHONPATH} /usr/bin/python3 setup.py develop --uninstall --editable --build-directory /home/pradeshi/ros2_ws3/build/lane_detector/build
[2.694s] running develop
[3.438s] Invoked command in '/home/pradeshi/ros2_ws3/build/lane_detector' returned '0': PYTHONPATH=/home/pradeshi/ros2_ws3/build/lane_detector/prefix_override:/home/pradeshi/ros2_ws3/install/lane_detector/lib/python3.10/site-packages:${PYTHONPATH} /usr/bin/python3 setup.py develop --uninstall --editable --build-directory /home/pradeshi/ros2_ws3/build/lane_detector/build
[3.442s] Invoking command in '/home/pradeshi/ros2_ws3/src/lane_detector': PYTHONPATH=/home/pradeshi/ros2_ws3/build/lane_detector/prefix_override:/home/pradeshi/ros2_ws3/install/lane_detector/lib/python3.10/site-packages:${PYTHONPATH} /usr/bin/python3 setup.py egg_info --egg-base ../../build/lane_detector build --build-base /home/pradeshi/ros2_ws3/build/lane_detector/build install --record /home/pradeshi/ros2_ws3/build/lane_detector/install.log --single-version-externally-managed
[4.113s] running egg_info
[4.117s] writing ../../build/lane_detector/lane_detector.egg-info/PKG-INFO
[4.119s] writing dependency_links to ../../build/lane_detector/lane_detector.egg-info/dependency_links.txt
[4.121s] writing entry points to ../../build/lane_detector/lane_detector.egg-info/entry_points.txt
[4.122s] writing requirements to ../../build/lane_detector/lane_detector.egg-info/requires.txt
[4.124s] writing top-level names to ../../build/lane_detector/lane_detector.egg-info/top_level.txt
[4.130s] reading manifest file '../../build/lane_detector/lane_detector.egg-info/SOURCES.txt'
[4.132s] writing manifest file '../../build/lane_detector/lane_detector.egg-info/SOURCES.txt'
[4.133s] running build
[4.134s] running build_py
[4.135s] running install
[4.136s] running install_lib
[4.139s] running install_data
[4.141s] running install_egg_info
[4.145s] removing '/home/pradeshi/ros2_ws3/install/lane_detector/lib/python3.10/site-packages/lane_detector-0.0.0-py3.10.egg-info' (and everything under it)
[4.153s] Copying ../../build/lane_detector/lane_detector.egg-info to /home/pradeshi/ros2_ws3/install/lane_detector/lib/python3.10/site-packages/lane_detector-0.0.0-py3.10.egg-info
[4.156s] running install_scripts
[4.220s] Installing opencv_sub script to /home/pradeshi/ros2_ws3/install/lane_detector/lib/lane_detector
[4.221s] Installing twist_sub script to /home/pradeshi/ros2_ws3/install/lane_detector/lib/lane_detector
[4.222s] Installing webcam_pub script to /home/pradeshi/ros2_ws3/install/lane_detector/lib/lane_detector
[4.224s] writing list of installed files to '/home/pradeshi/ros2_ws3/build/lane_detector/install.log'
[4.364s] Invoked command in '/home/pradeshi/ros2_ws3/src/lane_detector' returned '0': PYTHONPATH=/home/pradeshi/ros2_ws3/build/lane_detector/prefix_override:/home/pradeshi/ros2_ws3/install/lane_detector/lib/python3.10/site-packages:${PYTHONPATH} /usr/bin/python3 setup.py egg_info --egg-base ../../build/lane_detector build --build-base /home/pradeshi/ros2_ws3/build/lane_detector/build install --record /home/pradeshi/ros2_ws3/build/lane_detector/install.log --single-version-externally-managed
