[0.956s] DEBUG:colcon:Command line arguments: ['/usr/bin/colcon', 'build']
[0.956s] DEBUG:colcon:Parsed command line arguments: Namespace(log_base=None, log_level=None, verb_name='build', build_base='build', install_base='install', merge_install=False, symlink_install=False, test_result_base=None, continue_on_error=False, executor='parallel', parallel_workers=2, event_handlers=None, ignore_user_meta=False, metas=['./colcon.meta'], base_paths=['.'], packages_ignore=None, packages_ignore_regex=None, paths=None, packages_up_to=None, packages_up_to_regex=None, packages_above=None, packages_above_and_dependencies=None, packages_above_depth=None, packages_select_by_dep=None, packages_skip_by_dep=None, packages_skip_up_to=None, packages_select_build_failed=False, packages_skip_build_finished=False, packages_select_test_failures=False, packages_skip_test_passed=False, packages_select=None, packages_skip=None, packages_select_regex=None, packages_skip_regex=None, packages_start=None, packages_end=None, allow_overriding=[], cmake_args=None, cmake_target=None, cmake_target_skip_unavailable=False, cmake_clean_cache=False, cmake_clean_first=False, cmake_force_configure=False, ament_cmake_args=None, catkin_cmake_args=None, catkin_skip_building_tests=False, verb_parser=<colcon_defaults.argument_parser.defaults.DefaultArgumentsDecorator object at 0x7f77d13c5f00>, verb_extension=<colcon_core.verb.build.BuildVerb object at 0x7f77d13c5990>, main=<bound method BuildVerb.main of <colcon_core.verb.build.BuildVerb object at 0x7f77d13c5990>>)
[1.042s] Level 1:colcon.colcon_core.package_discovery:discover_packages(colcon_meta) check parameters
[1.042s] Level 1:colcon.colcon_core.package_discovery:discover_packages(recursive) check parameters
[1.042s] Level 1:colcon.colcon_core.package_discovery:discover_packages(ignore) check parameters
[1.042s] Level 1:colcon.colcon_core.package_discovery:discover_packages(path) check parameters
[1.042s] Level 1:colcon.colcon_core.package_discovery:discover_packages(colcon_meta) discover
[1.042s] Level 1:colcon.colcon_core.package_discovery:discover_packages(recursive) discover
[1.042s] INFO:colcon.colcon_core.package_discovery:Crawling recursively for packages in '/home/pradeshi/ros2_ws3'
[1.042s] Level 1:colcon.colcon_core.package_identification:_identify(.) by extensions ['ignore', 'ignore_ament_install']
[1.043s] Level 1:colcon.colcon_core.package_identification:_identify(.) by extension 'ignore'
[1.043s] Level 1:colcon.colcon_core.package_identification:_identify(.) by extension 'ignore_ament_install'
[1.043s] Level 1:colcon.colcon_core.package_identification:_identify(.) by extensions ['colcon_pkg']
[1.043s] Level 1:colcon.colcon_core.package_identification:_identify(.) by extension 'colcon_pkg'
[1.043s] Level 1:colcon.colcon_core.package_identification:_identify(.) by extensions ['colcon_meta']
[1.043s] Level 1:colcon.colcon_core.package_identification:_identify(.) by extension 'colcon_meta'
[1.043s] Level 1:colcon.colcon_core.package_identification:_identify(.) by extensions ['ros']
[1.043s] Level 1:colcon.colcon_core.package_identification:_identify(.) by extension 'ros'
[1.062s] Level 1:colcon.colcon_core.package_identification:_identify(.) by extensions ['cmake', 'python']
[1.062s] Level 1:colcon.colcon_core.package_identification:_identify(.) by extension 'cmake'
[1.063s] Level 1:colcon.colcon_core.package_identification:_identify(.) by extension 'python'
[1.063s] Level 1:colcon.colcon_core.package_identification:_identify(.) by extensions ['python_setup_py']
[1.063s] Level 1:colcon.colcon_core.package_identification:_identify(.) by extension 'python_setup_py'
[1.063s] Level 1:colcon.colcon_core.package_identification:_identify(build) by extensions ['ignore', 'ignore_ament_install']
[1.064s] Level 1:colcon.colcon_core.package_identification:_identify(build) by extension 'ignore'
[1.064s] Level 1:colcon.colcon_core.package_identification:_identify(build) ignored
[1.064s] Level 1:colcon.colcon_core.package_identification:_identify(install) by extensions ['ignore', 'ignore_ament_install']
[1.064s] Level 1:colcon.colcon_core.package_identification:_identify(install) by extension 'ignore'
[1.064s] Level 1:colcon.colcon_core.package_identification:_identify(install) ignored
[1.065s] Level 1:colcon.colcon_core.package_identification:_identify(log) by extensions ['ignore', 'ignore_ament_install']
[1.065s] Level 1:colcon.colcon_core.package_identification:_identify(log) by extension 'ignore'
[1.065s] Level 1:colcon.colcon_core.package_identification:_identify(log) ignored
[1.065s] Level 1:colcon.colcon_core.package_identification:_identify(src) by extensions ['ignore', 'ignore_ament_install']
[1.066s] Level 1:colcon.colcon_core.package_identification:_identify(src) by extension 'ignore'
[1.066s] Level 1:colcon.colcon_core.package_identification:_identify(src) by extension 'ignore_ament_install'
[1.066s] Level 1:colcon.colcon_core.package_identification:_identify(src) by extensions ['colcon_pkg']
[1.066s] Level 1:colcon.colcon_core.package_identification:_identify(src) by extension 'colcon_pkg'
[1.066s] Level 1:colcon.colcon_core.package_identification:_identify(src) by extensions ['colcon_meta']
[1.066s] Level 1:colcon.colcon_core.package_identification:_identify(src) by extension 'colcon_meta'
[1.066s] Level 1:colcon.colcon_core.package_identification:_identify(src) by extensions ['ros']
[1.066s] Level 1:colcon.colcon_core.package_identification:_identify(src) by extension 'ros'
[1.066s] Level 1:colcon.colcon_core.package_identification:_identify(src) by extensions ['cmake', 'python']
[1.067s] Level 1:colcon.colcon_core.package_identification:_identify(src) by extension 'cmake'
[1.067s] Level 1:colcon.colcon_core.package_identification:_identify(src) by extension 'python'
[1.067s] Level 1:colcon.colcon_core.package_identification:_identify(src) by extensions ['python_setup_py']
[1.067s] Level 1:colcon.colcon_core.package_identification:_identify(src) by extension 'python_setup_py'
[1.067s] Level 1:colcon.colcon_core.package_identification:_identify(src/lane_detector) by extensions ['ignore', 'ignore_ament_install']
[1.068s] Level 1:colcon.colcon_core.package_identification:_identify(src/lane_detector) by extension 'ignore'
[1.068s] Level 1:colcon.colcon_core.package_identification:_identify(src/lane_detector) by extension 'ignore_ament_install'
[1.068s] Level 1:colcon.colcon_core.package_identification:_identify(src/lane_detector) by extensions ['colcon_pkg']
[1.068s] Level 1:colcon.colcon_core.package_identification:_identify(src/lane_detector) by extension 'colcon_pkg'
[1.068s] Level 1:colcon.colcon_core.package_identification:_identify(src/lane_detector) by extensions ['colcon_meta']
[1.068s] Level 1:colcon.colcon_core.package_identification:_identify(src/lane_detector) by extension 'colcon_meta'
[1.068s] Level 1:colcon.colcon_core.package_identification:_identify(src/lane_detector) by extensions ['ros']
[1.068s] Level 1:colcon.colcon_core.package_identification:_identify(src/lane_detector) by extension 'ros'
[1.074s] DEBUG:colcon.colcon_core.package_identification:Package 'src/lane_detector' with type 'ros.ament_python' and name 'lane_detector'
[1.074s] Level 1:colcon.colcon_core.package_discovery:discover_packages(recursive) using defaults
[1.074s] Level 1:colcon.colcon_core.package_discovery:discover_packages(ignore) discover
[1.074s] Level 1:colcon.colcon_core.package_discovery:discover_packages(ignore) using defaults
[1.074s] Level 1:colcon.colcon_core.package_discovery:discover_packages(path) discover
[1.074s] Level 1:colcon.colcon_core.package_discovery:discover_packages(path) using defaults
[1.128s] Level 1:colcon.colcon_core.package_discovery:discover_packages(prefix_path) check parameters
[1.128s] Level 1:colcon.colcon_core.package_discovery:discover_packages(prefix_path) discover
[1.138s] DEBUG:colcon.colcon_installed_package_information.package_discovery:Found 1 installed packages in /home/pradeshi/ros2_ws3/install
[1.140s] DEBUG:colcon.colcon_installed_package_information.package_discovery:Found 0 installed packages in /home/pradeshi/ros2_ws1/install
[1.143s] DEBUG:colcon.colcon_installed_package_information.package_discovery:Found 270 installed packages in /opt/ros/humble
[1.144s] Level 1:colcon.colcon_core.package_discovery:discover_packages(prefix_path) using defaults
[1.296s] Level 5:colcon.colcon_core.verb:set package 'lane_detector' build argument 'cmake_args' from command line to 'None'
[1.296s] Level 5:colcon.colcon_core.verb:set package 'lane_detector' build argument 'cmake_target' from command line to 'None'
[1.296s] Level 5:colcon.colcon_core.verb:set package 'lane_detector' build argument 'cmake_target_skip_unavailable' from command line to 'False'
[1.296s] Level 5:colcon.colcon_core.verb:set package 'lane_detector' build argument 'cmake_clean_cache' from command line to 'False'
[1.296s] Level 5:colcon.colcon_core.verb:set package 'lane_detector' build argument 'cmake_clean_first' from command line to 'False'
[1.296s] Level 5:colcon.colcon_core.verb:set package 'lane_detector' build argument 'cmake_force_configure' from command line to 'False'
[1.296s] Level 5:colcon.colcon_core.verb:set package 'lane_detector' build argument 'ament_cmake_args' from command line to 'None'
[1.296s] Level 5:colcon.colcon_core.verb:set package 'lane_detector' build argument 'catkin_cmake_args' from command line to 'None'
[1.296s] Level 5:colcon.colcon_core.verb:set package 'lane_detector' build argument 'catkin_skip_building_tests' from command line to 'False'
[1.296s] DEBUG:colcon.colcon_core.verb:Building package 'lane_detector' with the following arguments: {'ament_cmake_args': None, 'build_base': '/home/pradeshi/ros2_ws3/build/lane_detector', 'catkin_cmake_args': None, 'catkin_skip_building_tests': False, 'cmake_args': None, 'cmake_clean_cache': False, 'cmake_clean_first': False, 'cmake_force_configure': False, 'cmake_target': None, 'cmake_target_skip_unavailable': False, 'install_base': '/home/pradeshi/ros2_ws3/install/lane_detector', 'merge_install': False, 'path': '/home/pradeshi/ros2_ws3/src/lane_detector', 'symlink_install': False, 'test_result_base': None}
[1.297s] INFO:colcon.colcon_core.executor:Executing jobs using 'parallel' executor
[1.300s] DEBUG:colcon.colcon_parallel_executor.executor.parallel:run_until_complete
[1.301s] INFO:colcon.colcon_ros.task.ament_python.build:Building ROS package in '/home/pradeshi/ros2_ws3/src/lane_detector' with build type 'ament_python'
[1.301s] Level 1:colcon.colcon_core.shell:create_environment_hook('lane_detector', 'ament_prefix_path')
[1.322s] INFO:colcon.colcon_core.plugin_system:Skipping extension 'colcon_core.shell.bat': Not used on non-Windows systems
[1.323s] INFO:colcon.colcon_core.shell:Creating environment hook '/home/pradeshi/ros2_ws3/install/lane_detector/share/lane_detector/hook/ament_prefix_path.ps1'
[1.325s] INFO:colcon.colcon_core.shell:Creating environment descriptor '/home/pradeshi/ros2_ws3/install/lane_detector/share/lane_detector/hook/ament_prefix_path.dsv'
[1.326s] INFO:colcon.colcon_core.shell:Creating environment hook '/home/pradeshi/ros2_ws3/install/lane_detector/share/lane_detector/hook/ament_prefix_path.sh'
[1.331s] INFO:colcon.colcon_core.shell:Skip shell extension 'powershell' for command environment: Not usable outside of PowerShell
[1.331s] DEBUG:colcon.colcon_core.shell:Skip shell extension 'dsv' for command environment
[1.596s] INFO:colcon.colcon_core.task.python.build:Building Python package in '/home/pradeshi/ros2_ws3/src/lane_detector'
[1.598s] INFO:colcon.colcon_core.shell:Skip shell extension 'powershell' for command environment: Not usable outside of PowerShell
[1.598s] DEBUG:colcon.colcon_core.shell:Skip shell extension 'dsv' for command environment
[2.104s] DEBUG:colcon.colcon_core.event_handler.log_command:Invoking command in '/home/pradeshi/ros2_ws3/build/lane_detector': PYTHONPATH=/home/pradeshi/ros2_ws3/build/lane_detector/prefix_override:/home/pradeshi/ros2_ws3/install/lane_detector/lib/python3.10/site-packages:${PYTHONPATH} /usr/bin/python3 setup.py develop --uninstall --editable --build-directory /home/pradeshi/ros2_ws3/build/lane_detector/build
[2.626s] DEBUG:colcon.colcon_core.event_handler.log_command:Invoked command in '/home/pradeshi/ros2_ws3/build/lane_detector' returned '0': PYTHONPATH=/home/pradeshi/ros2_ws3/build/lane_detector/prefix_override:/home/pradeshi/ros2_ws3/install/lane_detector/lib/python3.10/site-packages:${PYTHONPATH} /usr/bin/python3 setup.py develop --uninstall --editable --build-directory /home/pradeshi/ros2_ws3/build/lane_detector/build
[2.626s] DEBUG:colcon.colcon_core.event_handler.log_command:Invoking command in '/home/pradeshi/ros2_ws3/src/lane_detector': PYTHONPATH=/home/pradeshi/ros2_ws3/build/lane_detector/prefix_override:/home/pradeshi/ros2_ws3/install/lane_detector/lib/python3.10/site-packages:${PYTHONPATH} /usr/bin/python3 setup.py egg_info --egg-base ../../build/lane_detector build --build-base /home/pradeshi/ros2_ws3/build/lane_detector/build install --record /home/pradeshi/ros2_ws3/build/lane_detector/install.log --single-version-externally-managed
[2.962s] DEBUG:colcon.colcon_core.event_handler.log_command:Invoked command in '/home/pradeshi/ros2_ws3/src/lane_detector' returned '0': PYTHONPATH=/home/pradeshi/ros2_ws3/build/lane_detector/prefix_override:/home/pradeshi/ros2_ws3/install/lane_detector/lib/python3.10/site-packages:${PYTHONPATH} /usr/bin/python3 setup.py egg_info --egg-base ../../build/lane_detector build --build-base /home/pradeshi/ros2_ws3/build/lane_detector/build install --record /home/pradeshi/ros2_ws3/build/lane_detector/install.log --single-version-externally-managed
[2.981s] Level 1:colcon.colcon_core.environment:checking '/home/pradeshi/ros2_ws3/install/lane_detector' for CMake module files
[2.983s] Level 1:colcon.colcon_core.environment:checking '/home/pradeshi/ros2_ws3/install/lane_detector' for CMake config files
[2.986s] Level 1:colcon.colcon_core.environment:checking '/home/pradeshi/ros2_ws3/install/lane_detector/lib'
[2.986s] Level 1:colcon.colcon_core.environment:checking '/home/pradeshi/ros2_ws3/install/lane_detector/bin'
[2.987s] Level 1:colcon.colcon_core.environment:checking '/home/pradeshi/ros2_ws3/install/lane_detector/lib/pkgconfig/lane_detector.pc'
[2.987s] Level 1:colcon.colcon_core.environment:checking '/home/pradeshi/ros2_ws3/install/lane_detector/lib/python3.10/site-packages'
[2.987s] Level 1:colcon.colcon_core.shell:create_environment_hook('lane_detector', 'pythonpath')
[2.989s] INFO:colcon.colcon_core.shell:Creating environment hook '/home/pradeshi/ros2_ws3/install/lane_detector/share/lane_detector/hook/pythonpath.ps1'
[2.989s] INFO:colcon.colcon_core.shell:Creating environment descriptor '/home/pradeshi/ros2_ws3/install/lane_detector/share/lane_detector/hook/pythonpath.dsv'
[2.990s] INFO:colcon.colcon_core.shell:Creating environment hook '/home/pradeshi/ros2_ws3/install/lane_detector/share/lane_detector/hook/pythonpath.sh'
[2.992s] Level 1:colcon.colcon_core.environment:checking '/home/pradeshi/ros2_ws3/install/lane_detector/bin'
[2.992s] Level 1:colcon.colcon_core.environment:create_environment_scripts_only(lane_detector)
[2.993s] INFO:colcon.colcon_core.shell:Creating package script '/home/pradeshi/ros2_ws3/install/lane_detector/share/lane_detector/package.ps1'
[2.995s] INFO:colcon.colcon_core.shell:Creating package descriptor '/home/pradeshi/ros2_ws3/install/lane_detector/share/lane_detector/package.dsv'
[2.996s] INFO:colcon.colcon_core.shell:Creating package script '/home/pradeshi/ros2_ws3/install/lane_detector/share/lane_detector/package.sh'
[2.997s] INFO:colcon.colcon_core.shell:Creating package script '/home/pradeshi/ros2_ws3/install/lane_detector/share/lane_detector/package.bash'
[2.999s] INFO:colcon.colcon_core.shell:Creating package script '/home/pradeshi/ros2_ws3/install/lane_detector/share/lane_detector/package.zsh'
[3.001s] Level 1:colcon.colcon_core.environment:create_file_with_runtime_dependencies(/home/pradeshi/ros2_ws3/install/lane_detector/share/colcon-core/packages/lane_detector)
[3.003s] DEBUG:colcon.colcon_parallel_executor.executor.parallel:closing loop
[3.003s] DEBUG:colcon.colcon_parallel_executor.executor.parallel:loop closed
[3.004s] DEBUG:colcon.colcon_parallel_executor.executor.parallel:run_until_complete finished with '0'
[3.004s] DEBUG:colcon.colcon_core.event_reactor:joining thread
[3.027s] INFO:colcon.colcon_core.plugin_system:Skipping extension 'colcon_notification.desktop_notification.terminal_notifier': Not used on non-Darwin systems
[3.027s] INFO:colcon.colcon_core.plugin_system:Skipping extension 'colcon_notification.desktop_notification.win32': Not used on non-Windows systems
[3.027s] INFO:colcon.colcon_notification.desktop_notification:Sending desktop notification using 'notify2'
[3.052s] DEBUG:colcon.colcon_core.event_reactor:joined thread
[3.054s] INFO:colcon.colcon_core.shell:Creating prefix script '/home/pradeshi/ros2_ws3/install/local_setup.ps1'
[3.057s] INFO:colcon.colcon_core.shell:Creating prefix util module '/home/pradeshi/ros2_ws3/install/_local_setup_util_ps1.py'
[3.060s] INFO:colcon.colcon_core.shell:Creating prefix chain script '/home/pradeshi/ros2_ws3/install/setup.ps1'
[3.066s] INFO:colcon.colcon_core.shell:Creating prefix script '/home/pradeshi/ros2_ws3/install/local_setup.sh'
[3.067s] INFO:colcon.colcon_core.shell:Creating prefix util module '/home/pradeshi/ros2_ws3/install/_local_setup_util_sh.py'
[3.069s] INFO:colcon.colcon_core.shell:Creating prefix chain script '/home/pradeshi/ros2_ws3/install/setup.sh'
[3.072s] INFO:colcon.colcon_core.shell:Creating prefix script '/home/pradeshi/ros2_ws3/install/local_setup.bash'
[3.074s] INFO:colcon.colcon_core.shell:Creating prefix chain script '/home/pradeshi/ros2_ws3/install/setup.bash'
[3.077s] INFO:colcon.colcon_core.shell:Creating prefix script '/home/pradeshi/ros2_ws3/install/local_setup.zsh'
[3.080s] INFO:colcon.colcon_core.shell:Creating prefix chain script '/home/pradeshi/ros2_ws3/install/setup.zsh'
