[0.901s] DEBUG:colcon:Command line arguments: ['/usr/bin/colcon', 'build']
[0.901s] DEBUG:colcon:Parsed command line arguments: Namespace(log_base=None, log_level=None, verb_name='build', build_base='build', install_base='install', merge_install=False, symlink_install=False, test_result_base=None, continue_on_error=False, executor='parallel', parallel_workers=2, event_handlers=None, ignore_user_meta=False, metas=['./colcon.meta'], base_paths=['.'], packages_ignore=None, packages_ignore_regex=None, paths=None, packages_up_to=None, packages_up_to_regex=None, packages_above=None, packages_above_and_dependencies=None, packages_above_depth=None, packages_select_by_dep=None, packages_skip_by_dep=None, packages_skip_up_to=None, packages_select_build_failed=False, packages_skip_build_finished=False, packages_select_test_failures=False, packages_skip_test_passed=False, packages_select=None, packages_skip=None, packages_select_regex=None, packages_skip_regex=None, packages_start=None, packages_end=None, allow_overriding=[], cmake_args=None, cmake_target=None, cmake_target_skip_unavailable=False, cmake_clean_cache=False, cmake_clean_first=False, cmake_force_configure=False, ament_cmake_args=None, catkin_cmake_args=None, catkin_skip_building_tests=False, verb_parser=<colcon_defaults.argument_parser.defaults.DefaultArgumentsDecorator object at 0x7fa5610a1cf0>, verb_extension=<colcon_core.verb.build.BuildVerb object at 0x7fa5610a1780>, main=<bound method BuildVerb.main of <colcon_core.verb.build.BuildVerb object at 0x7fa5610a1780>>)
[0.977s] Level 1:colcon.colcon_core.package_discovery:discover_packages(colcon_meta) check parameters
[0.977s] Level 1:colcon.colcon_core.package_discovery:discover_packages(recursive) check parameters
[0.977s] Level 1:colcon.colcon_core.package_discovery:discover_packages(ignore) check parameters
[0.977s] Level 1:colcon.colcon_core.package_discovery:discover_packages(path) check parameters
[0.977s] Level 1:colcon.colcon_core.package_discovery:discover_packages(colcon_meta) discover
[0.977s] Level 1:colcon.colcon_core.package_discovery:discover_packages(recursive) discover
[0.977s] INFO:colcon.colcon_core.package_discovery:Crawling recursively for packages in '/home/pradeshi/ros2_ws3'
[0.977s] Level 1:colcon.colcon_core.package_identification:_identify(.) by extensions ['ignore', 'ignore_ament_install']
[0.977s] Level 1:colcon.colcon_core.package_identification:_identify(.) by extension 'ignore'
[0.977s] Level 1:colcon.colcon_core.package_identification:_identify(.) by extension 'ignore_ament_install'
[0.977s] Level 1:colcon.colcon_core.package_identification:_identify(.) by extensions ['colcon_pkg']
[0.977s] Level 1:colcon.colcon_core.package_identification:_identify(.) by extension 'colcon_pkg'
[0.977s] Level 1:colcon.colcon_core.package_identification:_identify(.) by extensions ['colcon_meta']
[0.977s] Level 1:colcon.colcon_core.package_identification:_identify(.) by extension 'colcon_meta'
[0.977s] Level 1:colcon.colcon_core.package_identification:_identify(.) by extensions ['ros']
[0.977s] Level 1:colcon.colcon_core.package_identification:_identify(.) by extension 'ros'
[0.995s] Level 1:colcon.colcon_core.package_identification:_identify(.) by extensions ['cmake', 'python']
[0.995s] Level 1:colcon.colcon_core.package_identification:_identify(.) by extension 'cmake'
[0.995s] Level 1:colcon.colcon_core.package_identification:_identify(.) by extension 'python'
[0.995s] Level 1:colcon.colcon_core.package_identification:_identify(.) by extensions ['python_setup_py']
[0.995s] Level 1:colcon.colcon_core.package_identification:_identify(.) by extension 'python_setup_py'
[0.995s] Level 1:colcon.colcon_core.package_identification:_identify(build) by extensions ['ignore', 'ignore_ament_install']
[0.996s] Level 1:colcon.colcon_core.package_identification:_identify(build) by extension 'ignore'
[0.996s] Level 1:colcon.colcon_core.package_identification:_identify(build) ignored
[0.996s] Level 1:colcon.colcon_core.package_identification:_identify(install) by extensions ['ignore', 'ignore_ament_install']
[0.996s] Level 1:colcon.colcon_core.package_identification:_identify(install) by extension 'ignore'
[0.996s] Level 1:colcon.colcon_core.package_identification:_identify(install) ignored
[0.996s] Level 1:colcon.colcon_core.package_identification:_identify(log) by extensions ['ignore', 'ignore_ament_install']
[0.996s] Level 1:colcon.colcon_core.package_identification:_identify(log) by extension 'ignore'
[0.996s] Level 1:colcon.colcon_core.package_identification:_identify(log) ignored
[0.996s] Level 1:colcon.colcon_core.package_identification:_identify(src) by extensions ['ignore', 'ignore_ament_install']
[0.996s] Level 1:colcon.colcon_core.package_identification:_identify(src) by extension 'ignore'
[0.996s] Level 1:colcon.colcon_core.package_identification:_identify(src) by extension 'ignore_ament_install'
[0.997s] Level 1:colcon.colcon_core.package_identification:_identify(src) by extensions ['colcon_pkg']
[0.997s] Level 1:colcon.colcon_core.package_identification:_identify(src) by extension 'colcon_pkg'
[0.997s] Level 1:colcon.colcon_core.package_identification:_identify(src) by extensions ['colcon_meta']
[0.997s] Level 1:colcon.colcon_core.package_identification:_identify(src) by extension 'colcon_meta'
[0.997s] Level 1:colcon.colcon_core.package_identification:_identify(src) by extensions ['ros']
[0.997s] Level 1:colcon.colcon_core.package_identification:_identify(src) by extension 'ros'
[0.997s] Level 1:colcon.colcon_core.package_identification:_identify(src) by extensions ['cmake', 'python']
[0.997s] Level 1:colcon.colcon_core.package_identification:_identify(src) by extension 'cmake'
[0.997s] Level 1:colcon.colcon_core.package_identification:_identify(src) by extension 'python'
[0.997s] Level 1:colcon.colcon_core.package_identification:_identify(src) by extensions ['python_setup_py']
[0.997s] Level 1:colcon.colcon_core.package_identification:_identify(src) by extension 'python_setup_py'
[0.997s] Level 1:colcon.colcon_core.package_identification:_identify(src/lane_detector) by extensions ['ignore', 'ignore_ament_install']
[0.997s] Level 1:colcon.colcon_core.package_identification:_identify(src/lane_detector) by extension 'ignore'
[0.997s] Level 1:colcon.colcon_core.package_identification:_identify(src/lane_detector) by extension 'ignore_ament_install'
[0.997s] Level 1:colcon.colcon_core.package_identification:_identify(src/lane_detector) by extensions ['colcon_pkg']
[0.997s] Level 1:colcon.colcon_core.package_identification:_identify(src/lane_detector) by extension 'colcon_pkg'
[0.997s] Level 1:colcon.colcon_core.package_identification:_identify(src/lane_detector) by extensions ['colcon_meta']
[0.997s] Level 1:colcon.colcon_core.package_identification:_identify(src/lane_detector) by extension 'colcon_meta'
[0.998s] Level 1:colcon.colcon_core.package_identification:_identify(src/lane_detector) by extensions ['ros']
[0.998s] Level 1:colcon.colcon_core.package_identification:_identify(src/lane_detector) by extension 'ros'
[1.005s] DEBUG:colcon.colcon_core.package_identification:Package 'src/lane_detector' with type 'ros.ament_python' and name 'lane_detector'
[1.005s] Level 1:colcon.colcon_core.package_discovery:discover_packages(recursive) using defaults
[1.006s] Level 1:colcon.colcon_core.package_discovery:discover_packages(ignore) discover
[1.006s] Level 1:colcon.colcon_core.package_discovery:discover_packages(ignore) using defaults
[1.006s] Level 1:colcon.colcon_core.package_discovery:discover_packages(path) discover
[1.006s] Level 1:colcon.colcon_core.package_discovery:discover_packages(path) using defaults
[1.065s] Level 1:colcon.colcon_core.package_discovery:discover_packages(prefix_path) check parameters
[1.066s] Level 1:colcon.colcon_core.package_discovery:discover_packages(prefix_path) discover
[1.076s] DEBUG:colcon.colcon_installed_package_information.package_discovery:Found 1 installed packages in /home/pradeshi/ros2_ws3/install
[1.078s] DEBUG:colcon.colcon_installed_package_information.package_discovery:Found 0 installed packages in /home/pradeshi/ros2_ws1/install
[1.083s] DEBUG:colcon.colcon_installed_package_information.package_discovery:Found 270 installed packages in /opt/ros/humble
[1.085s] Level 1:colcon.colcon_core.package_discovery:discover_packages(prefix_path) using defaults
[1.253s] Level 5:colcon.colcon_core.verb:set package 'lane_detector' build argument 'cmake_args' from command line to 'None'
[1.254s] Level 5:colcon.colcon_core.verb:set package 'lane_detector' build argument 'cmake_target' from command line to 'None'
[1.254s] Level 5:colcon.colcon_core.verb:set package 'lane_detector' build argument 'cmake_target_skip_unavailable' from command line to 'False'
[1.254s] Level 5:colcon.colcon_core.verb:set package 'lane_detector' build argument 'cmake_clean_cache' from command line to 'False'
[1.254s] Level 5:colcon.colcon_core.verb:set package 'lane_detector' build argument 'cmake_clean_first' from command line to 'False'
[1.254s] Level 5:colcon.colcon_core.verb:set package 'lane_detector' build argument 'cmake_force_configure' from command line to 'False'
[1.254s] Level 5:colcon.colcon_core.verb:set package 'lane_detector' build argument 'ament_cmake_args' from command line to 'None'
[1.254s] Level 5:colcon.colcon_core.verb:set package 'lane_detector' build argument 'catkin_cmake_args' from command line to 'None'
[1.254s] Level 5:colcon.colcon_core.verb:set package 'lane_detector' build argument 'catkin_skip_building_tests' from command line to 'False'
[1.254s] DEBUG:colcon.colcon_core.verb:Building package 'lane_detector' with the following arguments: {'ament_cmake_args': None, 'build_base': '/home/pradeshi/ros2_ws3/build/lane_detector', 'catkin_cmake_args': None, 'catkin_skip_building_tests': False, 'cmake_args': None, 'cmake_clean_cache': False, 'cmake_clean_first': False, 'cmake_force_configure': False, 'cmake_target': None, 'cmake_target_skip_unavailable': False, 'install_base': '/home/pradeshi/ros2_ws3/install/lane_detector', 'merge_install': False, 'path': '/home/pradeshi/ros2_ws3/src/lane_detector', 'symlink_install': False, 'test_result_base': None}
[1.255s] INFO:colcon.colcon_core.executor:Executing jobs using 'parallel' executor
[1.259s] DEBUG:colcon.colcon_parallel_executor.executor.parallel:run_until_complete
[1.260s] INFO:colcon.colcon_ros.task.ament_python.build:Building ROS package in '/home/pradeshi/ros2_ws3/src/lane_detector' with build type 'ament_python'
[1.260s] Level 1:colcon.colcon_core.shell:create_environment_hook('lane_detector', 'ament_prefix_path')
[1.275s] INFO:colcon.colcon_core.plugin_system:Skipping extension 'colcon_core.shell.bat': Not used on non-Windows systems
[1.275s] INFO:colcon.colcon_core.shell:Creating environment hook '/home/pradeshi/ros2_ws3/install/lane_detector/share/lane_detector/hook/ament_prefix_path.ps1'
[1.278s] INFO:colcon.colcon_core.shell:Creating environment descriptor '/home/pradeshi/ros2_ws3/install/lane_detector/share/lane_detector/hook/ament_prefix_path.dsv'
[1.279s] INFO:colcon.colcon_core.shell:Creating environment hook '/home/pradeshi/ros2_ws3/install/lane_detector/share/lane_detector/hook/ament_prefix_path.sh'
[1.281s] INFO:colcon.colcon_core.shell:Skip shell extension 'powershell' for command environment: Not usable outside of PowerShell
[1.281s] DEBUG:colcon.colcon_core.shell:Skip shell extension 'dsv' for command environment
[1.657s] INFO:colcon.colcon_core.task.python.build:Building Python package in '/home/pradeshi/ros2_ws3/src/lane_detector'
[1.658s] INFO:colcon.colcon_core.shell:Skip shell extension 'powershell' for command environment: Not usable outside of PowerShell
[1.659s] DEBUG:colcon.colcon_core.shell:Skip shell extension 'dsv' for command environment
[2.217s] DEBUG:colcon.colcon_core.event_handler.log_command:Invoking command in '/home/pradeshi/ros2_ws3/build/lane_detector': PYTHONPATH=/home/pradeshi/ros2_ws3/build/lane_detector/prefix_override:/home/pradeshi/ros2_ws3/install/lane_detector/lib/python3.10/site-packages:${PYTHONPATH} /usr/bin/python3 setup.py develop --uninstall --editable --build-directory /home/pradeshi/ros2_ws3/build/lane_detector/build
[2.736s] DEBUG:colcon.colcon_core.event_handler.log_command:Invoked command in '/home/pradeshi/ros2_ws3/build/lane_detector' returned '0': PYTHONPATH=/home/pradeshi/ros2_ws3/build/lane_detector/prefix_override:/home/pradeshi/ros2_ws3/install/lane_detector/lib/python3.10/site-packages:${PYTHONPATH} /usr/bin/python3 setup.py develop --uninstall --editable --build-directory /home/pradeshi/ros2_ws3/build/lane_detector/build
[2.739s] DEBUG:colcon.colcon_core.event_handler.log_command:Invoking command in '/home/pradeshi/ros2_ws3/src/lane_detector': PYTHONPATH=/home/pradeshi/ros2_ws3/build/lane_detector/prefix_override:/home/pradeshi/ros2_ws3/install/lane_detector/lib/python3.10/site-packages:${PYTHONPATH} /usr/bin/python3 setup.py egg_info --egg-base ../../build/lane_detector build --build-base /home/pradeshi/ros2_ws3/build/lane_detector/build install --record /home/pradeshi/ros2_ws3/build/lane_detector/install.log --single-version-externally-managed
[3.061s] DEBUG:colcon.colcon_core.event_handler.log_command:Invoked command in '/home/pradeshi/ros2_ws3/src/lane_detector' returned '0': PYTHONPATH=/home/pradeshi/ros2_ws3/build/lane_detector/prefix_override:/home/pradeshi/ros2_ws3/install/lane_detector/lib/python3.10/site-packages:${PYTHONPATH} /usr/bin/python3 setup.py egg_info --egg-base ../../build/lane_detector build --build-base /home/pradeshi/ros2_ws3/build/lane_detector/build install --record /home/pradeshi/ros2_ws3/build/lane_detector/install.log --single-version-externally-managed
[3.075s] Level 1:colcon.colcon_core.environment:checking '/home/pradeshi/ros2_ws3/install/lane_detector' for CMake module files
[3.076s] Level 1:colcon.colcon_core.environment:checking '/home/pradeshi/ros2_ws3/install/lane_detector' for CMake config files
[3.077s] Level 1:colcon.colcon_core.environment:checking '/home/pradeshi/ros2_ws3/install/lane_detector/lib'
[3.077s] Level 1:colcon.colcon_core.environment:checking '/home/pradeshi/ros2_ws3/install/lane_detector/bin'
[3.077s] Level 1:colcon.colcon_core.environment:checking '/home/pradeshi/ros2_ws3/install/lane_detector/lib/pkgconfig/lane_detector.pc'
[3.077s] Level 1:colcon.colcon_core.environment:checking '/home/pradeshi/ros2_ws3/install/lane_detector/lib/python3.10/site-packages'
[3.078s] Level 1:colcon.colcon_core.shell:create_environment_hook('lane_detector', 'pythonpath')
[3.079s] INFO:colcon.colcon_core.shell:Creating environment hook '/home/pradeshi/ros2_ws3/install/lane_detector/share/lane_detector/hook/pythonpath.ps1'
[3.080s] INFO:colcon.colcon_core.shell:Creating environment descriptor '/home/pradeshi/ros2_ws3/install/lane_detector/share/lane_detector/hook/pythonpath.dsv'
[3.081s] INFO:colcon.colcon_core.shell:Creating environment hook '/home/pradeshi/ros2_ws3/install/lane_detector/share/lane_detector/hook/pythonpath.sh'
[3.082s] Level 1:colcon.colcon_core.environment:checking '/home/pradeshi/ros2_ws3/install/lane_detector/bin'
[3.082s] Level 1:colcon.colcon_core.environment:create_environment_scripts_only(lane_detector)
[3.084s] INFO:colcon.colcon_core.shell:Creating package script '/home/pradeshi/ros2_ws3/install/lane_detector/share/lane_detector/package.ps1'
[3.090s] INFO:colcon.colcon_core.shell:Creating package descriptor '/home/pradeshi/ros2_ws3/install/lane_detector/share/lane_detector/package.dsv'
[3.092s] INFO:colcon.colcon_core.shell:Creating package script '/home/pradeshi/ros2_ws3/install/lane_detector/share/lane_detector/package.sh'
[3.094s] INFO:colcon.colcon_core.shell:Creating package script '/home/pradeshi/ros2_ws3/install/lane_detector/share/lane_detector/package.bash'
[3.097s] INFO:colcon.colcon_core.shell:Creating package script '/home/pradeshi/ros2_ws3/install/lane_detector/share/lane_detector/package.zsh'
[3.099s] Level 1:colcon.colcon_core.environment:create_file_with_runtime_dependencies(/home/pradeshi/ros2_ws3/install/lane_detector/share/colcon-core/packages/lane_detector)
[3.100s] DEBUG:colcon.colcon_parallel_executor.executor.parallel:closing loop
[3.101s] DEBUG:colcon.colcon_parallel_executor.executor.parallel:loop closed
[3.101s] DEBUG:colcon.colcon_parallel_executor.executor.parallel:run_until_complete finished with '0'
[3.101s] DEBUG:colcon.colcon_core.event_reactor:joining thread
[3.124s] INFO:colcon.colcon_core.plugin_system:Skipping extension 'colcon_notification.desktop_notification.terminal_notifier': Not used on non-Darwin systems
[3.125s] INFO:colcon.colcon_core.plugin_system:Skipping extension 'colcon_notification.desktop_notification.win32': Not used on non-Windows systems
[3.125s] INFO:colcon.colcon_notification.desktop_notification:Sending desktop notification using 'notify2'
[3.170s] DEBUG:colcon.colcon_core.event_reactor:joined thread
[3.172s] INFO:colcon.colcon_core.shell:Creating prefix script '/home/pradeshi/ros2_ws3/install/local_setup.ps1'
[3.174s] INFO:colcon.colcon_core.shell:Creating prefix util module '/home/pradeshi/ros2_ws3/install/_local_setup_util_ps1.py'
[3.178s] INFO:colcon.colcon_core.shell:Creating prefix chain script '/home/pradeshi/ros2_ws3/install/setup.ps1'
[3.181s] INFO:colcon.colcon_core.shell:Creating prefix script '/home/pradeshi/ros2_ws3/install/local_setup.sh'
[3.183s] INFO:colcon.colcon_core.shell:Creating prefix util module '/home/pradeshi/ros2_ws3/install/_local_setup_util_sh.py'
[3.184s] INFO:colcon.colcon_core.shell:Creating prefix chain script '/home/pradeshi/ros2_ws3/install/setup.sh'
[3.187s] INFO:colcon.colcon_core.shell:Creating prefix script '/home/pradeshi/ros2_ws3/install/local_setup.bash'
[3.190s] INFO:colcon.colcon_core.shell:Creating prefix chain script '/home/pradeshi/ros2_ws3/install/setup.bash'
[3.193s] INFO:colcon.colcon_core.shell:Creating prefix script '/home/pradeshi/ros2_ws3/install/local_setup.zsh'
[3.196s] INFO:colcon.colcon_core.shell:Creating prefix chain script '/home/pradeshi/ros2_ws3/install/setup.zsh'
