[0.826s] Invoking command in '/home/pradeshi/ros2_ws3/build/lane_detector': PYTHONPATH=/home/pradeshi/ros2_ws3/build/lane_detector/prefix_override:/home/pradeshi/ros2_ws3/install/lane_detector/lib/python3.10/site-packages:${PYTHONPATH} /usr/bin/python3 setup.py develop --uninstall --editable --build-directory /home/pradeshi/ros2_ws3/build/lane_detector/build
[1.305s] running develop
[1.504s] Invoked command in '/home/pradeshi/ros2_ws3/build/lane_detector' returned '0': PYTHONPATH=/home/pradeshi/ros2_ws3/build/lane_detector/prefix_override:/home/pradeshi/ros2_ws3/install/lane_detector/lib/python3.10/site-packages:${PYTHONPATH} /usr/bin/python3 setup.py develop --uninstall --editable --build-directory /home/pradeshi/ros2_ws3/build/lane_detector/build
[1.507s] Invoking command in '/home/pradeshi/ros2_ws3/src/lane_detector': PYTHONPATH=/home/pradeshi/ros2_ws3/build/lane_detector/prefix_override:/home/pradeshi/ros2_ws3/install/lane_detector/lib/python3.10/site-packages:${PYTHONPATH} /usr/bin/python3 setup.py egg_info --egg-base ../../build/lane_detector build --build-base /home/pradeshi/ros2_ws3/build/lane_detector/build install --record /home/pradeshi/ros2_ws3/build/lane_detector/install.log --single-version-externally-managed
[1.753s] running egg_info
[1.755s] writing ../../build/lane_detector/lane_detector.egg-info/PKG-INFO
[1.755s] writing dependency_links to ../../build/lane_detector/lane_detector.egg-info/dependency_links.txt
[1.756s] writing entry points to ../../build/lane_detector/lane_detector.egg-info/entry_points.txt
[1.757s] writing requirements to ../../build/lane_detector/lane_detector.egg-info/requires.txt
[1.757s] writing top-level names to ../../build/lane_detector/lane_detector.egg-info/top_level.txt
[1.761s] reading manifest file '../../build/lane_detector/lane_detector.egg-info/SOURCES.txt'
[1.764s] writing manifest file '../../build/lane_detector/lane_detector.egg-info/SOURCES.txt'
[1.764s] running build
[1.764s] running build_py
[1.764s] copying lane_detector/video_subscriber.py -> /home/pradeshi/ros2_ws3/build/lane_detector/build/lib/lane_detector
[1.764s] copying lane_detector/visualization.py -> /home/pradeshi/ros2_ws3/build/lane_detector/build/lib/lane_detector
[1.765s] copying lane_detector/opencv_subscriber.py -> /home/pradeshi/ros2_ws3/build/lane_detector/build/lib/lane_detector
[1.765s] copying lane_detector/constants.py -> /home/pradeshi/ros2_ws3/build/lane_detector/build/lib/lane_detector
[1.765s] copying lane_detector/lane_detection.py -> /home/pradeshi/ros2_ws3/build/lane_detector/build/lib/lane_detector
[1.767s] running install
[1.769s] running install_lib
[1.770s] copying /home/pradeshi/ros2_ws3/build/lane_detector/build/lib/lane_detector/video_subscriber.py -> /home/pradeshi/ros2_ws3/install/lane_detector/lib/python3.10/site-packages/lane_detector
[1.770s] copying /home/pradeshi/ros2_ws3/build/lane_detector/build/lib/lane_detector/visualization.py -> /home/pradeshi/ros2_ws3/install/lane_detector/lib/python3.10/site-packages/lane_detector
[1.771s] copying /home/pradeshi/ros2_ws3/build/lane_detector/build/lib/lane_detector/opencv_subscriber.py -> /home/pradeshi/ros2_ws3/install/lane_detector/lib/python3.10/site-packages/lane_detector
[1.771s] copying /home/pradeshi/ros2_ws3/build/lane_detector/build/lib/lane_detector/constants.py -> /home/pradeshi/ros2_ws3/install/lane_detector/lib/python3.10/site-packages/lane_detector
[1.772s] copying /home/pradeshi/ros2_ws3/build/lane_detector/build/lib/lane_detector/lane_detection.py -> /home/pradeshi/ros2_ws3/install/lane_detector/lib/python3.10/site-packages/lane_detector
[1.773s] byte-compiling /home/pradeshi/ros2_ws3/install/lane_detector/lib/python3.10/site-packages/lane_detector/video_subscriber.py to video_subscriber.cpython-310.pyc
[1.774s] byte-compiling /home/pradeshi/ros2_ws3/install/lane_detector/lib/python3.10/site-packages/lane_detector/visualization.py to visualization.cpython-310.pyc
[1.777s] byte-compiling /home/pradeshi/ros2_ws3/install/lane_detector/lib/python3.10/site-packages/lane_detector/opencv_subscriber.py to opencv_subscriber.cpython-310.pyc
[1.780s] byte-compiling /home/pradeshi/ros2_ws3/install/lane_detector/lib/python3.10/site-packages/lane_detector/constants.py to constants.cpython-310.pyc
[1.780s] byte-compiling /home/pradeshi/ros2_ws3/install/lane_detector/lib/python3.10/site-packages/lane_detector/lane_detection.py to lane_detection.cpython-310.pyc
[1.783s] running install_data
[1.784s] running install_egg_info
[1.785s] removing '/home/pradeshi/ros2_ws3/install/lane_detector/lib/python3.10/site-packages/lane_detector-0.0.0-py3.10.egg-info' (and everything under it)
[1.786s] Copying ../../build/lane_detector/lane_detector.egg-info to /home/pradeshi/ros2_ws3/install/lane_detector/lib/python3.10/site-packages/lane_detector-0.0.0-py3.10.egg-info
[1.788s] running install_scripts
[1.807s] Installing opencv_sub script to /home/pradeshi/ros2_ws3/install/lane_detector/lib/lane_detector
[1.807s] Installing webcam_pub script to /home/pradeshi/ros2_ws3/install/lane_detector/lib/lane_detector
[1.809s] writing list of installed files to '/home/pradeshi/ros2_ws3/build/lane_detector/install.log'
[1.851s] Invoked command in '/home/pradeshi/ros2_ws3/src/lane_detector' returned '0': PYTHONPATH=/home/pradeshi/ros2_ws3/build/lane_detector/prefix_override:/home/pradeshi/ros2_ws3/install/lane_detector/lib/python3.10/site-packages:${PYTHONPATH} /usr/bin/python3 setup.py egg_info --egg-base ../../build/lane_detector build --build-base /home/pradeshi/ros2_ws3/build/lane_detector/build install --record /home/pradeshi/ros2_ws3/build/lane_detector/install.log --single-version-externally-managed
