running develop
Removing /home/pradeshi/ros2_ws3/install/lane_detector/lib/python3.10/site-packages/lane-detector.egg-link (link to .)
running egg_info
writing ../../build/lane_detector/lane_detector.egg-info/PKG-INFO
writing dependency_links to ../../build/lane_detector/lane_detector.egg-info/dependency_links.txt
writing entry points to ../../build/lane_detector/lane_detector.egg-info/entry_points.txt
writing requirements to ../../build/lane_detector/lane_detector.egg-info/requires.txt
writing top-level names to ../../build/lane_detector/lane_detector.egg-info/top_level.txt
reading manifest file '../../build/lane_detector/lane_detector.egg-info/SOURCES.txt'
writing manifest file '../../build/lane_detector/lane_detector.egg-info/SOURCES.txt'
running build
running build_py
running install
running install_lib
creating /home/pradeshi/ros2_ws3/install/lane_detector/lib/python3.10/site-packages/lane_detector
copying /home/pradeshi/ros2_ws3/build/lane_detector/build/lib/lane_detector/__init__.py -> /home/pradeshi/ros2_ws3/install/lane_detector/lib/python3.10/site-packages/lane_detector
copying /home/pradeshi/ros2_ws3/build/lane_detector/build/lib/lane_detector/opencv_subscriber.py -> /home/pradeshi/ros2_ws3/install/lane_detector/lib/python3.10/site-packages/lane_detector
copying /home/pradeshi/ros2_ws3/build/lane_detector/build/lib/lane_detector/camera_publisher.py -> /home/pradeshi/ros2_ws3/install/lane_detector/lib/python3.10/site-packages/lane_detector
byte-compiling /home/pradeshi/ros2_ws3/install/lane_detector/lib/python3.10/site-packages/lane_detector/__init__.py to __init__.cpython-310.pyc
byte-compiling /home/pradeshi/ros2_ws3/install/lane_detector/lib/python3.10/site-packages/lane_detector/opencv_subscriber.py to opencv_subscriber.cpython-310.pyc
byte-compiling /home/pradeshi/ros2_ws3/install/lane_detector/lib/python3.10/site-packages/lane_detector/camera_publisher.py to camera_publisher.cpython-310.pyc
running install_data
running install_egg_info
Copying ../../build/lane_detector/lane_detector.egg-info to /home/pradeshi/ros2_ws3/install/lane_detector/lib/python3.10/site-packages/lane_detector-0.0.0-py3.10.egg-info
running install_scripts
Installing opencv_sub script to /home/pradeshi/ros2_ws3/install/lane_detector/lib/lane_detector
Installing webcam_pub script to /home/pradeshi/ros2_ws3/install/lane_detector/lib/lane_detector
writing list of installed files to '/home/pradeshi/ros2_ws3/build/lane_detector/install.log'
