[2.107s] Invoking command in '/home/pradeshi/ros2_ws3/src/teleop_tools/key_teleop': PYTHONPATH=/home/pradeshi/ros2_ws3/build/key_teleop/prefix_override:/home/pradeshi/ros2_ws3/install/key_teleop/lib/python3.10/site-packages:${PYTHONPATH} /usr/bin/python3 setup.py egg_info --egg-base ../../../build/key_teleop build --build-base /home/pradeshi/ros2_ws3/build/key_teleop/build install --record /home/pradeshi/ros2_ws3/build/key_teleop/install.log --install-scripts $base/lib/key_teleop --single-version-externally-managed
[2.774s] /home/pradeshi/.local/lib/python3.10/site-packages/setuptools/dist.py:717: UserWarning: Usage of dash-separated 'script-dir' will not be supported in future versions. Please use the underscore name 'script_dir' instead
[2.774s]   warnings.warn(
[2.876s] running egg_info
[2.878s] creating ../../../build/key_teleop/key_teleop.egg-info
[2.880s] writing ../../../build/key_teleop/key_teleop.egg-info/PKG-INFO
[2.881s] writing dependency_links to ../../../build/key_teleop/key_teleop.egg-info/dependency_links.txt
[2.889s] writing entry points to ../../../build/key_teleop/key_teleop.egg-info/entry_points.txt
[2.889s] writing requirements to ../../../build/key_teleop/key_teleop.egg-info/requires.txt
[2.890s] writing top-level names to ../../../build/key_teleop/key_teleop.egg-info/top_level.txt
[2.890s] writing manifest file '../../../build/key_teleop/key_teleop.egg-info/SOURCES.txt'
[2.891s] reading manifest file '../../../build/key_teleop/key_teleop.egg-info/SOURCES.txt'
[2.891s] adding license file 'LICENSE'
[2.893s] writing manifest file '../../../build/key_teleop/key_teleop.egg-info/SOURCES.txt'
[2.894s] running build
[2.895s] running build_py
[2.896s] creating /home/pradeshi/ros2_ws3/build/key_teleop/build
[2.897s] creating /home/pradeshi/ros2_ws3/build/key_teleop/build/lib
[2.898s] creating /home/pradeshi/ros2_ws3/build/key_teleop/build/lib/key_teleop
[2.899s] copying key_teleop/__init__.py -> /home/pradeshi/ros2_ws3/build/key_teleop/build/lib/key_teleop
[2.900s] copying key_teleop/key_teleop.py -> /home/pradeshi/ros2_ws3/build/key_teleop/build/lib/key_teleop
[2.902s] running install
[2.903s] running install_lib
[2.906s] creating /home/pradeshi/ros2_ws3/install/key_teleop/lib/python3.10/site-packages/key_teleop
[2.907s] copying /home/pradeshi/ros2_ws3/build/key_teleop/build/lib/key_teleop/__init__.py -> /home/pradeshi/ros2_ws3/install/key_teleop/lib/python3.10/site-packages/key_teleop
[2.908s] copying /home/pradeshi/ros2_ws3/build/key_teleop/build/lib/key_teleop/key_teleop.py -> /home/pradeshi/ros2_ws3/install/key_teleop/lib/python3.10/site-packages/key_teleop
[2.910s] byte-compiling /home/pradeshi/ros2_ws3/install/key_teleop/lib/python3.10/site-packages/key_teleop/__init__.py to __init__.cpython-310.pyc
[2.911s] byte-compiling /home/pradeshi/ros2_ws3/install/key_teleop/lib/python3.10/site-packages/key_teleop/key_teleop.py to key_teleop.cpython-310.pyc
[2.916s] running install_data
[2.918s] copying package.xml -> /home/pradeshi/ros2_ws3/install/key_teleop/share/key_teleop
[2.929s] creating /home/pradeshi/ros2_ws3/install/key_teleop/share/key_teleop/config
[2.929s] copying config/key_teleop.yaml -> /home/pradeshi/ros2_ws3/install/key_teleop/share/key_teleop/config
[2.932s] creating /home/pradeshi/ros2_ws3/install/key_teleop/share/ament_index
[2.941s] creating /home/pradeshi/ros2_ws3/install/key_teleop/share/ament_index/resource_index
[2.941s] creating /home/pradeshi/ros2_ws3/install/key_teleop/share/ament_index/resource_index/packages
[2.942s] copying resource/key_teleop -> /home/pradeshi/ros2_ws3/install/key_teleop/share/ament_index/resource_index/packages
[2.942s] running install_egg_info
[2.960s] Copying ../../../build/key_teleop/key_teleop.egg-info to /home/pradeshi/ros2_ws3/install/key_teleop/lib/python3.10/site-packages/key_teleop-1.4.0-py3.10.egg-info
[2.979s] running install_scripts
[3.101s] Installing key_teleop script to /home/pradeshi/ros2_ws3/install/key_teleop/lib/key_teleop
[3.110s] writing list of installed files to '/home/pradeshi/ros2_ws3/build/key_teleop/install.log'
[3.257s] Invoked command in '/home/pradeshi/ros2_ws3/src/teleop_tools/key_teleop' returned '0': PYTHONPATH=/home/pradeshi/ros2_ws3/build/key_teleop/prefix_override:/home/pradeshi/ros2_ws3/install/key_teleop/lib/python3.10/site-packages:${PYTHONPATH} /usr/bin/python3 setup.py egg_info --egg-base ../../../build/key_teleop build --build-base /home/pradeshi/ros2_ws3/build/key_teleop/build install --record /home/pradeshi/ros2_ws3/build/key_teleop/install.log --install-scripts $base/lib/key_teleop --single-version-externally-managed
