[1.647s] Invoking command in '/home/pradeshi/ros2_ws3/build/lane_detector': PYTHONPATH=/home/pradeshi/ros2_ws3/build/lane_detector/prefix_override:/home/pradeshi/ros2_ws3/install/lane_detector/lib/python3.10/site-packages:${PYTHONPATH} /usr/bin/python3 setup.py develop --uninstall --editable --build-directory /home/pradeshi/ros2_ws3/build/lane_detector/build
[2.333s] running develop
[2.788s] Invoked command in '/home/pradeshi/ros2_ws3/build/lane_detector' returned '0': PYTHONPATH=/home/pradeshi/ros2_ws3/build/lane_detector/prefix_override:/home/pradeshi/ros2_ws3/install/lane_detector/lib/python3.10/site-packages:${PYTHONPATH} /usr/bin/python3 setup.py develop --uninstall --editable --build-directory /home/pradeshi/ros2_ws3/build/lane_detector/build
[2.789s] Invoking command in '/home/pradeshi/ros2_ws3/src/lane_detector': PYTHONPATH=/home/pradeshi/ros2_ws3/build/lane_detector/prefix_override:/home/pradeshi/ros2_ws3/install/lane_detector/lib/python3.10/site-packages:${PYTHONPATH} /usr/bin/python3 setup.py egg_info --egg-base ../../build/lane_detector build --build-base /home/pradeshi/ros2_ws3/build/lane_detector/build install --record /home/pradeshi/ros2_ws3/build/lane_detector/install.log --single-version-externally-managed
[3.410s] running egg_info
[3.412s] writing ../../build/lane_detector/lane_detector.egg-info/PKG-INFO
[3.413s] writing dependency_links to ../../build/lane_detector/lane_detector.egg-info/dependency_links.txt
[3.414s] writing entry points to ../../build/lane_detector/lane_detector.egg-info/entry_points.txt
[3.415s] writing requirements to ../../build/lane_detector/lane_detector.egg-info/requires.txt
[3.416s] writing top-level names to ../../build/lane_detector/lane_detector.egg-info/top_level.txt
[3.423s] reading manifest file '../../build/lane_detector/lane_detector.egg-info/SOURCES.txt'
[3.426s] writing manifest file '../../build/lane_detector/lane_detector.egg-info/SOURCES.txt'
[3.426s] running build
[3.427s] running build_py
[3.427s] copying lane_detector/video_subscriber.py -> /home/pradeshi/ros2_ws3/build/lane_detector/build/lib/lane_detector
[3.428s] running install
[3.429s] running install_lib
[3.431s] copying /home/pradeshi/ros2_ws3/build/lane_detector/build/lib/lane_detector/video_subscriber.py -> /home/pradeshi/ros2_ws3/install/lane_detector/lib/python3.10/site-packages/lane_detector
[3.433s] byte-compiling /home/pradeshi/ros2_ws3/install/lane_detector/lib/python3.10/site-packages/lane_detector/video_subscriber.py to video_subscriber.cpython-310.pyc
[3.436s] running install_data
[3.437s] running install_egg_info
[3.442s] removing '/home/pradeshi/ros2_ws3/install/lane_detector/lib/python3.10/site-packages/lane_detector-0.0.0-py3.10.egg-info' (and everything under it)
[3.451s] Copying ../../build/lane_detector/lane_detector.egg-info to /home/pradeshi/ros2_ws3/install/lane_detector/lib/python3.10/site-packages/lane_detector-0.0.0-py3.10.egg-info
[3.453s] running install_scripts
[3.498s] Installing opencv_sub script to /home/pradeshi/ros2_ws3/install/lane_detector/lib/lane_detector
[3.499s] Installing webcam_pub script to /home/pradeshi/ros2_ws3/install/lane_detector/lib/lane_detector
[3.500s] writing list of installed files to '/home/pradeshi/ros2_ws3/build/lane_detector/install.log'
[3.563s] Invoked command in '/home/pradeshi/ros2_ws3/src/lane_detector' returned '0': PYTHONPATH=/home/pradeshi/ros2_ws3/build/lane_detector/prefix_override:/home/pradeshi/ros2_ws3/install/lane_detector/lib/python3.10/site-packages:${PYTHONPATH} /usr/bin/python3 setup.py egg_info --egg-base ../../build/lane_detector build --build-base /home/pradeshi/ros2_ws3/build/lane_detector/build install --record /home/pradeshi/ros2_ws3/build/lane_detector/install.log --single-version-externally-managed
