[0.041s] Invoking command in '/home/pradeshi/ros2_ws3/build/teleop_tools': AMENT_PREFIX_PATH=/home/pradeshi/ros2_ws3/install/joy_teleop:/home/pradeshi/ros2_ws3/install/teleop_tools_msgs:/home/pradeshi/ros2_ws3/install/key_teleop:${AMENT_PREFIX_PATH} CMAKE_PREFIX_PATH=/home/pradeshi/ros2_ws3/install/teleop_tools_msgs:/home/pradeshi/ros2_ws3/install/lane_detector:/opt/ros/humble LD_LIBRARY_PATH=/home/pradeshi/ros2_ws3/install/teleop_tools_msgs/lib:${LD_LIBRARY_PATH} PYTHONPATH=/home/pradeshi/ros2_ws3/install/joy_teleop/lib/python3.10/site-packages:/home/pradeshi/ros2_ws3/install/teleop_tools_msgs/local/lib/python3.10/dist-packages:/home/pradeshi/ros2_ws3/install/key_teleop/lib/python3.10/site-packages:${PYTHONPATH} /usr/bin/cmake /home/pradeshi/ros2_ws3/src/teleop_tools/teleop_tools -DCMAKE_INSTALL_PREFIX=/home/pradeshi/ros2_ws3/install/teleop_tools
[0.084s] -- Found ament_cmake: 1.3.4 (/opt/ros/humble/share/ament_cmake/cmake)
[0.572s] -- Found Python3: /usr/bin/python3.10 (found version "3.10.6") found components: Interpreter 
[0.908s] -- Configuring done
[0.915s] -- Generating done
[0.917s] -- Build files have been written to: /home/pradeshi/ros2_ws3/build/teleop_tools
[0.922s] Invoked command in '/home/pradeshi/ros2_ws3/build/teleop_tools' returned '0': AMENT_PREFIX_PATH=/home/pradeshi/ros2_ws3/install/joy_teleop:/home/pradeshi/ros2_ws3/install/teleop_tools_msgs:/home/pradeshi/ros2_ws3/install/key_teleop:${AMENT_PREFIX_PATH} CMAKE_PREFIX_PATH=/home/pradeshi/ros2_ws3/install/teleop_tools_msgs:/home/pradeshi/ros2_ws3/install/lane_detector:/opt/ros/humble LD_LIBRARY_PATH=/home/pradeshi/ros2_ws3/install/teleop_tools_msgs/lib:${LD_LIBRARY_PATH} PYTHONPATH=/home/pradeshi/ros2_ws3/install/joy_teleop/lib/python3.10/site-packages:/home/pradeshi/ros2_ws3/install/teleop_tools_msgs/local/lib/python3.10/dist-packages:/home/pradeshi/ros2_ws3/install/key_teleop/lib/python3.10/site-packages:${PYTHONPATH} /usr/bin/cmake /home/pradeshi/ros2_ws3/src/teleop_tools/teleop_tools -DCMAKE_INSTALL_PREFIX=/home/pradeshi/ros2_ws3/install/teleop_tools
[0.926s] Invoking command in '/home/pradeshi/ros2_ws3/build/teleop_tools': AMENT_PREFIX_PATH=/home/pradeshi/ros2_ws3/install/joy_teleop:/home/pradeshi/ros2_ws3/install/teleop_tools_msgs:/home/pradeshi/ros2_ws3/install/key_teleop:${AMENT_PREFIX_PATH} CMAKE_PREFIX_PATH=/home/pradeshi/ros2_ws3/install/teleop_tools_msgs:/home/pradeshi/ros2_ws3/install/lane_detector:/opt/ros/humble LD_LIBRARY_PATH=/home/pradeshi/ros2_ws3/install/teleop_tools_msgs/lib:${LD_LIBRARY_PATH} PYTHONPATH=/home/pradeshi/ros2_ws3/install/joy_teleop/lib/python3.10/site-packages:/home/pradeshi/ros2_ws3/install/teleop_tools_msgs/local/lib/python3.10/dist-packages:/home/pradeshi/ros2_ws3/install/key_teleop/lib/python3.10/site-packages:${PYTHONPATH} /usr/bin/cmake --build /home/pradeshi/ros2_ws3/build/teleop_tools -- -j2 -l2
[0.992s] Invoked command in '/home/pradeshi/ros2_ws3/build/teleop_tools' returned '0': AMENT_PREFIX_PATH=/home/pradeshi/ros2_ws3/install/joy_teleop:/home/pradeshi/ros2_ws3/install/teleop_tools_msgs:/home/pradeshi/ros2_ws3/install/key_teleop:${AMENT_PREFIX_PATH} CMAKE_PREFIX_PATH=/home/pradeshi/ros2_ws3/install/teleop_tools_msgs:/home/pradeshi/ros2_ws3/install/lane_detector:/opt/ros/humble LD_LIBRARY_PATH=/home/pradeshi/ros2_ws3/install/teleop_tools_msgs/lib:${LD_LIBRARY_PATH} PYTHONPATH=/home/pradeshi/ros2_ws3/install/joy_teleop/lib/python3.10/site-packages:/home/pradeshi/ros2_ws3/install/teleop_tools_msgs/local/lib/python3.10/dist-packages:/home/pradeshi/ros2_ws3/install/key_teleop/lib/python3.10/site-packages:${PYTHONPATH} /usr/bin/cmake --build /home/pradeshi/ros2_ws3/build/teleop_tools -- -j2 -l2
[1.036s] Invoking command in '/home/pradeshi/ros2_ws3/build/teleop_tools': AMENT_PREFIX_PATH=/home/pradeshi/ros2_ws3/install/joy_teleop:/home/pradeshi/ros2_ws3/install/teleop_tools_msgs:/home/pradeshi/ros2_ws3/install/key_teleop:${AMENT_PREFIX_PATH} CMAKE_PREFIX_PATH=/home/pradeshi/ros2_ws3/install/teleop_tools_msgs:/home/pradeshi/ros2_ws3/install/lane_detector:/opt/ros/humble LD_LIBRARY_PATH=/home/pradeshi/ros2_ws3/install/teleop_tools_msgs/lib:${LD_LIBRARY_PATH} PYTHONPATH=/home/pradeshi/ros2_ws3/install/joy_teleop/lib/python3.10/site-packages:/home/pradeshi/ros2_ws3/install/teleop_tools_msgs/local/lib/python3.10/dist-packages:/home/pradeshi/ros2_ws3/install/key_teleop/lib/python3.10/site-packages:${PYTHONPATH} /usr/bin/cmake --install /home/pradeshi/ros2_ws3/build/teleop_tools
[1.049s] -- Install configuration: ""
[1.049s] -- Installing: /home/pradeshi/ros2_ws3/install/teleop_tools/share/ament_index/resource_index/package_run_dependencies/teleop_tools
[1.050s] -- Installing: /home/pradeshi/ros2_ws3/install/teleop_tools/share/ament_index/resource_index/parent_prefix_path/teleop_tools
[1.051s] -- Installing: /home/pradeshi/ros2_ws3/install/teleop_tools/share/teleop_tools/environment/ament_prefix_path.sh
[1.051s] -- Installing: /home/pradeshi/ros2_ws3/install/teleop_tools/share/teleop_tools/environment/ament_prefix_path.dsv
[1.052s] -- Installing: /home/pradeshi/ros2_ws3/install/teleop_tools/share/teleop_tools/environment/path.sh
[1.052s] -- Installing: /home/pradeshi/ros2_ws3/install/teleop_tools/share/teleop_tools/environment/path.dsv
[1.053s] -- Installing: /home/pradeshi/ros2_ws3/install/teleop_tools/share/teleop_tools/local_setup.bash
[1.053s] -- Installing: /home/pradeshi/ros2_ws3/install/teleop_tools/share/teleop_tools/local_setup.sh
[1.054s] -- Installing: /home/pradeshi/ros2_ws3/install/teleop_tools/share/teleop_tools/local_setup.zsh
[1.054s] -- Installing: /home/pradeshi/ros2_ws3/install/teleop_tools/share/teleop_tools/local_setup.dsv
[1.055s] -- Installing: /home/pradeshi/ros2_ws3/install/teleop_tools/share/teleop_tools/package.dsv
[1.056s] -- Installing: /home/pradeshi/ros2_ws3/install/teleop_tools/share/ament_index/resource_index/packages/teleop_tools
[1.056s] -- Installing: /home/pradeshi/ros2_ws3/install/teleop_tools/share/teleop_tools/cmake/teleop_toolsConfig.cmake
[1.057s] -- Installing: /home/pradeshi/ros2_ws3/install/teleop_tools/share/teleop_tools/cmake/teleop_toolsConfig-version.cmake
[1.058s] -- Installing: /home/pradeshi/ros2_ws3/install/teleop_tools/share/teleop_tools/package.xml
[1.067s] Invoked command in '/home/pradeshi/ros2_ws3/build/teleop_tools' returned '0': AMENT_PREFIX_PATH=/home/pradeshi/ros2_ws3/install/joy_teleop:/home/pradeshi/ros2_ws3/install/teleop_tools_msgs:/home/pradeshi/ros2_ws3/install/key_teleop:${AMENT_PREFIX_PATH} CMAKE_PREFIX_PATH=/home/pradeshi/ros2_ws3/install/teleop_tools_msgs:/home/pradeshi/ros2_ws3/install/lane_detector:/opt/ros/humble LD_LIBRARY_PATH=/home/pradeshi/ros2_ws3/install/teleop_tools_msgs/lib:${LD_LIBRARY_PATH} PYTHONPATH=/home/pradeshi/ros2_ws3/install/joy_teleop/lib/python3.10/site-packages:/home/pradeshi/ros2_ws3/install/teleop_tools_msgs/local/lib/python3.10/dist-packages:/home/pradeshi/ros2_ws3/install/key_teleop/lib/python3.10/site-packages:${PYTHONPATH} /usr/bin/cmake --install /home/pradeshi/ros2_ws3/build/teleop_tools
