[0.637s] Invoking command in '/home/pradeshi/ros2_ws3/src/lane_detector': PYTHONPATH=/home/pradeshi/ros2_ws3/build/lane_detector/prefix_override:/home/pradeshi/ros2_ws3/install/lane_detector/lib/python3.10/site-packages:${PYTHONPATH} /usr/bin/python3 setup.py egg_info --egg-base ../../build/lane_detector build --build-base /home/pradeshi/ros2_ws3/build/lane_detector/build install --record /home/pradeshi/ros2_ws3/build/lane_detector/install.log --single-version-externally-managed
[0.902s] running egg_info
[0.904s] writing ../../build/lane_detector/lane_detector.egg-info/PKG-INFO
[0.904s] writing dependency_links to ../../build/lane_detector/lane_detector.egg-info/dependency_links.txt
[0.905s] writing entry points to ../../build/lane_detector/lane_detector.egg-info/entry_points.txt
[0.906s] writing requirements to ../../build/lane_detector/lane_detector.egg-info/requires.txt
[0.907s] writing top-level names to ../../build/lane_detector/lane_detector.egg-info/top_level.txt
[0.910s] reading manifest file '../../build/lane_detector/lane_detector.egg-info/SOURCES.txt'
[0.912s] writing manifest file '../../build/lane_detector/lane_detector.egg-info/SOURCES.txt'
[0.912s] running build
[0.913s] running build_py
[0.913s] running install
[0.914s] running install_lib
[0.916s] running install_data
[0.917s] running install_egg_info
[0.920s] removing '/home/pradeshi/ros2_ws3/install/lane_detector/lib/python3.10/site-packages/lane_detector-0.0.0-py3.10.egg-info' (and everything under it)
[0.926s] Copying ../../build/lane_detector/lane_detector.egg-info to /home/pradeshi/ros2_ws3/install/lane_detector/lib/python3.10/site-packages/lane_detector-0.0.0-py3.10.egg-info
[0.927s] running install_scripts
[0.963s] Installing opencv_sub script to /home/pradeshi/ros2_ws3/install/lane_detector/lib/lane_detector
[0.964s] Installing webcam_pub script to /home/pradeshi/ros2_ws3/install/lane_detector/lib/lane_detector
[0.965s] writing list of installed files to '/home/pradeshi/ros2_ws3/build/lane_detector/install.log'
[1.032s] Invoked command in '/home/pradeshi/ros2_ws3/src/lane_detector' returned '0': PYTHONPATH=/home/pradeshi/ros2_ws3/build/lane_detector/prefix_override:/home/pradeshi/ros2_ws3/install/lane_detector/lib/python3.10/site-packages:${PYTHONPATH} /usr/bin/python3 setup.py egg_info --egg-base ../../build/lane_detector build --build-base /home/pradeshi/ros2_ws3/build/lane_detector/build install --record /home/pradeshi/ros2_ws3/build/lane_detector/install.log --single-version-externally-managed
