[0.773s] DEBUG:colcon:Command line arguments: ['/usr/bin/colcon', 'build']
[0.774s] DEBUG:colcon:Parsed command line arguments: Namespace(log_base=None, log_level=None, verb_name='build', build_base='build', install_base='install', merge_install=False, symlink_install=False, test_result_base=None, continue_on_error=False, executor='parallel', parallel_workers=2, event_handlers=None, ignore_user_meta=False, metas=['./colcon.meta'], base_paths=['.'], packages_ignore=None, packages_ignore_regex=None, paths=None, packages_up_to=None, packages_up_to_regex=None, packages_above=None, packages_above_and_dependencies=None, packages_above_depth=None, packages_select_by_dep=None, packages_skip_by_dep=None, packages_skip_up_to=None, packages_select_build_failed=False, packages_skip_build_finished=False, packages_select_test_failures=False, packages_skip_test_passed=False, packages_select=None, packages_skip=None, packages_select_regex=None, packages_skip_regex=None, packages_start=None, packages_end=None, allow_overriding=[], cmake_args=None, cmake_target=None, cmake_target_skip_unavailable=False, cmake_clean_cache=False, cmake_clean_first=False, cmake_force_configure=False, ament_cmake_args=None, catkin_cmake_args=None, catkin_skip_building_tests=False, verb_parser=<colcon_defaults.argument_parser.defaults.DefaultArgumentsDecorator object at 0x7f5545ea1db0>, verb_extension=<colcon_core.verb.build.BuildVerb object at 0x7f5545ea1840>, main=<bound method BuildVerb.main of <colcon_core.verb.build.BuildVerb object at 0x7f5545ea1840>>)
[0.815s] Level 1:colcon.colcon_core.package_discovery:discover_packages(colcon_meta) check parameters
[0.815s] Level 1:colcon.colcon_core.package_discovery:discover_packages(recursive) check parameters
[0.815s] Level 1:colcon.colcon_core.package_discovery:discover_packages(ignore) check parameters
[0.815s] Level 1:colcon.colcon_core.package_discovery:discover_packages(path) check parameters
[0.816s] Level 1:colcon.colcon_core.package_discovery:discover_packages(colcon_meta) discover
[0.816s] Level 1:colcon.colcon_core.package_discovery:discover_packages(recursive) discover
[0.816s] INFO:colcon.colcon_core.package_discovery:Crawling recursively for packages in '/home/pradeshi/ros2_ws3'
[0.816s] Level 1:colcon.colcon_core.package_identification:_identify(.) by extensions ['ignore', 'ignore_ament_install']
[0.816s] Level 1:colcon.colcon_core.package_identification:_identify(.) by extension 'ignore'
[0.816s] Level 1:colcon.colcon_core.package_identification:_identify(.) by extension 'ignore_ament_install'
[0.816s] Level 1:colcon.colcon_core.package_identification:_identify(.) by extensions ['colcon_pkg']
[0.816s] Level 1:colcon.colcon_core.package_identification:_identify(.) by extension 'colcon_pkg'
[0.816s] Level 1:colcon.colcon_core.package_identification:_identify(.) by extensions ['colcon_meta']
[0.816s] Level 1:colcon.colcon_core.package_identification:_identify(.) by extension 'colcon_meta'
[0.816s] Level 1:colcon.colcon_core.package_identification:_identify(.) by extensions ['ros']
[0.816s] Level 1:colcon.colcon_core.package_identification:_identify(.) by extension 'ros'
[0.838s] Level 1:colcon.colcon_core.package_identification:_identify(.) by extensions ['cmake', 'python']
[0.838s] Level 1:colcon.colcon_core.package_identification:_identify(.) by extension 'cmake'
[0.838s] Level 1:colcon.colcon_core.package_identification:_identify(.) by extension 'python'
[0.838s] Level 1:colcon.colcon_core.package_identification:_identify(.) by extensions ['python_setup_py']
[0.838s] Level 1:colcon.colcon_core.package_identification:_identify(.) by extension 'python_setup_py'
[0.838s] Level 1:colcon.colcon_core.package_identification:_identify(build) by extensions ['ignore', 'ignore_ament_install']
[0.839s] Level 1:colcon.colcon_core.package_identification:_identify(build) by extension 'ignore'
[0.839s] Level 1:colcon.colcon_core.package_identification:_identify(build) ignored
[0.839s] Level 1:colcon.colcon_core.package_identification:_identify(install) by extensions ['ignore', 'ignore_ament_install']
[0.839s] Level 1:colcon.colcon_core.package_identification:_identify(install) by extension 'ignore'
[0.839s] Level 1:colcon.colcon_core.package_identification:_identify(install) ignored
[0.839s] Level 1:colcon.colcon_core.package_identification:_identify(log) by extensions ['ignore', 'ignore_ament_install']
[0.840s] Level 1:colcon.colcon_core.package_identification:_identify(log) by extension 'ignore'
[0.840s] Level 1:colcon.colcon_core.package_identification:_identify(log) ignored
[0.840s] Level 1:colcon.colcon_core.package_identification:_identify(src) by extensions ['ignore', 'ignore_ament_install']
[0.840s] Level 1:colcon.colcon_core.package_identification:_identify(src) by extension 'ignore'
[0.840s] Level 1:colcon.colcon_core.package_identification:_identify(src) by extension 'ignore_ament_install'
[0.840s] Level 1:colcon.colcon_core.package_identification:_identify(src) by extensions ['colcon_pkg']
[0.840s] Level 1:colcon.colcon_core.package_identification:_identify(src) by extension 'colcon_pkg'
[0.840s] Level 1:colcon.colcon_core.package_identification:_identify(src) by extensions ['colcon_meta']
[0.840s] Level 1:colcon.colcon_core.package_identification:_identify(src) by extension 'colcon_meta'
[0.840s] Level 1:colcon.colcon_core.package_identification:_identify(src) by extensions ['ros']
[0.840s] Level 1:colcon.colcon_core.package_identification:_identify(src) by extension 'ros'
[0.840s] Level 1:colcon.colcon_core.package_identification:_identify(src) by extensions ['cmake', 'python']
[0.840s] Level 1:colcon.colcon_core.package_identification:_identify(src) by extension 'cmake'
[0.841s] Level 1:colcon.colcon_core.package_identification:_identify(src) by extension 'python'
[0.841s] Level 1:colcon.colcon_core.package_identification:_identify(src) by extensions ['python_setup_py']
[0.841s] Level 1:colcon.colcon_core.package_identification:_identify(src) by extension 'python_setup_py'
[0.841s] Level 1:colcon.colcon_core.package_identification:_identify(src/lane_detector) by extensions ['ignore', 'ignore_ament_install']
[0.841s] Level 1:colcon.colcon_core.package_identification:_identify(src/lane_detector) by extension 'ignore'
[0.841s] Level 1:colcon.colcon_core.package_identification:_identify(src/lane_detector) by extension 'ignore_ament_install'
[0.841s] Level 1:colcon.colcon_core.package_identification:_identify(src/lane_detector) by extensions ['colcon_pkg']
[0.841s] Level 1:colcon.colcon_core.package_identification:_identify(src/lane_detector) by extension 'colcon_pkg'
[0.841s] Level 1:colcon.colcon_core.package_identification:_identify(src/lane_detector) by extensions ['colcon_meta']
[0.841s] Level 1:colcon.colcon_core.package_identification:_identify(src/lane_detector) by extension 'colcon_meta'
[0.841s] Level 1:colcon.colcon_core.package_identification:_identify(src/lane_detector) by extensions ['ros']
[0.841s] Level 1:colcon.colcon_core.package_identification:_identify(src/lane_detector) by extension 'ros'
[0.846s] DEBUG:colcon.colcon_core.package_identification:Package 'src/lane_detector' with type 'ros.ament_python' and name 'lane_detector'
[0.846s] Level 1:colcon.colcon_core.package_discovery:discover_packages(recursive) using defaults
[0.847s] Level 1:colcon.colcon_core.package_discovery:discover_packages(ignore) discover
[0.847s] Level 1:colcon.colcon_core.package_discovery:discover_packages(ignore) using defaults
[0.847s] Level 1:colcon.colcon_core.package_discovery:discover_packages(path) discover
[0.847s] Level 1:colcon.colcon_core.package_discovery:discover_packages(path) using defaults
[0.889s] Level 1:colcon.colcon_core.package_discovery:discover_packages(prefix_path) check parameters
[0.890s] Level 1:colcon.colcon_core.package_discovery:discover_packages(prefix_path) discover
[0.894s] DEBUG:colcon.colcon_installed_package_information.package_discovery:Found 1 installed packages in /home/pradeshi/ros2_ws3/install
[0.896s] DEBUG:colcon.colcon_installed_package_information.package_discovery:Found 0 installed packages in /home/pradeshi/ros2_ws1/install
[0.899s] DEBUG:colcon.colcon_installed_package_information.package_discovery:Found 270 installed packages in /opt/ros/humble
[0.902s] Level 1:colcon.colcon_core.package_discovery:discover_packages(prefix_path) using defaults
[1.006s] Level 5:colcon.colcon_core.verb:set package 'lane_detector' build argument 'cmake_args' from command line to 'None'
[1.007s] Level 5:colcon.colcon_core.verb:set package 'lane_detector' build argument 'cmake_target' from command line to 'None'
[1.007s] Level 5:colcon.colcon_core.verb:set package 'lane_detector' build argument 'cmake_target_skip_unavailable' from command line to 'False'
[1.007s] Level 5:colcon.colcon_core.verb:set package 'lane_detector' build argument 'cmake_clean_cache' from command line to 'False'
[1.007s] Level 5:colcon.colcon_core.verb:set package 'lane_detector' build argument 'cmake_clean_first' from command line to 'False'
[1.007s] Level 5:colcon.colcon_core.verb:set package 'lane_detector' build argument 'cmake_force_configure' from command line to 'False'
[1.007s] Level 5:colcon.colcon_core.verb:set package 'lane_detector' build argument 'ament_cmake_args' from command line to 'None'
[1.007s] Level 5:colcon.colcon_core.verb:set package 'lane_detector' build argument 'catkin_cmake_args' from command line to 'None'
[1.007s] Level 5:colcon.colcon_core.verb:set package 'lane_detector' build argument 'catkin_skip_building_tests' from command line to 'False'
[1.007s] DEBUG:colcon.colcon_core.verb:Building package 'lane_detector' with the following arguments: {'ament_cmake_args': None, 'build_base': '/home/pradeshi/ros2_ws3/build/lane_detector', 'catkin_cmake_args': None, 'catkin_skip_building_tests': False, 'cmake_args': None, 'cmake_clean_cache': False, 'cmake_clean_first': False, 'cmake_force_configure': False, 'cmake_target': None, 'cmake_target_skip_unavailable': False, 'install_base': '/home/pradeshi/ros2_ws3/install/lane_detector', 'merge_install': False, 'path': '/home/pradeshi/ros2_ws3/src/lane_detector', 'symlink_install': False, 'test_result_base': None}
[1.008s] INFO:colcon.colcon_core.executor:Executing jobs using 'parallel' executor
[1.015s] DEBUG:colcon.colcon_parallel_executor.executor.parallel:run_until_complete
[1.015s] INFO:colcon.colcon_ros.task.ament_python.build:Building ROS package in '/home/pradeshi/ros2_ws3/src/lane_detector' with build type 'ament_python'
[1.016s] Level 1:colcon.colcon_core.shell:create_environment_hook('lane_detector', 'ament_prefix_path')
[1.024s] INFO:colcon.colcon_core.plugin_system:Skipping extension 'colcon_core.shell.bat': Not used on non-Windows systems
[1.025s] INFO:colcon.colcon_core.shell:Creating environment hook '/home/pradeshi/ros2_ws3/install/lane_detector/share/lane_detector/hook/ament_prefix_path.ps1'
[1.027s] INFO:colcon.colcon_core.shell:Creating environment descriptor '/home/pradeshi/ros2_ws3/install/lane_detector/share/lane_detector/hook/ament_prefix_path.dsv'
[1.029s] INFO:colcon.colcon_core.shell:Creating environment hook '/home/pradeshi/ros2_ws3/install/lane_detector/share/lane_detector/hook/ament_prefix_path.sh'
[1.035s] INFO:colcon.colcon_core.shell:Skip shell extension 'powershell' for command environment: Not usable outside of PowerShell
[1.035s] DEBUG:colcon.colcon_core.shell:Skip shell extension 'dsv' for command environment
[1.626s] INFO:colcon.colcon_core.task.python.build:Building Python package in '/home/pradeshi/ros2_ws3/src/lane_detector'
[1.628s] INFO:colcon.colcon_core.shell:Skip shell extension 'powershell' for command environment: Not usable outside of PowerShell
[1.628s] DEBUG:colcon.colcon_core.shell:Skip shell extension 'dsv' for command environment
[2.444s] DEBUG:colcon.colcon_core.event_handler.log_command:Invoking command in '/home/pradeshi/ros2_ws3/build/lane_detector': PYTHONPATH=/home/pradeshi/ros2_ws3/build/lane_detector/prefix_override:/home/pradeshi/ros2_ws3/install/lane_detector/lib/python3.10/site-packages:${PYTHONPATH} /usr/bin/python3 setup.py develop --uninstall --editable --build-directory /home/pradeshi/ros2_ws3/build/lane_detector/build
[3.372s] DEBUG:colcon.colcon_core.event_handler.log_command:Invoked command in '/home/pradeshi/ros2_ws3/build/lane_detector' returned '0': PYTHONPATH=/home/pradeshi/ros2_ws3/build/lane_detector/prefix_override:/home/pradeshi/ros2_ws3/install/lane_detector/lib/python3.10/site-packages:${PYTHONPATH} /usr/bin/python3 setup.py develop --uninstall --editable --build-directory /home/pradeshi/ros2_ws3/build/lane_detector/build
[3.376s] DEBUG:colcon.colcon_core.event_handler.log_command:Invoking command in '/home/pradeshi/ros2_ws3/src/lane_detector': PYTHONPATH=/home/pradeshi/ros2_ws3/build/lane_detector/prefix_override:/home/pradeshi/ros2_ws3/install/lane_detector/lib/python3.10/site-packages:${PYTHONPATH} /usr/bin/python3 setup.py egg_info --egg-base ../../build/lane_detector build --build-base /home/pradeshi/ros2_ws3/build/lane_detector/build install --record /home/pradeshi/ros2_ws3/build/lane_detector/install.log --single-version-externally-managed
[3.985s] DEBUG:colcon.colcon_core.event_handler.log_command:Invoked command in '/home/pradeshi/ros2_ws3/src/lane_detector' returned '0': PYTHONPATH=/home/pradeshi/ros2_ws3/build/lane_detector/prefix_override:/home/pradeshi/ros2_ws3/install/lane_detector/lib/python3.10/site-packages:${PYTHONPATH} /usr/bin/python3 setup.py egg_info --egg-base ../../build/lane_detector build --build-base /home/pradeshi/ros2_ws3/build/lane_detector/build install --record /home/pradeshi/ros2_ws3/build/lane_detector/install.log --single-version-externally-managed
[3.995s] Level 1:colcon.colcon_core.environment:checking '/home/pradeshi/ros2_ws3/install/lane_detector' for CMake module files
[3.996s] Level 1:colcon.colcon_core.environment:checking '/home/pradeshi/ros2_ws3/install/lane_detector' for CMake config files
[3.999s] Level 1:colcon.colcon_core.environment:checking '/home/pradeshi/ros2_ws3/install/lane_detector/lib'
[3.999s] Level 1:colcon.colcon_core.environment:checking '/home/pradeshi/ros2_ws3/install/lane_detector/bin'
[4.000s] Level 1:colcon.colcon_core.environment:checking '/home/pradeshi/ros2_ws3/install/lane_detector/lib/pkgconfig/lane_detector.pc'
[4.002s] Level 1:colcon.colcon_core.environment:checking '/home/pradeshi/ros2_ws3/install/lane_detector/lib/python3.10/site-packages'
[4.002s] Level 1:colcon.colcon_core.shell:create_environment_hook('lane_detector', 'pythonpath')
[4.006s] INFO:colcon.colcon_core.shell:Creating environment hook '/home/pradeshi/ros2_ws3/install/lane_detector/share/lane_detector/hook/pythonpath.ps1'
[4.008s] INFO:colcon.colcon_core.shell:Creating environment descriptor '/home/pradeshi/ros2_ws3/install/lane_detector/share/lane_detector/hook/pythonpath.dsv'
[4.009s] INFO:colcon.colcon_core.shell:Creating environment hook '/home/pradeshi/ros2_ws3/install/lane_detector/share/lane_detector/hook/pythonpath.sh'
[4.011s] Level 1:colcon.colcon_core.environment:checking '/home/pradeshi/ros2_ws3/install/lane_detector/bin'
[4.011s] Level 1:colcon.colcon_core.environment:create_environment_scripts_only(lane_detector)
[4.015s] INFO:colcon.colcon_core.shell:Creating package script '/home/pradeshi/ros2_ws3/install/lane_detector/share/lane_detector/package.ps1'
[4.018s] INFO:colcon.colcon_core.shell:Creating package descriptor '/home/pradeshi/ros2_ws3/install/lane_detector/share/lane_detector/package.dsv'
[4.020s] INFO:colcon.colcon_core.shell:Creating package script '/home/pradeshi/ros2_ws3/install/lane_detector/share/lane_detector/package.sh'
[4.023s] INFO:colcon.colcon_core.shell:Creating package script '/home/pradeshi/ros2_ws3/install/lane_detector/share/lane_detector/package.bash'
[4.026s] INFO:colcon.colcon_core.shell:Creating package script '/home/pradeshi/ros2_ws3/install/lane_detector/share/lane_detector/package.zsh'
[4.028s] Level 1:colcon.colcon_core.environment:create_file_with_runtime_dependencies(/home/pradeshi/ros2_ws3/install/lane_detector/share/colcon-core/packages/lane_detector)
[4.029s] DEBUG:colcon.colcon_parallel_executor.executor.parallel:closing loop
[4.030s] DEBUG:colcon.colcon_parallel_executor.executor.parallel:loop closed
[4.031s] DEBUG:colcon.colcon_parallel_executor.executor.parallel:run_until_complete finished with '0'
[4.032s] DEBUG:colcon.colcon_core.event_reactor:joining thread
[4.045s] INFO:colcon.colcon_core.plugin_system:Skipping extension 'colcon_notification.desktop_notification.terminal_notifier': Not used on non-Darwin systems
[4.046s] INFO:colcon.colcon_core.plugin_system:Skipping extension 'colcon_notification.desktop_notification.win32': Not used on non-Windows systems
[4.046s] INFO:colcon.colcon_notification.desktop_notification:Sending desktop notification using 'notify2'
[4.070s] DEBUG:colcon.colcon_core.event_reactor:joined thread
[4.073s] INFO:colcon.colcon_core.shell:Creating prefix script '/home/pradeshi/ros2_ws3/install/local_setup.ps1'
[4.075s] INFO:colcon.colcon_core.shell:Creating prefix util module '/home/pradeshi/ros2_ws3/install/_local_setup_util_ps1.py'
[4.080s] INFO:colcon.colcon_core.shell:Creating prefix chain script '/home/pradeshi/ros2_ws3/install/setup.ps1'
[4.083s] INFO:colcon.colcon_core.shell:Creating prefix script '/home/pradeshi/ros2_ws3/install/local_setup.sh'
[4.085s] INFO:colcon.colcon_core.shell:Creating prefix util module '/home/pradeshi/ros2_ws3/install/_local_setup_util_sh.py'
[4.090s] INFO:colcon.colcon_core.shell:Creating prefix chain script '/home/pradeshi/ros2_ws3/install/setup.sh'
[4.094s] INFO:colcon.colcon_core.shell:Creating prefix script '/home/pradeshi/ros2_ws3/install/local_setup.bash'
[4.097s] INFO:colcon.colcon_core.shell:Creating prefix chain script '/home/pradeshi/ros2_ws3/install/setup.bash'
[4.102s] INFO:colcon.colcon_core.shell:Creating prefix script '/home/pradeshi/ros2_ws3/install/local_setup.zsh'
[4.105s] INFO:colcon.colcon_core.shell:Creating prefix chain script '/home/pradeshi/ros2_ws3/install/setup.zsh'
