[0.722s] DEBUG:colcon:Command line arguments: ['/usr/bin/colcon', 'build']
[0.722s] DEBUG:colcon:Parsed command line arguments: Namespace(log_base=None, log_level=None, verb_name='build', build_base='build', install_base='install', merge_install=False, symlink_install=False, test_result_base=None, continue_on_error=False, executor='parallel', parallel_workers=2, event_handlers=None, ignore_user_meta=False, metas=['./colcon.meta'], base_paths=['.'], packages_ignore=None, packages_ignore_regex=None, paths=None, packages_up_to=None, packages_up_to_regex=None, packages_above=None, packages_above_and_dependencies=None, packages_above_depth=None, packages_select_by_dep=None, packages_skip_by_dep=None, packages_skip_up_to=None, packages_select_build_failed=False, packages_skip_build_finished=False, packages_select_test_failures=False, packages_skip_test_passed=False, packages_select=None, packages_skip=None, packages_select_regex=None, packages_skip_regex=None, packages_start=None, packages_end=None, allow_overriding=[], cmake_args=None, cmake_target=None, cmake_target_skip_unavailable=False, cmake_clean_cache=False, cmake_clean_first=False, cmake_force_configure=False, ament_cmake_args=None, catkin_cmake_args=None, catkin_skip_building_tests=False, verb_parser=<colcon_defaults.argument_parser.defaults.DefaultArgumentsDecorator object at 0x7f8a69d31ea0>, verb_extension=<colcon_core.verb.build.BuildVerb object at 0x7f8a69d31930>, main=<bound method BuildVerb.main of <colcon_core.verb.build.BuildVerb object at 0x7f8a69d31930>>)
[0.790s] Level 1:colcon.colcon_core.package_discovery:discover_packages(colcon_meta) check parameters
[0.790s] Level 1:colcon.colcon_core.package_discovery:discover_packages(recursive) check parameters
[0.790s] Level 1:colcon.colcon_core.package_discovery:discover_packages(ignore) check parameters
[0.790s] Level 1:colcon.colcon_core.package_discovery:discover_packages(path) check parameters
[0.790s] Level 1:colcon.colcon_core.package_discovery:discover_packages(colcon_meta) discover
[0.790s] Level 1:colcon.colcon_core.package_discovery:discover_packages(recursive) discover
[0.790s] INFO:colcon.colcon_core.package_discovery:Crawling recursively for packages in '/home/pradeshi/ros2_ws3'
[0.790s] Level 1:colcon.colcon_core.package_identification:_identify(.) by extensions ['ignore', 'ignore_ament_install']
[0.791s] Level 1:colcon.colcon_core.package_identification:_identify(.) by extension 'ignore'
[0.791s] Level 1:colcon.colcon_core.package_identification:_identify(.) by extension 'ignore_ament_install'
[0.791s] Level 1:colcon.colcon_core.package_identification:_identify(.) by extensions ['colcon_pkg']
[0.791s] Level 1:colcon.colcon_core.package_identification:_identify(.) by extension 'colcon_pkg'
[0.791s] Level 1:colcon.colcon_core.package_identification:_identify(.) by extensions ['colcon_meta']
[0.791s] Level 1:colcon.colcon_core.package_identification:_identify(.) by extension 'colcon_meta'
[0.791s] Level 1:colcon.colcon_core.package_identification:_identify(.) by extensions ['ros']
[0.791s] Level 1:colcon.colcon_core.package_identification:_identify(.) by extension 'ros'
[0.808s] Level 1:colcon.colcon_core.package_identification:_identify(.) by extensions ['cmake', 'python']
[0.808s] Level 1:colcon.colcon_core.package_identification:_identify(.) by extension 'cmake'
[0.808s] Level 1:colcon.colcon_core.package_identification:_identify(.) by extension 'python'
[0.808s] Level 1:colcon.colcon_core.package_identification:_identify(.) by extensions ['python_setup_py']
[0.808s] Level 1:colcon.colcon_core.package_identification:_identify(.) by extension 'python_setup_py'
[0.809s] Level 1:colcon.colcon_core.package_identification:_identify(build) by extensions ['ignore', 'ignore_ament_install']
[0.809s] Level 1:colcon.colcon_core.package_identification:_identify(build) by extension 'ignore'
[0.809s] Level 1:colcon.colcon_core.package_identification:_identify(build) ignored
[0.809s] Level 1:colcon.colcon_core.package_identification:_identify(install) by extensions ['ignore', 'ignore_ament_install']
[0.809s] Level 1:colcon.colcon_core.package_identification:_identify(install) by extension 'ignore'
[0.809s] Level 1:colcon.colcon_core.package_identification:_identify(install) ignored
[0.810s] Level 1:colcon.colcon_core.package_identification:_identify(log) by extensions ['ignore', 'ignore_ament_install']
[0.810s] Level 1:colcon.colcon_core.package_identification:_identify(log) by extension 'ignore'
[0.810s] Level 1:colcon.colcon_core.package_identification:_identify(log) ignored
[0.810s] Level 1:colcon.colcon_core.package_identification:_identify(src) by extensions ['ignore', 'ignore_ament_install']
[0.811s] Level 1:colcon.colcon_core.package_identification:_identify(src) by extension 'ignore'
[0.811s] Level 1:colcon.colcon_core.package_identification:_identify(src) by extension 'ignore_ament_install'
[0.811s] Level 1:colcon.colcon_core.package_identification:_identify(src) by extensions ['colcon_pkg']
[0.811s] Level 1:colcon.colcon_core.package_identification:_identify(src) by extension 'colcon_pkg'
[0.811s] Level 1:colcon.colcon_core.package_identification:_identify(src) by extensions ['colcon_meta']
[0.811s] Level 1:colcon.colcon_core.package_identification:_identify(src) by extension 'colcon_meta'
[0.811s] Level 1:colcon.colcon_core.package_identification:_identify(src) by extensions ['ros']
[0.811s] Level 1:colcon.colcon_core.package_identification:_identify(src) by extension 'ros'
[0.811s] Level 1:colcon.colcon_core.package_identification:_identify(src) by extensions ['cmake', 'python']
[0.811s] Level 1:colcon.colcon_core.package_identification:_identify(src) by extension 'cmake'
[0.811s] Level 1:colcon.colcon_core.package_identification:_identify(src) by extension 'python'
[0.811s] Level 1:colcon.colcon_core.package_identification:_identify(src) by extensions ['python_setup_py']
[0.811s] Level 1:colcon.colcon_core.package_identification:_identify(src) by extension 'python_setup_py'
[0.812s] Level 1:colcon.colcon_core.package_identification:_identify(src/lane_detector) by extensions ['ignore', 'ignore_ament_install']
[0.812s] Level 1:colcon.colcon_core.package_identification:_identify(src/lane_detector) by extension 'ignore'
[0.812s] Level 1:colcon.colcon_core.package_identification:_identify(src/lane_detector) by extension 'ignore_ament_install'
[0.813s] Level 1:colcon.colcon_core.package_identification:_identify(src/lane_detector) by extensions ['colcon_pkg']
[0.813s] Level 1:colcon.colcon_core.package_identification:_identify(src/lane_detector) by extension 'colcon_pkg'
[0.813s] Level 1:colcon.colcon_core.package_identification:_identify(src/lane_detector) by extensions ['colcon_meta']
[0.813s] Level 1:colcon.colcon_core.package_identification:_identify(src/lane_detector) by extension 'colcon_meta'
[0.813s] Level 1:colcon.colcon_core.package_identification:_identify(src/lane_detector) by extensions ['ros']
[0.813s] Level 1:colcon.colcon_core.package_identification:_identify(src/lane_detector) by extension 'ros'
[0.818s] DEBUG:colcon.colcon_core.package_identification:Package 'src/lane_detector' with type 'ros.ament_python' and name 'lane_detector'
[0.818s] Level 1:colcon.colcon_core.package_discovery:discover_packages(recursive) using defaults
[0.818s] Level 1:colcon.colcon_core.package_discovery:discover_packages(ignore) discover
[0.818s] Level 1:colcon.colcon_core.package_discovery:discover_packages(ignore) using defaults
[0.818s] Level 1:colcon.colcon_core.package_discovery:discover_packages(path) discover
[0.818s] Level 1:colcon.colcon_core.package_discovery:discover_packages(path) using defaults
[0.869s] Level 1:colcon.colcon_core.package_discovery:discover_packages(prefix_path) check parameters
[0.870s] Level 1:colcon.colcon_core.package_discovery:discover_packages(prefix_path) discover
[0.878s] DEBUG:colcon.colcon_installed_package_information.package_discovery:Found 1 installed packages in /home/pradeshi/ros2_ws3/install
[0.881s] DEBUG:colcon.colcon_installed_package_information.package_discovery:Found 0 installed packages in /home/pradeshi/ros2_ws1/install
[0.886s] DEBUG:colcon.colcon_installed_package_information.package_discovery:Found 270 installed packages in /opt/ros/humble
[0.887s] Level 1:colcon.colcon_core.package_discovery:discover_packages(prefix_path) using defaults
[1.032s] Level 5:colcon.colcon_core.verb:set package 'lane_detector' build argument 'cmake_args' from command line to 'None'
[1.033s] Level 5:colcon.colcon_core.verb:set package 'lane_detector' build argument 'cmake_target' from command line to 'None'
[1.033s] Level 5:colcon.colcon_core.verb:set package 'lane_detector' build argument 'cmake_target_skip_unavailable' from command line to 'False'
[1.033s] Level 5:colcon.colcon_core.verb:set package 'lane_detector' build argument 'cmake_clean_cache' from command line to 'False'
[1.033s] Level 5:colcon.colcon_core.verb:set package 'lane_detector' build argument 'cmake_clean_first' from command line to 'False'
[1.033s] Level 5:colcon.colcon_core.verb:set package 'lane_detector' build argument 'cmake_force_configure' from command line to 'False'
[1.033s] Level 5:colcon.colcon_core.verb:set package 'lane_detector' build argument 'ament_cmake_args' from command line to 'None'
[1.033s] Level 5:colcon.colcon_core.verb:set package 'lane_detector' build argument 'catkin_cmake_args' from command line to 'None'
[1.033s] Level 5:colcon.colcon_core.verb:set package 'lane_detector' build argument 'catkin_skip_building_tests' from command line to 'False'
[1.033s] DEBUG:colcon.colcon_core.verb:Building package 'lane_detector' with the following arguments: {'ament_cmake_args': None, 'build_base': '/home/pradeshi/ros2_ws3/build/lane_detector', 'catkin_cmake_args': None, 'catkin_skip_building_tests': False, 'cmake_args': None, 'cmake_clean_cache': False, 'cmake_clean_first': False, 'cmake_force_configure': False, 'cmake_target': None, 'cmake_target_skip_unavailable': False, 'install_base': '/home/pradeshi/ros2_ws3/install/lane_detector', 'merge_install': False, 'path': '/home/pradeshi/ros2_ws3/src/lane_detector', 'symlink_install': False, 'test_result_base': None}
[1.034s] INFO:colcon.colcon_core.executor:Executing jobs using 'parallel' executor
[1.037s] DEBUG:colcon.colcon_parallel_executor.executor.parallel:run_until_complete
[1.038s] INFO:colcon.colcon_ros.task.ament_python.build:Building ROS package in '/home/pradeshi/ros2_ws3/src/lane_detector' with build type 'ament_python'
[1.039s] Level 1:colcon.colcon_core.shell:create_environment_hook('lane_detector', 'ament_prefix_path')
[1.055s] INFO:colcon.colcon_core.plugin_system:Skipping extension 'colcon_core.shell.bat': Not used on non-Windows systems
[1.056s] INFO:colcon.colcon_core.shell:Creating environment hook '/home/pradeshi/ros2_ws3/install/lane_detector/share/lane_detector/hook/ament_prefix_path.ps1'
[1.058s] INFO:colcon.colcon_core.shell:Creating environment descriptor '/home/pradeshi/ros2_ws3/install/lane_detector/share/lane_detector/hook/ament_prefix_path.dsv'
[1.061s] INFO:colcon.colcon_core.shell:Creating environment hook '/home/pradeshi/ros2_ws3/install/lane_detector/share/lane_detector/hook/ament_prefix_path.sh'
[1.064s] INFO:colcon.colcon_core.shell:Skip shell extension 'powershell' for command environment: Not usable outside of PowerShell
[1.064s] DEBUG:colcon.colcon_core.shell:Skip shell extension 'dsv' for command environment
[1.378s] INFO:colcon.colcon_core.task.python.build:Building Python package in '/home/pradeshi/ros2_ws3/src/lane_detector'
[1.379s] INFO:colcon.colcon_core.shell:Skip shell extension 'powershell' for command environment: Not usable outside of PowerShell
[1.379s] DEBUG:colcon.colcon_core.shell:Skip shell extension 'dsv' for command environment
[1.859s] DEBUG:colcon.colcon_core.event_handler.log_command:Invoking command in '/home/pradeshi/ros2_ws3/build/lane_detector': PYTHONPATH=/home/pradeshi/ros2_ws3/build/lane_detector/prefix_override:/home/pradeshi/ros2_ws3/install/lane_detector/lib/python3.10/site-packages:${PYTHONPATH} /usr/bin/python3 setup.py develop --uninstall --editable --build-directory /home/pradeshi/ros2_ws3/build/lane_detector/build
[2.366s] DEBUG:colcon.colcon_core.event_handler.log_command:Invoked command in '/home/pradeshi/ros2_ws3/build/lane_detector' returned '0': PYTHONPATH=/home/pradeshi/ros2_ws3/build/lane_detector/prefix_override:/home/pradeshi/ros2_ws3/install/lane_detector/lib/python3.10/site-packages:${PYTHONPATH} /usr/bin/python3 setup.py develop --uninstall --editable --build-directory /home/pradeshi/ros2_ws3/build/lane_detector/build
[2.366s] DEBUG:colcon.colcon_core.event_handler.log_command:Invoking command in '/home/pradeshi/ros2_ws3/src/lane_detector': PYTHONPATH=/home/pradeshi/ros2_ws3/build/lane_detector/prefix_override:/home/pradeshi/ros2_ws3/install/lane_detector/lib/python3.10/site-packages:${PYTHONPATH} /usr/bin/python3 setup.py egg_info --egg-base ../../build/lane_detector build --build-base /home/pradeshi/ros2_ws3/build/lane_detector/build install --record /home/pradeshi/ros2_ws3/build/lane_detector/install.log --single-version-externally-managed
[2.659s] DEBUG:colcon.colcon_core.event_handler.log_command:Invoked command in '/home/pradeshi/ros2_ws3/src/lane_detector' returned '0': PYTHONPATH=/home/pradeshi/ros2_ws3/build/lane_detector/prefix_override:/home/pradeshi/ros2_ws3/install/lane_detector/lib/python3.10/site-packages:${PYTHONPATH} /usr/bin/python3 setup.py egg_info --egg-base ../../build/lane_detector build --build-base /home/pradeshi/ros2_ws3/build/lane_detector/build install --record /home/pradeshi/ros2_ws3/build/lane_detector/install.log --single-version-externally-managed
[2.676s] Level 1:colcon.colcon_core.environment:checking '/home/pradeshi/ros2_ws3/install/lane_detector' for CMake module files
[2.678s] Level 1:colcon.colcon_core.environment:checking '/home/pradeshi/ros2_ws3/install/lane_detector' for CMake config files
[2.681s] Level 1:colcon.colcon_core.environment:checking '/home/pradeshi/ros2_ws3/install/lane_detector/lib'
[2.682s] Level 1:colcon.colcon_core.environment:checking '/home/pradeshi/ros2_ws3/install/lane_detector/bin'
[2.682s] Level 1:colcon.colcon_core.environment:checking '/home/pradeshi/ros2_ws3/install/lane_detector/lib/pkgconfig/lane_detector.pc'
[2.682s] Level 1:colcon.colcon_core.environment:checking '/home/pradeshi/ros2_ws3/install/lane_detector/lib/python3.10/site-packages'
[2.682s] Level 1:colcon.colcon_core.shell:create_environment_hook('lane_detector', 'pythonpath')
[2.683s] INFO:colcon.colcon_core.shell:Creating environment hook '/home/pradeshi/ros2_ws3/install/lane_detector/share/lane_detector/hook/pythonpath.ps1'
[2.684s] INFO:colcon.colcon_core.shell:Creating environment descriptor '/home/pradeshi/ros2_ws3/install/lane_detector/share/lane_detector/hook/pythonpath.dsv'
[2.685s] INFO:colcon.colcon_core.shell:Creating environment hook '/home/pradeshi/ros2_ws3/install/lane_detector/share/lane_detector/hook/pythonpath.sh'
[2.686s] Level 1:colcon.colcon_core.environment:checking '/home/pradeshi/ros2_ws3/install/lane_detector/bin'
[2.686s] Level 1:colcon.colcon_core.environment:create_environment_scripts_only(lane_detector)
[2.688s] INFO:colcon.colcon_core.shell:Creating package script '/home/pradeshi/ros2_ws3/install/lane_detector/share/lane_detector/package.ps1'
[2.692s] INFO:colcon.colcon_core.shell:Creating package descriptor '/home/pradeshi/ros2_ws3/install/lane_detector/share/lane_detector/package.dsv'
[2.695s] INFO:colcon.colcon_core.shell:Creating package script '/home/pradeshi/ros2_ws3/install/lane_detector/share/lane_detector/package.sh'
[2.698s] INFO:colcon.colcon_core.shell:Creating package script '/home/pradeshi/ros2_ws3/install/lane_detector/share/lane_detector/package.bash'
[2.700s] INFO:colcon.colcon_core.shell:Creating package script '/home/pradeshi/ros2_ws3/install/lane_detector/share/lane_detector/package.zsh'
[2.702s] Level 1:colcon.colcon_core.environment:create_file_with_runtime_dependencies(/home/pradeshi/ros2_ws3/install/lane_detector/share/colcon-core/packages/lane_detector)
[2.704s] DEBUG:colcon.colcon_parallel_executor.executor.parallel:closing loop
[2.705s] DEBUG:colcon.colcon_parallel_executor.executor.parallel:loop closed
[2.705s] DEBUG:colcon.colcon_parallel_executor.executor.parallel:run_until_complete finished with '0'
[2.705s] DEBUG:colcon.colcon_core.event_reactor:joining thread
[2.725s] INFO:colcon.colcon_core.plugin_system:Skipping extension 'colcon_notification.desktop_notification.terminal_notifier': Not used on non-Darwin systems
[2.725s] INFO:colcon.colcon_core.plugin_system:Skipping extension 'colcon_notification.desktop_notification.win32': Not used on non-Windows systems
[2.725s] INFO:colcon.colcon_notification.desktop_notification:Sending desktop notification using 'notify2'
[2.745s] DEBUG:colcon.colcon_core.event_reactor:joined thread
[2.747s] INFO:colcon.colcon_core.shell:Creating prefix script '/home/pradeshi/ros2_ws3/install/local_setup.ps1'
[2.748s] INFO:colcon.colcon_core.shell:Creating prefix util module '/home/pradeshi/ros2_ws3/install/_local_setup_util_ps1.py'
[2.750s] INFO:colcon.colcon_core.shell:Creating prefix chain script '/home/pradeshi/ros2_ws3/install/setup.ps1'
[2.756s] INFO:colcon.colcon_core.shell:Creating prefix script '/home/pradeshi/ros2_ws3/install/local_setup.sh'
[2.758s] INFO:colcon.colcon_core.shell:Creating prefix util module '/home/pradeshi/ros2_ws3/install/_local_setup_util_sh.py'
[2.759s] INFO:colcon.colcon_core.shell:Creating prefix chain script '/home/pradeshi/ros2_ws3/install/setup.sh'
[2.763s] INFO:colcon.colcon_core.shell:Creating prefix script '/home/pradeshi/ros2_ws3/install/local_setup.bash'
[2.765s] INFO:colcon.colcon_core.shell:Creating prefix chain script '/home/pradeshi/ros2_ws3/install/setup.bash'
[2.768s] INFO:colcon.colcon_core.shell:Creating prefix script '/home/pradeshi/ros2_ws3/install/local_setup.zsh'
[2.770s] INFO:colcon.colcon_core.shell:Creating prefix chain script '/home/pradeshi/ros2_ws3/install/setup.zsh'
