running egg_info
creating ../../build/lane_detector/lane_detector.egg-info
writing ../../build/lane_detector/lane_detector.egg-info/PKG-INFO
writing dependency_links to ../../build/lane_detector/lane_detector.egg-info/dependency_links.txt
writing entry points to ../../build/lane_detector/lane_detector.egg-info/entry_points.txt
writing requirements to ../../build/lane_detector/lane_detector.egg-info/requires.txt
writing top-level names to ../../build/lane_detector/lane_detector.egg-info/top_level.txt
writing manifest file '../../build/lane_detector/lane_detector.egg-info/SOURCES.txt'
reading manifest file '../../build/lane_detector/lane_detector.egg-info/SOURCES.txt'
writing manifest file '../../build/lane_detector/lane_detector.egg-info/SOURCES.txt'
running build
running build_py
creating /home/pradeshi/ros2_ws3/build/lane_detector/build
creating /home/pradeshi/ros2_ws3/build/lane_detector/build/lib
creating /home/pradeshi/ros2_ws3/build/lane_detector/build/lib/lane_detector
copying lane_detector/__init__.py -> /home/pradeshi/ros2_ws3/build/lane_detector/build/lib/lane_detector
running install
/usr/lib/python3/dist-packages/setuptools/command/install.py:34: SetuptoolsDeprecationWarning: setup.py install is deprecated. Use build and pip and other standards-based tools.
  warnings.warn(
running install_lib
creating /home/pradeshi/ros2_ws3/install/lane_detector/lib/python3.10/site-packages/lane_detector
copying /home/pradeshi/ros2_ws3/build/lane_detector/build/lib/lane_detector/__init__.py -> /home/pradeshi/ros2_ws3/install/lane_detector/lib/python3.10/site-packages/lane_detector
byte-compiling /home/pradeshi/ros2_ws3/install/lane_detector/lib/python3.10/site-packages/lane_detector/__init__.py to __init__.cpython-310.pyc
running install_data
creating /home/pradeshi/ros2_ws3/install/lane_detector/share/ament_index
creating /home/pradeshi/ros2_ws3/install/lane_detector/share/ament_index/resource_index
creating /home/pradeshi/ros2_ws3/install/lane_detector/share/ament_index/resource_index/packages
copying resource/lane_detector -> /home/pradeshi/ros2_ws3/install/lane_detector/share/ament_index/resource_index/packages
copying package.xml -> /home/pradeshi/ros2_ws3/install/lane_detector/share/lane_detector
running install_egg_info
Copying ../../build/lane_detector/lane_detector.egg-info to /home/pradeshi/ros2_ws3/install/lane_detector/lib/python3.10/site-packages/lane_detector-0.0.0-py3.10.egg-info
running install_scripts
writing list of installed files to '/home/pradeshi/ros2_ws3/build/lane_detector/install.log'
