[2.501s] Invoking command in '/home/pradeshi/ros2_ws3/src/lane_detector': PYTHONPATH=/home/pradeshi/ros2_ws3/build/lane_detector/prefix_override:/home/pradeshi/ros2_ws3/install/lane_detector/lib/python3.10/site-packages:${PYTHONPATH} /usr/bin/python3 setup.py egg_info --egg-base ../../build/lane_detector build --build-base /home/pradeshi/ros2_ws3/build/lane_detector/build install --record /home/pradeshi/ros2_ws3/build/lane_detector/install.log --single-version-externally-managed
[2.737s] running egg_info
[2.738s] creating ../../build/lane_detector/lane_detector.egg-info
[2.738s] writing ../../build/lane_detector/lane_detector.egg-info/PKG-INFO
[2.739s] writing dependency_links to ../../build/lane_detector/lane_detector.egg-info/dependency_links.txt
[2.739s] writing entry points to ../../build/lane_detector/lane_detector.egg-info/entry_points.txt
[2.740s] writing requirements to ../../build/lane_detector/lane_detector.egg-info/requires.txt
[2.740s] writing top-level names to ../../build/lane_detector/lane_detector.egg-info/top_level.txt
[2.741s] writing manifest file '../../build/lane_detector/lane_detector.egg-info/SOURCES.txt'
[2.744s] reading manifest file '../../build/lane_detector/lane_detector.egg-info/SOURCES.txt'
[2.744s] writing manifest file '../../build/lane_detector/lane_detector.egg-info/SOURCES.txt'
[2.745s] running build
[2.745s] running build_py
[2.746s] creating /home/pradeshi/ros2_ws3/build/lane_detector/build
[2.746s] creating /home/pradeshi/ros2_ws3/build/lane_detector/build/lib
[2.746s] creating /home/pradeshi/ros2_ws3/build/lane_detector/build/lib/lane_detector
[2.747s] copying lane_detector/__init__.py -> /home/pradeshi/ros2_ws3/build/lane_detector/build/lib/lane_detector
[2.747s] running install
[2.749s] /usr/lib/python3/dist-packages/setuptools/command/install.py:34: SetuptoolsDeprecationWarning: setup.py install is deprecated. Use build and pip and other standards-based tools.
[2.750s]   warnings.warn(
[2.750s] running install_lib
[2.757s] creating /home/pradeshi/ros2_ws3/install/lane_detector/lib/python3.10/site-packages/lane_detector
[2.757s] copying /home/pradeshi/ros2_ws3/build/lane_detector/build/lib/lane_detector/__init__.py -> /home/pradeshi/ros2_ws3/install/lane_detector/lib/python3.10/site-packages/lane_detector
[2.758s] byte-compiling /home/pradeshi/ros2_ws3/install/lane_detector/lib/python3.10/site-packages/lane_detector/__init__.py to __init__.cpython-310.pyc
[2.758s] running install_data
[2.758s] creating /home/pradeshi/ros2_ws3/install/lane_detector/share/ament_index
[2.758s] creating /home/pradeshi/ros2_ws3/install/lane_detector/share/ament_index/resource_index
[2.764s] creating /home/pradeshi/ros2_ws3/install/lane_detector/share/ament_index/resource_index/packages
[2.765s] copying resource/lane_detector -> /home/pradeshi/ros2_ws3/install/lane_detector/share/ament_index/resource_index/packages
[2.765s] copying package.xml -> /home/pradeshi/ros2_ws3/install/lane_detector/share/lane_detector
[2.765s] running install_egg_info
[2.766s] Copying ../../build/lane_detector/lane_detector.egg-info to /home/pradeshi/ros2_ws3/install/lane_detector/lib/python3.10/site-packages/lane_detector-0.0.0-py3.10.egg-info
[2.766s] running install_scripts
[2.795s] writing list of installed files to '/home/pradeshi/ros2_ws3/build/lane_detector/install.log'
[2.853s] Invoked command in '/home/pradeshi/ros2_ws3/src/lane_detector' returned '0': PYTHONPATH=/home/pradeshi/ros2_ws3/build/lane_detector/prefix_override:/home/pradeshi/ros2_ws3/install/lane_detector/lib/python3.10/site-packages:${PYTHONPATH} /usr/bin/python3 setup.py egg_info --egg-base ../../build/lane_detector build --build-base /home/pradeshi/ros2_ws3/build/lane_detector/build install --record /home/pradeshi/ros2_ws3/build/lane_detector/install.log --single-version-externally-managed
