[1.461s] Invoking command in '/home/pradeshi/ros2_ws3/build/lane_detector': PYTHONPATH=/home/pradeshi/ros2_ws3/build/lane_detector/prefix_override:/home/pradeshi/ros2_ws3/install/lane_detector/lib/python3.10/site-packages:${PYTHONPATH} /usr/bin/python3 setup.py develop --uninstall --editable --build-directory /home/pradeshi/ros2_ws3/build/lane_detector/build
[2.000s] running develop
[2.418s] Invoked command in '/home/pradeshi/ros2_ws3/build/lane_detector' returned '0': PYTHONPATH=/home/pradeshi/ros2_ws3/build/lane_detector/prefix_override:/home/pradeshi/ros2_ws3/install/lane_detector/lib/python3.10/site-packages:${PYTHONPATH} /usr/bin/python3 setup.py develop --uninstall --editable --build-directory /home/pradeshi/ros2_ws3/build/lane_detector/build
[2.419s] Invoking command in '/home/pradeshi/ros2_ws3/src/lane_detector': PYTHONPATH=/home/pradeshi/ros2_ws3/build/lane_detector/prefix_override:/home/pradeshi/ros2_ws3/install/lane_detector/lib/python3.10/site-packages:${PYTHONPATH} /usr/bin/python3 setup.py egg_info --egg-base ../../build/lane_detector build --build-base /home/pradeshi/ros2_ws3/build/lane_detector/build install --record /home/pradeshi/ros2_ws3/build/lane_detector/install.log --single-version-externally-managed
[2.915s] running egg_info
[2.916s] writing ../../build/lane_detector/lane_detector.egg-info/PKG-INFO
[2.917s] writing dependency_links to ../../build/lane_detector/lane_detector.egg-info/dependency_links.txt
[2.918s] writing entry points to ../../build/lane_detector/lane_detector.egg-info/entry_points.txt
[2.919s] writing requirements to ../../build/lane_detector/lane_detector.egg-info/requires.txt
[2.919s] writing top-level names to ../../build/lane_detector/lane_detector.egg-info/top_level.txt
[2.924s] reading manifest file '../../build/lane_detector/lane_detector.egg-info/SOURCES.txt'
[2.926s] writing manifest file '../../build/lane_detector/lane_detector.egg-info/SOURCES.txt'
[2.927s] running build
[2.927s] running build_py
[2.928s] running install
[2.928s] running install_lib
[2.931s] running install_data
[2.932s] running install_egg_info
[2.937s] removing '/home/pradeshi/ros2_ws3/install/lane_detector/lib/python3.10/site-packages/lane_detector-0.0.0-py3.10.egg-info' (and everything under it)
[2.937s] Copying ../../build/lane_detector/lane_detector.egg-info to /home/pradeshi/ros2_ws3/install/lane_detector/lib/python3.10/site-packages/lane_detector-0.0.0-py3.10.egg-info
[2.939s] running install_scripts
[2.979s] Installing opencv_sub script to /home/pradeshi/ros2_ws3/install/lane_detector/lib/lane_detector
[2.981s] Installing twist_sub script to /home/pradeshi/ros2_ws3/install/lane_detector/lib/lane_detector
[2.981s] Installing webcam_pub script to /home/pradeshi/ros2_ws3/install/lane_detector/lib/lane_detector
[2.982s] writing list of installed files to '/home/pradeshi/ros2_ws3/build/lane_detector/install.log'
[3.039s] Invoked command in '/home/pradeshi/ros2_ws3/src/lane_detector' returned '0': PYTHONPATH=/home/pradeshi/ros2_ws3/build/lane_detector/prefix_override:/home/pradeshi/ros2_ws3/install/lane_detector/lib/python3.10/site-packages:${PYTHONPATH} /usr/bin/python3 setup.py egg_info --egg-base ../../build/lane_detector build --build-base /home/pradeshi/ros2_ws3/build/lane_detector/build install --record /home/pradeshi/ros2_ws3/build/lane_detector/install.log --single-version-externally-managed
